L 06/12/2016 - 00:05:12: SourceMod error session started
L 06/12/2016 - 00:05:12: Info (map "workshop/206792994/gg_sex_fixed") (file "errors_20160612.log")
L 06/12/2016 - 00:05:12: Error log file session closed.
L 06/12/2016 - 00:06:12: SourceMod error session started
L 06/12/2016 - 00:06:12: Info (map "workshop/206792994/gg_sex_fixed") (file "errors_20160612.log")
L 06/12/2016 - 00:06:12: [SM] Plugin encountered error 25: Call was aborted
L 06/12/2016 - 00:06:12: [SM] Native "SetFailState" reported: [SAVM] Error with database : [2003]: Can't connect to MySQL server on '186.64.115.140' (4)
L 06/12/2016 - 00:06:12: [SM] Displaying call stack trace for plugin "SAVM.smx":
L 06/12/2016 - 00:06:12: [SM]   [0]  Line 387, C:\Users\Arkarr\Desktop\SAVM.sp::GotDatabase()
L 06/12/2016 - 00:21:46: Error log file session closed.
L 06/12/2016 - 00:22:46: SourceMod error session started
L 06/12/2016 - 00:22:46: Info (map "workshop/305015405/fy_repub") (file "errors_20160612.log")
L 06/12/2016 - 00:22:46: [SM] Plugin encountered error 25: Call was aborted
L 06/12/2016 - 00:22:46: [SM] Native "SetFailState" reported: [SAVM] Error with database : [2003]: Can't connect to MySQL server on '186.64.115.140' (4)
L 06/12/2016 - 00:22:46: [SM] Displaying call stack trace for plugin "SAVM.smx":
L 06/12/2016 - 00:22:46: [SM]   [0]  Line 387, C:\Users\Arkarr\Desktop\SAVM.sp::GotDatabase()
L 06/12/2016 - 00:50:34: SourceMod error session started
L 06/12/2016 - 00:50:34: Info (map "workshop/125651388/fy_snow_t0") (file "errors_20160612.log")
L 06/12/2016 - 00:50:34: [SM] Plugin encountered error 25: Call was aborted
L 06/12/2016 - 00:50:34: [SM] Native "SetFailState" reported: [SAVM] Error with database : [2003]: Can't connect to MySQL server on '186.64.115.140' (4)
L 06/12/2016 - 00:50:34: [SM] Displaying call stack trace for plugin "SAVM.smx":
L 06/12/2016 - 00:50:34: [SM]   [0]  Line 387, C:\Users\Arkarr\Desktop\SAVM.sp::GotDatabase()
L 06/12/2016 - 00:50:35: [SM] Native "IsClientInGame" reported: Client index 0 is invalid
L 06/12/2016 - 00:50:35: [SM] Displaying call stack trace for plugin "gungame_display_winner.smx":
L 06/12/2016 - 00:50:35: [SM]   [0]  Line 73, gungame_display_winner.sp::GG_OnLoadRank()
L 06/12/2016 - 00:50:58: Error log file session closed.
L 06/12/2016 - 00:51:58: SourceMod error session started
L 06/12/2016 - 00:51:58: Info (map "workshop/449416365/2_rooms_w") (file "errors_20160612.log")
L 06/12/2016 - 00:51:58: [SM] Plugin encountered error 25: Call was aborted
L 06/12/2016 - 00:51:58: [SM] Native "SetFailState" reported: [SAVM] Error with database : [2003]: Can't connect to MySQL server on '186.64.115.140' (4)
L 06/12/2016 - 00:51:58: [SM] Displaying call stack trace for plugin "SAVM.smx":
L 06/12/2016 - 00:51:58: [SM]   [0]  Line 387, C:\Users\Arkarr\Desktop\SAVM.sp::GotDatabase()
L 06/12/2016 - 00:59:53: Error log file session closed.
L 06/12/2016 - 01:00:55: SourceMod error session started
L 06/12/2016 - 01:00:55: Info (map "workshop/249814502/$2000$csgo") (file "errors_20160612.log")
L 06/12/2016 - 01:00:55: [SM] Plugin encountered error 25: Call was aborted
L 06/12/2016 - 01:00:55: [SM] Native "SetFailState" reported: [SAVM] Error with database : [2003]: Can't connect to MySQL server on '186.64.115.140' (4)
L 06/12/2016 - 01:00:55: [SM] Displaying call stack trace for plugin "SAVM.smx":
L 06/12/2016 - 01:00:55: [SM]   [0]  Line 387, C:\Users\Arkarr\Desktop\SAVM.sp::GotDatabase()
L 06/12/2016 - 01:08:40: Error log file session closed.
L 06/12/2016 - 01:09:40: SourceMod error session started
L 06/12/2016 - 01:09:40: Info (map "workshop/366218981/awp_lego_3") (file "errors_20160612.log")
L 06/12/2016 - 01:09:40: [SM] Plugin encountered error 25: Call was aborted
L 06/12/2016 - 01:09:40: [SM] Native "SetFailState" reported: [SAVM] Error with database : [2003]: Can't connect to MySQL server on '186.64.115.140' (4)
L 06/12/2016 - 01:09:40: [SM] Displaying call stack trace for plugin "SAVM.smx":
L 06/12/2016 - 01:09:40: [SM]   [0]  Line 387, C:\Users\Arkarr\Desktop\SAVM.sp::GotDatabase()
L 06/12/2016 - 01:17:59: Error log file session closed.
L 06/12/2016 - 01:18:59: SourceMod error session started
L 06/12/2016 - 01:18:59: Info (map "workshop/175410200/ar_funtimes") (file "errors_20160612.log")
L 06/12/2016 - 01:18:59: [SM] Plugin encountered error 25: Call was aborted
L 06/12/2016 - 01:18:59: [SM] Native "SetFailState" reported: [SAVM] Error with database : [2003]: Can't connect to MySQL server on '186.64.115.140' (4)
L 06/12/2016 - 01:18:59: [SM] Displaying call stack trace for plugin "SAVM.smx":
L 06/12/2016 - 01:18:59: [SM]   [0]  Line 387, C:\Users\Arkarr\Desktop\SAVM.sp::GotDatabase()
L 06/12/2016 - 01:33:34: Error log file session closed.
L 06/12/2016 - 01:34:34: SourceMod error session started
L 06/12/2016 - 01:34:34: Info (map "workshop/165993910/fy_tibet") (file "errors_20160612.log")
L 06/12/2016 - 01:34:34: [SM] Plugin encountered error 25: Call was aborted
L 06/12/2016 - 01:34:34: [SM] Native "SetFailState" reported: [SAVM] Error with database : [2003]: Can't connect to MySQL server on '186.64.115.140' (4)
L 06/12/2016 - 01:34:34: [SM] Displaying call stack trace for plugin "SAVM.smx":
L 06/12/2016 - 01:34:34: [SM]   [0]  Line 387, C:\Users\Arkarr\Desktop\SAVM.sp::GotDatabase()
L 06/12/2016 - 01:48:20: Error log file session closed.
L 06/12/2016 - 01:49:20: SourceMod error session started
L 06/12/2016 - 01:49:20: Info (map "workshop/122521875/fy_pool_day") (file "errors_20160612.log")
L 06/12/2016 - 01:49:20: [SM] Plugin encountered error 25: Call was aborted
L 06/12/2016 - 01:49:20: [SM] Native "SetFailState" reported: [SAVM] Error with database : [2003]: Can't connect to MySQL server on '186.64.115.140' (4)
L 06/12/2016 - 01:49:20: [SM] Displaying call stack trace for plugin "SAVM.smx":
L 06/12/2016 - 01:49:20: [SM]   [0]  Line 387, C:\Users\Arkarr\Desktop\SAVM.sp::GotDatabase()
L 06/12/2016 - 01:58:53: Error log file session closed.
L 06/12/2016 - 01:59:53: SourceMod error session started
L 06/12/2016 - 01:59:53: Info (map "workshop/312515983/aim_defender") (file "errors_20160612.log")
L 06/12/2016 - 01:59:53: [SM] Plugin encountered error 25: Call was aborted
L 06/12/2016 - 01:59:53: [SM] Native "SetFailState" reported: [SAVM] Error with database : [2003]: Can't connect to MySQL server on '186.64.115.140' (4)
L 06/12/2016 - 01:59:53: [SM] Displaying call stack trace for plugin "SAVM.smx":
L 06/12/2016 - 01:59:53: [SM]   [0]  Line 387, C:\Users\Arkarr\Desktop\SAVM.sp::GotDatabase()
L 06/12/2016 - 02:15:50: Error log file session closed.
L 06/12/2016 - 02:16:50: SourceMod error session started
L 06/12/2016 - 02:16:50: Info (map "workshop/473836396/fy_arena_a1") (file "errors_20160612.log")
L 06/12/2016 - 02:16:50: [SM] Plugin encountered error 25: Call was aborted
L 06/12/2016 - 02:16:50: [SM] Native "SetFailState" reported: [SAVM] Error with database : [2003]: Can't connect to MySQL server on '186.64.115.140' (4)
L 06/12/2016 - 02:16:50: [SM] Displaying call stack trace for plugin "SAVM.smx":
L 06/12/2016 - 02:16:50: [SM]   [0]  Line 387, C:\Users\Arkarr\Desktop\SAVM.sp::GotDatabase()
L 06/12/2016 - 02:25:46: Error log file session closed.
L 06/12/2016 - 02:26:47: SourceMod error session started
L 06/12/2016 - 02:26:47: Info (map "workshop/412137767/awp_lego_2015") (file "errors_20160612.log")
L 06/12/2016 - 02:26:47: [SM] Plugin encountered error 25: Call was aborted
L 06/12/2016 - 02:26:47: [SM] Native "SetFailState" reported: [SAVM] Error with database : [2003]: Can't connect to MySQL server on '186.64.115.140' (4)
L 06/12/2016 - 02:26:47: [SM] Displaying call stack trace for plugin "SAVM.smx":
L 06/12/2016 - 02:26:47: [SM]   [0]  Line 387, C:\Users\Arkarr\Desktop\SAVM.sp::GotDatabase()
L 06/12/2016 - 02:28:00: Error log file session closed.
L 06/12/2016 - 02:29:01: SourceMod error session started
L 06/12/2016 - 02:29:01: Info (map "workshop/449416365/2_rooms_w") (file "errors_20160612.log")
L 06/12/2016 - 02:29:01: [SM] Plugin encountered error 25: Call was aborted
L 06/12/2016 - 02:29:01: [SM] Native "SetFailState" reported: [SAVM] Error with database : [2003]: Can't connect to MySQL server on '186.64.115.140' (4)
L 06/12/2016 - 02:29:01: [SM] Displaying call stack trace for plugin "SAVM.smx":
L 06/12/2016 - 02:29:01: [SM]   [0]  Line 387, C:\Users\Arkarr\Desktop\SAVM.sp::GotDatabase()
L 06/12/2016 - 02:36:04: Error log file session closed.
L 06/12/2016 - 02:37:04: SourceMod error session started
L 06/12/2016 - 02:37:04: Info (map "workshop/126658652/gg_endorush") (file "errors_20160612.log")
L 06/12/2016 - 02:37:04: [SM] Plugin encountered error 25: Call was aborted
L 06/12/2016 - 02:37:04: [SM] Native "SetFailState" reported: [SAVM] Error with database : [2003]: Can't connect to MySQL server on '186.64.115.140' (4)
L 06/12/2016 - 02:37:04: [SM] Displaying call stack trace for plugin "SAVM.smx":
L 06/12/2016 - 02:37:04: [SM]   [0]  Line 387, C:\Users\Arkarr\Desktop\SAVM.sp::GotDatabase()
L 06/12/2016 - 02:41:41: Error log file session closed.
L 06/12/2016 - 02:47:49: SourceMod error session started
L 06/12/2016 - 02:47:49: Info (map "workshop/126658652/gg_endorush") (file "errors_20160612.log")
L 06/12/2016 - 02:47:49: [SM] Plugin encountered error 25: Call was aborted
L 06/12/2016 - 02:47:49: [SM] Native "SetFailState" reported: [SAVM] Error with database : [2003]: Can't connect to MySQL server on '186.64.115.140' (4)
L 06/12/2016 - 02:47:49: [SM] Displaying call stack trace for plugin "SAVM.smx":
L 06/12/2016 - 02:47:49: [SM]   [0]  Line 387, C:\Users\Arkarr\Desktop\SAVM.sp::GotDatabase()
L 06/12/2016 - 02:47:49: Error log file session closed.
L 06/12/2016 - 02:48:50: SourceMod error session started
L 06/12/2016 - 02:48:50: Info (map "workshop/126658652/gg_endorush") (file "errors_20160612.log")
L 06/12/2016 - 02:48:50: [SM] Plugin encountered error 25: Call was aborted
L 06/12/2016 - 02:48:50: [SM] Native "SetFailState" reported: [SAVM] Error with database : [2003]: Can't connect to MySQL server on '186.64.115.140' (4)
L 06/12/2016 - 02:48:50: [SM] Displaying call stack trace for plugin "SAVM.smx":
L 06/12/2016 - 02:48:50: [SM]   [0]  Line 387, C:\Users\Arkarr\Desktop\SAVM.sp::GotDatabase()
L 06/12/2016 - 02:56:13: Error log file session closed.
L 06/12/2016 - 02:57:13: SourceMod error session started
L 06/12/2016 - 02:57:13: Info (map "workshop/126658652/gg_endorush") (file "errors_20160612.log")
L 06/12/2016 - 02:57:13: [SM] Plugin encountered error 25: Call was aborted
L 06/12/2016 - 02:57:13: [SM] Native "SetFailState" reported: [SAVM] Error with database : [2003]: Can't connect to MySQL server on '186.64.115.140' (4)
L 06/12/2016 - 02:57:13: [SM] Displaying call stack trace for plugin "SAVM.smx":
L 06/12/2016 - 02:57:13: [SM]   [0]  Line 387, C:\Users\Arkarr\Desktop\SAVM.sp::GotDatabase()
L 06/12/2016 - 03:02:29: Error log file session closed.
L 06/12/2016 - 03:03:29: SourceMod error session started
L 06/12/2016 - 03:03:29: Info (map "workshop/147320044/fy_snow_x_t0") (file "errors_20160612.log")
L 06/12/2016 - 03:03:29: [SM] Plugin encountered error 25: Call was aborted
L 06/12/2016 - 03:03:29: [SM] Native "SetFailState" reported: [SAVM] Error with database : [2003]: Can't connect to MySQL server on '186.64.115.140' (4)
L 06/12/2016 - 03:03:29: [SM] Displaying call stack trace for plugin "SAVM.smx":
L 06/12/2016 - 03:03:29: [SM]   [0]  Line 387, C:\Users\Arkarr\Desktop\SAVM.sp::GotDatabase()
L 06/12/2016 - 03:10:49: Error log file session closed.
L 06/12/2016 - 03:11:49: SourceMod error session started
L 06/12/2016 - 03:11:49: Info (map "workshop/258530919/ar_rxg-gravity") (file "errors_20160612.log")
L 06/12/2016 - 03:11:49: [SM] Plugin encountered error 25: Call was aborted
L 06/12/2016 - 03:11:49: [SM] Native "SetFailState" reported: [SAVM] Error with database : [2003]: Can't connect to MySQL server on '186.64.115.140' (4)
L 06/12/2016 - 03:11:49: [SM] Displaying call stack trace for plugin "SAVM.smx":
L 06/12/2016 - 03:11:49: [SM]   [0]  Line 387, C:\Users\Arkarr\Desktop\SAVM.sp::GotDatabase()
L 06/12/2016 - 03:25:12: Error log file session closed.
L 06/12/2016 - 03:26:12: SourceMod error session started
L 06/12/2016 - 03:26:12: Info (map "workshop/175410200/ar_funtimes") (file "errors_20160612.log")
L 06/12/2016 - 03:26:12: [SM] Plugin encountered error 25: Call was aborted
L 06/12/2016 - 03:26:12: [SM] Native "SetFailState" reported: [SAVM] Error with database : [2003]: Can't connect to MySQL server on '186.64.115.140' (4)
L 06/12/2016 - 03:26:12: [SM] Displaying call stack trace for plugin "SAVM.smx":
L 06/12/2016 - 03:26:12: [SM]   [0]  Line 387, C:\Users\Arkarr\Desktop\SAVM.sp::GotDatabase()
L 06/12/2016 - 03:33:45: Error log file session closed.
L 06/12/2016 - 03:34:45: SourceMod error session started
L 06/12/2016 - 03:34:45: Info (map "workshop/282977521/aim_chicken_ak") (file "errors_20160612.log")
L 06/12/2016 - 03:34:45: [SM] Plugin encountered error 25: Call was aborted
L 06/12/2016 - 03:34:45: [SM] Native "SetFailState" reported: [SAVM] Error with database : [2003]: Can't connect to MySQL server on '186.64.115.140' (4)
L 06/12/2016 - 03:34:45: [SM] Displaying call stack trace for plugin "SAVM.smx":
L 06/12/2016 - 03:34:45: [SM]   [0]  Line 387, C:\Users\Arkarr\Desktop\SAVM.sp::GotDatabase()
L 06/12/2016 - 03:43:09: Error log file session closed.
L 06/12/2016 - 03:45:20: SourceMod error session started
L 06/12/2016 - 03:45:20: Info (map "workshop/383502545/gg_exportz") (file "errors_20160612.log")
L 06/12/2016 - 03:45:20: [SM] Plugin encountered error 25: Call was aborted
L 06/12/2016 - 03:45:20: [SM] Native "SetFailState" reported: [SAVM] Error with database : [2003]: Can't connect to MySQL server on '186.64.115.140' (4)
L 06/12/2016 - 03:45:20: [SM] Displaying call stack trace for plugin "SAVM.smx":
L 06/12/2016 - 03:45:20: [SM]   [0]  Line 387, C:\Users\Arkarr\Desktop\SAVM.sp::GotDatabase()
L 06/12/2016 - 03:45:20: Error log file session closed.
L 06/12/2016 - 03:46:20: SourceMod error session started
L 06/12/2016 - 03:46:20: Info (map "workshop/383502545/gg_exportz") (file "errors_20160612.log")
L 06/12/2016 - 03:46:20: [SM] Plugin encountered error 25: Call was aborted
L 06/12/2016 - 03:46:20: [SM] Native "SetFailState" reported: [SAVM] Error with database : [2003]: Can't connect to MySQL server on '186.64.115.140' (4)
L 06/12/2016 - 03:46:20: [SM] Displaying call stack trace for plugin "SAVM.smx":
L 06/12/2016 - 03:46:20: [SM]   [0]  Line 387, C:\Users\Arkarr\Desktop\SAVM.sp::GotDatabase()
L 06/12/2016 - 08:35:52: Error log file session closed.
L 06/12/2016 - 08:36:52: SourceMod error session started
L 06/12/2016 - 08:36:52: Info (map "workshop/383502545/gg_exportz") (file "errors_20160612.log")
L 06/12/2016 - 08:36:52: [SM] Plugin encountered error 25: Call was aborted
L 06/12/2016 - 08:36:52: [SM] Native "SetFailState" reported: [SAVM] Error with database : [2003]: Can't connect to MySQL server on '186.64.115.140' (4)
L 06/12/2016 - 08:36:52: [SM] Displaying call stack trace for plugin "SAVM.smx":
L 06/12/2016 - 08:36:52: [SM]   [0]  Line 387, C:\Users\Arkarr\Desktop\SAVM.sp::GotDatabase()
L 06/12/2016 - 09:26:31: Error log file session closed.
L 06/12/2016 - 09:27:31: SourceMod error session started
L 06/12/2016 - 09:27:31: Info (map "workshop/490203225/awp_asylum") (file "errors_20160612.log")
L 06/12/2016 - 09:27:31: [SM] Plugin encountered error 25: Call was aborted
L 06/12/2016 - 09:27:31: [SM] Native "SetFailState" reported: [SAVM] Error with database : [2003]: Can't connect to MySQL server on '186.64.115.140' (4)
L 06/12/2016 - 09:27:31: [SM] Displaying call stack trace for plugin "SAVM.smx":
L 06/12/2016 - 09:27:31: [SM]   [0]  Line 387, C:\Users\Arkarr\Desktop\SAVM.sp::GotDatabase()
L 06/12/2016 - 10:36:51: Error log file session closed.
L 06/12/2016 - 10:37:51: SourceMod error session started
L 06/12/2016 - 10:37:51: Info (map "workshop/490203225/awp_asylum") (file "errors_20160612.log")
L 06/12/2016 - 10:37:51: [SM] Plugin encountered error 25: Call was aborted
L 06/12/2016 - 10:37:51: [SM] Native "SetFailState" reported: [SAVM] Error with database : [2003]: Can't connect to MySQL server on '186.64.115.140' (4)
L 06/12/2016 - 10:37:51: [SM] Displaying call stack trace for plugin "SAVM.smx":
L 06/12/2016 - 10:37:51: [SM]   [0]  Line 387, C:\Users\Arkarr\Desktop\SAVM.sp::GotDatabase()
L 06/12/2016 - 10:46:38: Error log file session closed.
L 06/12/2016 - 10:47:38: SourceMod error session started
L 06/12/2016 - 10:47:38: Info (map "workshop/449416365/2_rooms_w") (file "errors_20160612.log")
L 06/12/2016 - 10:47:38: [SM] Plugin encountered error 25: Call was aborted
L 06/12/2016 - 10:47:38: [SM] Native "SetFailState" reported: [SAVM] Error with database : [2003]: Can't connect to MySQL server on '186.64.115.140' (4)
L 06/12/2016 - 10:47:38: [SM] Displaying call stack trace for plugin "SAVM.smx":
L 06/12/2016 - 10:47:38: [SM]   [0]  Line 387, C:\Users\Arkarr\Desktop\SAVM.sp::GotDatabase()
L 06/12/2016 - 10:52:45: Error log file session closed.
L 06/12/2016 - 10:53:45: SourceMod error session started
L 06/12/2016 - 10:53:45: Info (map "workshop/325456413/aim_selfie") (file "errors_20160612.log")
L 06/12/2016 - 10:53:45: [SM] Plugin encountered error 25: Call was aborted
L 06/12/2016 - 10:53:45: [SM] Native "SetFailState" reported: [SAVM] Error with database : [2003]: Can't connect to MySQL server on '186.64.115.140' (4)
L 06/12/2016 - 10:53:45: [SM] Displaying call stack trace for plugin "SAVM.smx":
L 06/12/2016 - 10:53:45: [SM]   [0]  Line 387, C:\Users\Arkarr\Desktop\SAVM.sp::GotDatabase()
L 06/12/2016 - 11:05:39: Error log file session closed.
L 06/12/2016 - 11:06:39: SourceMod error session started
L 06/12/2016 - 11:06:39: Info (map "workshop/449416365/2_rooms_w") (file "errors_20160612.log")
L 06/12/2016 - 11:06:39: [SM] Plugin encountered error 25: Call was aborted
L 06/12/2016 - 11:06:39: [SM] Native "SetFailState" reported: [SAVM] Error with database : [2003]: Can't connect to MySQL server on '186.64.115.140' (4)
L 06/12/2016 - 11:06:39: [SM] Displaying call stack trace for plugin "SAVM.smx":
L 06/12/2016 - 11:06:39: [SM]   [0]  Line 387, C:\Users\Arkarr\Desktop\SAVM.sp::GotDatabase()
L 06/12/2016 - 11:11:49: Error log file session closed.
L 06/12/2016 - 11:12:49: SourceMod error session started
L 06/12/2016 - 11:12:49: Info (map "workshop/312515983/aim_defender") (file "errors_20160612.log")
L 06/12/2016 - 11:12:49: [SM] Plugin encountered error 25: Call was aborted
L 06/12/2016 - 11:12:49: [SM] Native "SetFailState" reported: [SAVM] Error with database : [2003]: Can't connect to MySQL server on '186.64.115.140' (4)
L 06/12/2016 - 11:12:49: [SM] Displaying call stack trace for plugin "SAVM.smx":
L 06/12/2016 - 11:12:49: [SM]   [0]  Line 387, C:\Users\Arkarr\Desktop\SAVM.sp::GotDatabase()
L 06/12/2016 - 11:24:47: Error log file session closed.
L 06/12/2016 - 11:25:47: SourceMod error session started
L 06/12/2016 - 11:25:47: Info (map "workshop/449416365/2_rooms_w") (file "errors_20160612.log")
L 06/12/2016 - 11:25:47: [SM] Plugin encountered error 25: Call was aborted
L 06/12/2016 - 11:25:47: [SM] Native "SetFailState" reported: [SAVM] Error with database : [2003]: Can't connect to MySQL server on '186.64.115.140' (4)
L 06/12/2016 - 11:25:47: [SM] Displaying call stack trace for plugin "SAVM.smx":
L 06/12/2016 - 11:25:47: [SM]   [0]  Line 387, C:\Users\Arkarr\Desktop\SAVM.sp::GotDatabase()
L 06/12/2016 - 11:30:08: Error log file session closed.
L 06/12/2016 - 11:31:08: SourceMod error session started
L 06/12/2016 - 11:31:08: Info (map "workshop/152639387/fy_infinity") (file "errors_20160612.log")
L 06/12/2016 - 11:31:08: [SM] Plugin encountered error 25: Call was aborted
L 06/12/2016 - 11:31:08: [SM] Native "SetFailState" reported: [SAVM] Error with database : [2003]: Can't connect to MySQL server on '186.64.115.140' (4)
L 06/12/2016 - 11:31:08: [SM] Displaying call stack trace for plugin "SAVM.smx":
L 06/12/2016 - 11:31:08: [SM]   [0]  Line 387, C:\Users\Arkarr\Desktop\SAVM.sp::GotDatabase()
L 06/12/2016 - 11:46:25: Error log file session closed.
L 06/12/2016 - 11:47:25: SourceMod error session started
L 06/12/2016 - 11:47:25: Info (map "workshop/147320044/fy_snow_x_t0") (file "errors_20160612.log")
L 06/12/2016 - 11:47:25: [SM] Plugin encountered error 25: Call was aborted
L 06/12/2016 - 11:47:25: [SM] Native "SetFailState" reported: [SAVM] Error with database : [2003]: Can't connect to MySQL server on '186.64.115.140' (4)
L 06/12/2016 - 11:47:25: [SM] Displaying call stack trace for plugin "SAVM.smx":
L 06/12/2016 - 11:47:25: [SM]   [0]  Line 387, C:\Users\Arkarr\Desktop\SAVM.sp::GotDatabase()
L 06/12/2016 - 11:47:48: Error log file session closed.
L 06/12/2016 - 11:48:48: SourceMod error session started
L 06/12/2016 - 11:48:48: Info (map "workshop/125621707/aim_deagle7k") (file "errors_20160612.log")
L 06/12/2016 - 11:48:48: [SM] Plugin encountered error 25: Call was aborted
L 06/12/2016 - 11:48:48: [SM] Native "SetFailState" reported: [SAVM] Error with database : [2003]: Can't connect to MySQL server on '186.64.115.140' (4)
L 06/12/2016 - 11:48:48: [SM] Displaying call stack trace for plugin "SAVM.smx":
L 06/12/2016 - 11:48:48: [SM]   [0]  Line 387, C:\Users\Arkarr\Desktop\SAVM.sp::GotDatabase()
L 06/12/2016 - 11:59:00: Error log file session closed.
L 06/12/2016 - 12:00:00: SourceMod error session started
L 06/12/2016 - 12:00:00: Info (map "workshop/125651872/fy_dinoiceworld2_t0") (file "errors_20160612.log")
L 06/12/2016 - 12:00:00: [SM] Plugin encountered error 25: Call was aborted
L 06/12/2016 - 12:00:00: [SM] Native "SetFailState" reported: [SAVM] Error with database : [2003]: Can't connect to MySQL server on '186.64.115.140' (4)
L 06/12/2016 - 12:00:00: [SM] Displaying call stack trace for plugin "SAVM.smx":
L 06/12/2016 - 12:00:00: [SM]   [0]  Line 387, C:\Users\Arkarr\Desktop\SAVM.sp::GotDatabase()
L 06/12/2016 - 12:14:54: Error log file session closed.
L 06/12/2016 - 12:15:54: SourceMod error session started
L 06/12/2016 - 12:15:54: Info (map "workshop/255631671/ar_hatearena") (file "errors_20160612.log")
L 06/12/2016 - 12:15:54: [SM] Plugin encountered error 25: Call was aborted
L 06/12/2016 - 12:15:54: [SM] Native "SetFailState" reported: [SAVM] Error with database : [2003]: Can't connect to MySQL server on '186.64.115.140' (4)
L 06/12/2016 - 12:15:54: [SM] Displaying call stack trace for plugin "SAVM.smx":
L 06/12/2016 - 12:15:54: [SM]   [0]  Line 387, C:\Users\Arkarr\Desktop\SAVM.sp::GotDatabase()
L 06/12/2016 - 12:30:01: Error log file session closed.
L 06/12/2016 - 12:31:01: SourceMod error session started
L 06/12/2016 - 12:31:01: Info (map "workshop/142588406/fy_snow2_t0") (file "errors_20160612.log")
L 06/12/2016 - 12:31:01: [SM] Plugin encountered error 25: Call was aborted
L 06/12/2016 - 12:31:01: [SM] Native "SetFailState" reported: [SAVM] Error with database : [2003]: Can't connect to MySQL server on '186.64.115.140' (4)
L 06/12/2016 - 12:31:01: [SM] Displaying call stack trace for plugin "SAVM.smx":
L 06/12/2016 - 12:31:01: [SM]   [0]  Line 387, C:\Users\Arkarr\Desktop\SAVM.sp::GotDatabase()
L 06/12/2016 - 12:42:17: Error log file session closed.
L 06/12/2016 - 12:43:17: SourceMod error session started
L 06/12/2016 - 12:43:17: Info (map "workshop/165993910/fy_tibet") (file "errors_20160612.log")
L 06/12/2016 - 12:43:17: [SM] Plugin encountered error 25: Call was aborted
L 06/12/2016 - 12:43:17: [SM] Native "SetFailState" reported: [SAVM] Error with database : [2003]: Can't connect to MySQL server on '186.64.115.140' (4)
L 06/12/2016 - 12:43:17: [SM] Displaying call stack trace for plugin "SAVM.smx":
L 06/12/2016 - 12:43:17: [SM]   [0]  Line 387, C:\Users\Arkarr\Desktop\SAVM.sp::GotDatabase()
L 06/12/2016 - 12:52:05: Error log file session closed.
L 06/12/2016 - 12:53:05: SourceMod error session started
L 06/12/2016 - 12:53:05: Info (map "workshop/449416365/2_rooms_w") (file "errors_20160612.log")
L 06/12/2016 - 12:53:05: [SM] Plugin encountered error 25: Call was aborted
L 06/12/2016 - 12:53:05: [SM] Native "SetFailState" reported: [SAVM] Error with database : [2003]: Can't connect to MySQL server on '186.64.115.140' (4)
L 06/12/2016 - 12:53:05: [SM] Displaying call stack trace for plugin "SAVM.smx":
L 06/12/2016 - 12:53:05: [SM]   [0]  Line 387, C:\Users\Arkarr\Desktop\SAVM.sp::GotDatabase()
L 06/12/2016 - 12:59:00: Error log file session closed.
L 06/12/2016 - 13:00:00: SourceMod error session started
L 06/12/2016 - 13:00:00: Info (map "workshop/486698947/aim_map_training") (file "errors_20160612.log")
L 06/12/2016 - 13:00:00: [SM] Plugin encountered error 25: Call was aborted
L 06/12/2016 - 13:00:00: [SM] Native "SetFailState" reported: [SAVM] Error with database : [2003]: Can't connect to MySQL server on '186.64.115.140' (4)
L 06/12/2016 - 13:00:00: [SM] Displaying call stack trace for plugin "SAVM.smx":
L 06/12/2016 - 13:00:00: [SM]   [0]  Line 387, C:\Users\Arkarr\Desktop\SAVM.sp::GotDatabase()
L 06/12/2016 - 13:07:22: Error log file session closed.
L 06/12/2016 - 13:08:22: SourceMod error session started
L 06/12/2016 - 13:08:22: Info (map "workshop/412137767/awp_lego_2015") (file "errors_20160612.log")
L 06/12/2016 - 13:08:22: [SM] Plugin encountered error 25: Call was aborted
L 06/12/2016 - 13:08:22: [SM] Native "SetFailState" reported: [SAVM] Error with database : [2003]: Can't connect to MySQL server on '186.64.115.140' (4)
L 06/12/2016 - 13:08:22: [SM] Displaying call stack trace for plugin "SAVM.smx":
L 06/12/2016 - 13:08:22: [SM]   [0]  Line 387, C:\Users\Arkarr\Desktop\SAVM.sp::GotDatabase()
L 06/12/2016 - 13:21:53: Error log file session closed.
L 06/12/2016 - 13:22:53: SourceMod error session started
L 06/12/2016 - 13:22:53: Info (map "workshop/144290900/ar_cubedeath") (file "errors_20160612.log")
L 06/12/2016 - 13:22:53: [SM] Plugin encountered error 25: Call was aborted
L 06/12/2016 - 13:22:53: [SM] Native "SetFailState" reported: [SAVM] Error with database : [2003]: Can't connect to MySQL server on '186.64.115.140' (4)
L 06/12/2016 - 13:22:53: [SM] Displaying call stack trace for plugin "SAVM.smx":
L 06/12/2016 - 13:22:53: [SM]   [0]  Line 387, C:\Users\Arkarr\Desktop\SAVM.sp::GotDatabase()
L 06/12/2016 - 13:32:11: Error log file session closed.
L 06/12/2016 - 13:33:11: SourceMod error session started
L 06/12/2016 - 13:33:11: Info (map "workshop/314193157/mini_dust_pro") (file "errors_20160612.log")
L 06/12/2016 - 13:33:11: [SM] Plugin encountered error 25: Call was aborted
L 06/12/2016 - 13:33:11: [SM] Native "SetFailState" reported: [SAVM] Error with database : [2003]: Can't connect to MySQL server on '186.64.115.140' (4)
L 06/12/2016 - 13:33:11: [SM] Displaying call stack trace for plugin "SAVM.smx":
L 06/12/2016 - 13:33:11: [SM]   [0]  Line 387, C:\Users\Arkarr\Desktop\SAVM.sp::GotDatabase()
L 06/12/2016 - 13:46:42: Error log file session closed.
L 06/12/2016 - 13:47:42: SourceMod error session started
L 06/12/2016 - 13:47:42: Info (map "workshop/479805646/aim_warmup_ak47") (file "errors_20160612.log")
L 06/12/2016 - 13:47:42: [SM] Plugin encountered error 25: Call was aborted
L 06/12/2016 - 13:47:42: [SM] Native "SetFailState" reported: [SAVM] Error with database : [2003]: Can't connect to MySQL server on '186.64.115.140' (4)
L 06/12/2016 - 13:47:42: [SM] Displaying call stack trace for plugin "SAVM.smx":
L 06/12/2016 - 13:47:42: [SM]   [0]  Line 387, C:\Users\Arkarr\Desktop\SAVM.sp::GotDatabase()
L 06/12/2016 - 13:56:29: Error log file session closed.
L 06/12/2016 - 13:57:29: SourceMod error session started
L 06/12/2016 - 13:57:29: Info (map "workshop/125652030/fy_sandstone_t0") (file "errors_20160612.log")
L 06/12/2016 - 13:57:29: [SM] Plugin encountered error 25: Call was aborted
L 06/12/2016 - 13:57:29: [SM] Native "SetFailState" reported: [SAVM] Error with database : [2003]: Can't connect to MySQL server on '186.64.115.140' (4)
L 06/12/2016 - 13:57:29: [SM] Displaying call stack trace for plugin "SAVM.smx":
L 06/12/2016 - 13:57:29: [SM]   [0]  Line 387, C:\Users\Arkarr\Desktop\SAVM.sp::GotDatabase()
L 06/12/2016 - 14:14:50: Error log file session closed.
L 06/12/2016 - 14:15:50: SourceMod error session started
L 06/12/2016 - 14:15:50: Info (map "workshop/314193157/mini_dust_pro") (file "errors_20160612.log")
L 06/12/2016 - 14:15:50: [SM] Plugin encountered error 25: Call was aborted
L 06/12/2016 - 14:15:50: [SM] Native "SetFailState" reported: [SAVM] Error with database : [2003]: Can't connect to MySQL server on '186.64.115.140' (4)
L 06/12/2016 - 14:15:50: [SM] Displaying call stack trace for plugin "SAVM.smx":
L 06/12/2016 - 14:15:50: [SM]   [0]  Line 387, C:\Users\Arkarr\Desktop\SAVM.sp::GotDatabase()
L 06/12/2016 - 14:27:14: Error log file session closed.
L 06/12/2016 - 14:28:14: SourceMod error session started
L 06/12/2016 - 14:28:14: Info (map "workshop/126643563/ar_concrete") (file "errors_20160612.log")
L 06/12/2016 - 14:28:14: [SM] Plugin encountered error 25: Call was aborted
L 06/12/2016 - 14:28:14: [SM] Native "SetFailState" reported: [SAVM] Error with database : [2003]: Can't connect to MySQL server on '186.64.115.140' (4)
L 06/12/2016 - 14:28:14: [SM] Displaying call stack trace for plugin "SAVM.smx":
L 06/12/2016 - 14:28:14: [SM]   [0]  Line 387, C:\Users\Arkarr\Desktop\SAVM.sp::GotDatabase()
L 06/12/2016 - 14:38:43: Error log file session closed.
L 06/12/2016 - 14:39:43: SourceMod error session started
L 06/12/2016 - 14:39:43: Info (map "ar_baggage") (file "errors_20160612.log")
L 06/12/2016 - 14:39:43: [SM] Plugin encountered error 25: Call was aborted
L 06/12/2016 - 14:39:43: [SM] Native "SetFailState" reported: [SAVM] Error with database : [2003]: Can't connect to MySQL server on '186.64.115.140' (4)
L 06/12/2016 - 14:39:43: [SM] Displaying call stack trace for plugin "SAVM.smx":
L 06/12/2016 - 14:39:43: [SM]   [0]  Line 387, C:\Users\Arkarr\Desktop\SAVM.sp::GotDatabase()
L 06/12/2016 - 15:02:35: Error log file session closed.
L 06/12/2016 - 15:03:36: SourceMod error session started
L 06/12/2016 - 15:03:36: Info (map "workshop/433285804/35hp_riptosarena") (file "errors_20160612.log")
L 06/12/2016 - 15:03:36: [SM] Plugin encountered error 25: Call was aborted
L 06/12/2016 - 15:03:36: [SM] Native "SetFailState" reported: [SAVM] Error with database : [2003]: Can't connect to MySQL server on '186.64.115.140' (4)
L 06/12/2016 - 15:03:36: [SM] Displaying call stack trace for plugin "SAVM.smx":
L 06/12/2016 - 15:03:36: [SM]   [0]  Line 387, C:\Users\Arkarr\Desktop\SAVM.sp::GotDatabase()
L 06/12/2016 - 15:15:48: Error log file session closed.
L 06/12/2016 - 15:16:48: SourceMod error session started
L 06/12/2016 - 15:16:48: Info (map "workshop/142588406/fy_snow2_t0") (file "errors_20160612.log")
L 06/12/2016 - 15:16:48: [SM] Plugin encountered error 25: Call was aborted
L 06/12/2016 - 15:16:48: [SM] Native "SetFailState" reported: [SAVM] Error with database : [2003]: Can't connect to MySQL server on '186.64.115.140' (4)
L 06/12/2016 - 15:16:48: [SM] Displaying call stack trace for plugin "SAVM.smx":
L 06/12/2016 - 15:16:48: [SM]   [0]  Line 387, C:\Users\Arkarr\Desktop\SAVM.sp::GotDatabase()
L 06/12/2016 - 15:24:15: Error log file session closed.
L 06/12/2016 - 15:25:15: SourceMod error session started
L 06/12/2016 - 15:25:15: Info (map "workshop/125664363/ar_dusty_shelter") (file "errors_20160612.log")
L 06/12/2016 - 15:25:15: [SM] Plugin encountered error 25: Call was aborted
L 06/12/2016 - 15:25:15: [SM] Native "SetFailState" reported: [SAVM] Error with database : [2003]: Can't connect to MySQL server on '186.64.115.140' (4)
L 06/12/2016 - 15:25:15: [SM] Displaying call stack trace for plugin "SAVM.smx":
L 06/12/2016 - 15:25:15: [SM]   [0]  Line 387, C:\Users\Arkarr\Desktop\SAVM.sp::GotDatabase()
L 06/12/2016 - 15:34:13: Error log file session closed.
L 06/12/2016 - 15:35:13: SourceMod error session started
L 06/12/2016 - 15:35:13: Info (map "workshop/491618300/fy_dusty") (file "errors_20160612.log")
L 06/12/2016 - 15:35:13: [SM] Plugin encountered error 25: Call was aborted
L 06/12/2016 - 15:35:13: [SM] Native "SetFailState" reported: [SAVM] Error with database : [2003]: Can't connect to MySQL server on '186.64.115.140' (4)
L 06/12/2016 - 15:35:13: [SM] Displaying call stack trace for plugin "SAVM.smx":
L 06/12/2016 - 15:35:13: [SM]   [0]  Line 387, C:\Users\Arkarr\Desktop\SAVM.sp::GotDatabase()
L 06/12/2016 - 15:51:03: Error log file session closed.
L 06/12/2016 - 15:52:03: SourceMod error session started
L 06/12/2016 - 15:52:03: Info (map "workshop/312515983/aim_defender") (file "errors_20160612.log")
L 06/12/2016 - 15:52:03: [SM] Plugin encountered error 25: Call was aborted
L 06/12/2016 - 15:52:03: [SM] Native "SetFailState" reported: [SAVM] Error with database : [2003]: Can't connect to MySQL server on '186.64.115.140' (4)
L 06/12/2016 - 15:52:03: [SM] Displaying call stack trace for plugin "SAVM.smx":
L 06/12/2016 - 15:52:03: [SM]   [0]  Line 387, C:\Users\Arkarr\Desktop\SAVM.sp::GotDatabase()
L 06/12/2016 - 16:01:22: Error log file session closed.
L 06/12/2016 - 16:02:22: SourceMod error session started
L 06/12/2016 - 16:02:22: Info (map "workshop/125783497/gg_funfest_csgo") (file "errors_20160612.log")
L 06/12/2016 - 16:02:22: [SM] Plugin encountered error 25: Call was aborted
L 06/12/2016 - 16:02:22: [SM] Native "SetFailState" reported: [SAVM] Error with database : [2003]: Can't connect to MySQL server on '186.64.115.140' (4)
L 06/12/2016 - 16:02:22: [SM] Displaying call stack trace for plugin "SAVM.smx":
L 06/12/2016 - 16:02:22: [SM]   [0]  Line 387, C:\Users\Arkarr\Desktop\SAVM.sp::GotDatabase()
L 06/12/2016 - 16:13:52: Error log file session closed.
L 06/12/2016 - 16:14:54: SourceMod error session started
L 06/12/2016 - 16:14:54: Info (map "workshop/449416365/2_rooms_w") (file "errors_20160612.log")
L 06/12/2016 - 16:14:54: [SM] Plugin encountered error 25: Call was aborted
L 06/12/2016 - 16:14:54: [SM] Native "SetFailState" reported: [SAVM] Error with database : [2003]: Can't connect to MySQL server on '186.64.115.140' (4)
L 06/12/2016 - 16:14:54: [SM] Displaying call stack trace for plugin "SAVM.smx":
L 06/12/2016 - 16:14:54: [SM]   [0]  Line 387, C:\Users\Arkarr\Desktop\SAVM.sp::GotDatabase()
L 06/12/2016 - 16:23:06: Error log file session closed.
L 06/12/2016 - 16:24:06: SourceMod error session started
L 06/12/2016 - 16:24:06: Info (map "workshop/125651872/fy_dinoiceworld2_t0") (file "errors_20160612.log")
L 06/12/2016 - 16:24:06: [SM] Plugin encountered error 25: Call was aborted
L 06/12/2016 - 16:24:06: [SM] Native "SetFailState" reported: [SAVM] Error with database : [2003]: Can't connect to MySQL server on '186.64.115.140' (4)
L 06/12/2016 - 16:24:06: [SM] Displaying call stack trace for plugin "SAVM.smx":
L 06/12/2016 - 16:24:06: [SM]   [0]  Line 387, C:\Users\Arkarr\Desktop\SAVM.sp::GotDatabase()
L 06/12/2016 - 16:38:10: Error log file session closed.
L 06/12/2016 - 16:39:10: SourceMod error session started
L 06/12/2016 - 16:39:10: Info (map "workshop/412137767/awp_lego_2015") (file "errors_20160612.log")
L 06/12/2016 - 16:39:10: [SM] Plugin encountered error 25: Call was aborted
L 06/12/2016 - 16:39:10: [SM] Native "SetFailState" reported: [SAVM] Error with database : [2003]: Can't connect to MySQL server on '186.64.115.140' (4)
L 06/12/2016 - 16:39:10: [SM] Displaying call stack trace for plugin "SAVM.smx":
L 06/12/2016 - 16:39:10: [SM]   [0]  Line 387, C:\Users\Arkarr\Desktop\SAVM.sp::GotDatabase()
L 06/12/2016 - 16:42:17: Error log file session closed.
L 06/12/2016 - 16:43:18: SourceMod error session started
L 06/12/2016 - 16:43:18: Info (map "workshop/150343780/gg_yellow_arena_1") (file "errors_20160612.log")
L 06/12/2016 - 16:43:18: [SM] Plugin encountered error 25: Call was aborted
L 06/12/2016 - 16:43:18: [SM] Native "SetFailState" reported: [SAVM] Error with database : [2003]: Can't connect to MySQL server on '186.64.115.140' (4)
L 06/12/2016 - 16:43:18: [SM] Displaying call stack trace for plugin "SAVM.smx":
L 06/12/2016 - 16:43:18: [SM]   [0]  Line 387, C:\Users\Arkarr\Desktop\SAVM.sp::GotDatabase()
L 06/12/2016 - 16:55:50: Error log file session closed.
L 06/12/2016 - 16:56:50: SourceMod error session started
L 06/12/2016 - 16:56:50: Info (map "workshop/125653222/fy_stoneworld_t0_beta3") (file "errors_20160612.log")
L 06/12/2016 - 16:56:50: [SM] Plugin encountered error 25: Call was aborted
L 06/12/2016 - 16:56:50: [SM] Native "SetFailState" reported: [SAVM] Error with database : [2003]: Can't connect to MySQL server on '186.64.115.140' (4)
L 06/12/2016 - 16:56:50: [SM] Displaying call stack trace for plugin "SAVM.smx":
L 06/12/2016 - 16:56:50: [SM]   [0]  Line 387, C:\Users\Arkarr\Desktop\SAVM.sp::GotDatabase()
L 06/12/2016 - 17:11:24: Error log file session closed.
L 06/12/2016 - 17:12:24: SourceMod error session started
L 06/12/2016 - 17:12:24: Info (map "workshop/366218981/awp_lego_3") (file "errors_20160612.log")
L 06/12/2016 - 17:12:24: [SM] Plugin encountered error 25: Call was aborted
L 06/12/2016 - 17:12:24: [SM] Native "SetFailState" reported: [SAVM] Error with database : [2003]: Can't connect to MySQL server on '186.64.115.140' (4)
L 06/12/2016 - 17:12:24: [SM] Displaying call stack trace for plugin "SAVM.smx":
L 06/12/2016 - 17:12:24: [SM]   [0]  Line 387, C:\Users\Arkarr\Desktop\SAVM.sp::GotDatabase()
L 06/12/2016 - 17:24:03: Error log file session closed.
L 06/12/2016 - 17:25:03: SourceMod error session started
L 06/12/2016 - 17:25:03: Info (map "ar_shoots") (file "errors_20160612.log")
L 06/12/2016 - 17:25:03: [SM] Plugin encountered error 25: Call was aborted
L 06/12/2016 - 17:25:03: [SM] Native "SetFailState" reported: [SAVM] Error with database : [2003]: Can't connect to MySQL server on '186.64.115.140' (4)
L 06/12/2016 - 17:25:03: [SM] Displaying call stack trace for plugin "SAVM.smx":
L 06/12/2016 - 17:25:03: [SM]   [0]  Line 387, C:\Users\Arkarr\Desktop\SAVM.sp::GotDatabase()
L 06/12/2016 - 17:46:19: Error log file session closed.
L 06/12/2016 - 17:47:19: SourceMod error session started
L 06/12/2016 - 17:47:19: Info (map "workshop/258530919/ar_rxg-gravity") (file "errors_20160612.log")
L 06/12/2016 - 17:47:19: [SM] Plugin encountered error 25: Call was aborted
L 06/12/2016 - 17:47:19: [SM] Native "SetFailState" reported: [SAVM] Error with database : [2003]: Can't connect to MySQL server on '186.64.115.140' (4)
L 06/12/2016 - 17:47:19: [SM] Displaying call stack trace for plugin "SAVM.smx":
L 06/12/2016 - 17:47:19: [SM]   [0]  Line 387, C:\Users\Arkarr\Desktop\SAVM.sp::GotDatabase()
L 06/12/2016 - 18:13:23: Error log file session closed.
L 06/12/2016 - 18:14:24: SourceMod error session started
L 06/12/2016 - 18:14:24: Info (map "workshop/292275729/fy_kubarizek") (file "errors_20160612.log")
L 06/12/2016 - 18:14:24: [SM] Plugin encountered error 25: Call was aborted
L 06/12/2016 - 18:14:24: [SM] Native "SetFailState" reported: [SAVM] Error with database : [2003]: Can't connect to MySQL server on '186.64.115.140' (4)
L 06/12/2016 - 18:14:24: [SM] Displaying call stack trace for plugin "SAVM.smx":
L 06/12/2016 - 18:14:24: [SM]   [0]  Line 387, C:\Users\Arkarr\Desktop\SAVM.sp::GotDatabase()
L 06/12/2016 - 18:31:11: Error log file session closed.
L 06/12/2016 - 18:32:11: SourceMod error session started
L 06/12/2016 - 18:32:11: Info (map "workshop/144290900/ar_cubedeath") (file "errors_20160612.log")
L 06/12/2016 - 18:32:11: [SM] Plugin encountered error 25: Call was aborted
L 06/12/2016 - 18:32:11: [SM] Native "SetFailState" reported: [SAVM] Error with database : [2003]: Can't connect to MySQL server on '186.64.115.140' (4)
L 06/12/2016 - 18:32:11: [SM] Displaying call stack trace for plugin "SAVM.smx":
L 06/12/2016 - 18:32:11: [SM]   [0]  Line 387, C:\Users\Arkarr\Desktop\SAVM.sp::GotDatabase()
L 06/12/2016 - 18:44:09: Error log file session closed.
L 06/12/2016 - 18:45:09: SourceMod error session started
L 06/12/2016 - 18:45:09: Info (map "workshop/133219531/ar_aim_shotty") (file "errors_20160612.log")
L 06/12/2016 - 18:45:09: [SM] Plugin encountered error 25: Call was aborted
L 06/12/2016 - 18:45:09: [SM] Native "SetFailState" reported: [SAVM] Error with database : [2003]: Can't connect to MySQL server on '186.64.115.140' (4)
L 06/12/2016 - 18:45:09: [SM] Displaying call stack trace for plugin "SAVM.smx":
L 06/12/2016 - 18:45:09: [SM]   [0]  Line 387, C:\Users\Arkarr\Desktop\SAVM.sp::GotDatabase()
L 06/12/2016 - 18:57:24: Error log file session closed.
L 06/12/2016 - 18:58:24: SourceMod error session started
L 06/12/2016 - 18:58:24: Info (map "workshop/172740415/ar_poolstay") (file "errors_20160612.log")
L 06/12/2016 - 18:58:24: [SM] Plugin encountered error 25: Call was aborted
L 06/12/2016 - 18:58:24: [SM] Native "SetFailState" reported: [SAVM] Error with database : [2003]: Can't connect to MySQL server on '186.64.115.140' (4)
L 06/12/2016 - 18:58:24: [SM] Displaying call stack trace for plugin "SAVM.smx":
L 06/12/2016 - 18:58:24: [SM]   [0]  Line 387, C:\Users\Arkarr\Desktop\SAVM.sp::GotDatabase()
L 06/12/2016 - 19:08:22: Error log file session closed.
L 06/12/2016 - 19:09:22: SourceMod error session started
L 06/12/2016 - 19:09:22: Info (map "workshop/479805646/aim_warmup_ak47") (file "errors_20160612.log")
L 06/12/2016 - 19:09:22: [SM] Plugin encountered error 25: Call was aborted
L 06/12/2016 - 19:09:22: [SM] Native "SetFailState" reported: [SAVM] Error with database : [2003]: Can't connect to MySQL server on '186.64.115.140' (4)
L 06/12/2016 - 19:09:22: [SM] Displaying call stack trace for plugin "SAVM.smx":
L 06/12/2016 - 19:09:22: [SM]   [0]  Line 387, C:\Users\Arkarr\Desktop\SAVM.sp::GotDatabase()
L 06/12/2016 - 19:16:10: Error log file session closed.
L 06/12/2016 - 19:17:10: SourceMod error session started
L 06/12/2016 - 19:17:10: Info (map "workshop/412137767/awp_lego_2015") (file "errors_20160612.log")
L 06/12/2016 - 19:17:10: [SM] Plugin encountered error 25: Call was aborted
L 06/12/2016 - 19:17:10: [SM] Native "SetFailState" reported: [SAVM] Error with database : [2003]: Can't connect to MySQL server on '186.64.115.140' (4)
L 06/12/2016 - 19:17:10: [SM] Displaying call stack trace for plugin "SAVM.smx":
L 06/12/2016 - 19:17:10: [SM]   [0]  Line 387, C:\Users\Arkarr\Desktop\SAVM.sp::GotDatabase()
L 06/12/2016 - 19:29:20: Error log file session closed.
L 06/12/2016 - 19:30:20: SourceMod error session started
L 06/12/2016 - 19:30:20: Info (map "workshop/125664363/ar_dusty_shelter") (file "errors_20160612.log")
L 06/12/2016 - 19:30:20: [SM] Plugin encountered error 25: Call was aborted
L 06/12/2016 - 19:30:20: [SM] Native "SetFailState" reported: [SAVM] Error with database : [2003]: Can't connect to MySQL server on '186.64.115.140' (4)
L 06/12/2016 - 19:30:20: [SM] Displaying call stack trace for plugin "SAVM.smx":
L 06/12/2016 - 19:30:20: [SM]   [0]  Line 387, C:\Users\Arkarr\Desktop\SAVM.sp::GotDatabase()
L 06/12/2016 - 19:40:36: Error log file session closed.
L 06/12/2016 - 19:41:36: SourceMod error session started
L 06/12/2016 - 19:41:36: Info (map "workshop/400539860/aim_deagle_jakke") (file "errors_20160612.log")
L 06/12/2016 - 19:41:36: [SM] Plugin encountered error 25: Call was aborted
L 06/12/2016 - 19:41:36: [SM] Native "SetFailState" reported: [SAVM] Error with database : [2003]: Can't connect to MySQL server on '186.64.115.140' (4)
L 06/12/2016 - 19:41:36: [SM] Displaying call stack trace for plugin "SAVM.smx":
L 06/12/2016 - 19:41:36: [SM]   [0]  Line 387, C:\Users\Arkarr\Desktop\SAVM.sp::GotDatabase()
L 06/12/2016 - 19:54:12: Error log file session closed.
L 06/12/2016 - 19:55:12: SourceMod error session started
L 06/12/2016 - 19:55:12: Info (map "workshop/133684541/ar_storage") (file "errors_20160612.log")
L 06/12/2016 - 19:55:12: [SM] Plugin encountered error 25: Call was aborted
L 06/12/2016 - 19:55:12: [SM] Native "SetFailState" reported: [SAVM] Error with database : [2003]: Can't connect to MySQL server on '186.64.115.140' (4)
L 06/12/2016 - 19:55:12: [SM] Displaying call stack trace for plugin "SAVM.smx":
L 06/12/2016 - 19:55:12: [SM]   [0]  Line 387, C:\Users\Arkarr\Desktop\SAVM.sp::GotDatabase()
L 06/12/2016 - 20:08:40: Error log file session closed.
L 06/12/2016 - 20:09:40: SourceMod error session started
L 06/12/2016 - 20:09:40: Info (map "workshop/383502545/gg_exportz") (file "errors_20160612.log")
L 06/12/2016 - 20:09:40: [SM] Plugin encountered error 25: Call was aborted
L 06/12/2016 - 20:09:40: [SM] Native "SetFailState" reported: [SAVM] Error with database : [2003]: Can't connect to MySQL server on '186.64.115.140' (4)
L 06/12/2016 - 20:09:40: [SM] Displaying call stack trace for plugin "SAVM.smx":
L 06/12/2016 - 20:09:40: [SM]   [0]  Line 387, C:\Users\Arkarr\Desktop\SAVM.sp::GotDatabase()
L 06/12/2016 - 20:21:24: Error log file session closed.
L 06/12/2016 - 20:22:24: SourceMod error session started
L 06/12/2016 - 20:22:24: Info (map "workshop/369402945/fy_epinephrin_final") (file "errors_20160612.log")
L 06/12/2016 - 20:22:24: [SM] Plugin encountered error 25: Call was aborted
L 06/12/2016 - 20:22:24: [SM] Native "SetFailState" reported: [SAVM] Error with database : [2003]: Can't connect to MySQL server on '186.64.115.140' (4)
L 06/12/2016 - 20:22:24: [SM] Displaying call stack trace for plugin "SAVM.smx":
L 06/12/2016 - 20:22:24: [SM]   [0]  Line 387, C:\Users\Arkarr\Desktop\SAVM.sp::GotDatabase()
L 06/12/2016 - 20:32:08: Error log file session closed.
L 06/12/2016 - 20:33:10: SourceMod error session started
L 06/12/2016 - 20:33:10: Info (map "workshop/122521875/fy_pool_day") (file "errors_20160612.log")
L 06/12/2016 - 20:33:10: [SM] Plugin encountered error 25: Call was aborted
L 06/12/2016 - 20:33:10: [SM] Native "SetFailState" reported: [SAVM] Error with database : [2003]: Can't connect to MySQL server on '186.64.115.140' (4)
L 06/12/2016 - 20:33:10: [SM] Displaying call stack trace for plugin "SAVM.smx":
L 06/12/2016 - 20:33:10: [SM]   [0]  Line 387, C:\Users\Arkarr\Desktop\SAVM.sp::GotDatabase()
L 06/12/2016 - 20:42:55: Error log file session closed.
L 06/12/2016 - 20:43:55: SourceMod error session started
L 06/12/2016 - 20:43:55: Info (map "workshop/147256536/gg_cf2_pink_panther") (file "errors_20160612.log")
L 06/12/2016 - 20:43:55: [SM] Plugin encountered error 25: Call was aborted
L 06/12/2016 - 20:43:55: [SM] Native "SetFailState" reported: [SAVM] Error with database : [2003]: Can't connect to MySQL server on '186.64.115.140' (4)
L 06/12/2016 - 20:43:55: [SM] Displaying call stack trace for plugin "SAVM.smx":
L 06/12/2016 - 20:43:55: [SM]   [0]  Line 387, C:\Users\Arkarr\Desktop\SAVM.sp::GotDatabase()
L 06/12/2016 - 20:52:31: Error log file session closed.
L 06/12/2016 - 20:53:31: SourceMod error session started
L 06/12/2016 - 20:53:31: Info (map "workshop/125611976/aim_shootout") (file "errors_20160612.log")
L 06/12/2016 - 20:53:31: [SM] Plugin encountered error 25: Call was aborted
L 06/12/2016 - 20:53:31: [SM] Native "SetFailState" reported: [SAVM] Error with database : [2003]: Can't connect to MySQL server on '186.64.115.140' (4)
L 06/12/2016 - 20:53:31: [SM] Displaying call stack trace for plugin "SAVM.smx":
L 06/12/2016 - 20:53:31: [SM]   [0]  Line 387, C:\Users\Arkarr\Desktop\SAVM.sp::GotDatabase()
L 06/12/2016 - 21:03:57: Error log file session closed.
L 06/12/2016 - 21:04:57: SourceMod error session started
L 06/12/2016 - 21:04:57: Info (map "workshop/146351995/ar_arena") (file "errors_20160612.log")
L 06/12/2016 - 21:04:57: [SM] Plugin encountered error 25: Call was aborted
L 06/12/2016 - 21:04:57: [SM] Native "SetFailState" reported: [SAVM] Error with database : [2003]: Can't connect to MySQL server on '186.64.115.140' (4)
L 06/12/2016 - 21:04:57: [SM] Displaying call stack trace for plugin "SAVM.smx":
L 06/12/2016 - 21:04:57: [SM]   [0]  Line 387, C:\Users\Arkarr\Desktop\SAVM.sp::GotDatabase()
L 06/12/2016 - 21:18:44: Error log file session closed.
L 06/12/2016 - 21:19:44: SourceMod error session started
L 06/12/2016 - 21:19:44: Info (map "workshop/338637068/gg_bloodstroke_dtk") (file "errors_20160612.log")
L 06/12/2016 - 21:19:44: [SM] Plugin encountered error 25: Call was aborted
L 06/12/2016 - 21:19:44: [SM] Native "SetFailState" reported: [SAVM] Error with database : [2003]: Can't connect to MySQL server on '186.64.115.140' (4)
L 06/12/2016 - 21:19:44: [SM] Displaying call stack trace for plugin "SAVM.smx":
L 06/12/2016 - 21:19:44: [SM]   [0]  Line 387, C:\Users\Arkarr\Desktop\SAVM.sp::GotDatabase()
L 06/12/2016 - 21:29:16: Error log file session closed.
L 06/12/2016 - 21:30:16: SourceMod error session started
L 06/12/2016 - 21:30:16: Info (map "workshop/125653222/fy_stoneworld_t0_beta3") (file "errors_20160612.log")
L 06/12/2016 - 21:30:16: [SM] Plugin encountered error 25: Call was aborted
L 06/12/2016 - 21:30:16: [SM] Native "SetFailState" reported: [SAVM] Error with database : [2003]: Can't connect to MySQL server on '186.64.115.140' (4)
L 06/12/2016 - 21:30:16: [SM] Displaying call stack trace for plugin "SAVM.smx":
L 06/12/2016 - 21:30:16: [SM]   [0]  Line 387, C:\Users\Arkarr\Desktop\SAVM.sp::GotDatabase()
L 06/12/2016 - 21:44:54: Error log file session closed.
L 06/12/2016 - 21:45:55: SourceMod error session started
L 06/12/2016 - 21:45:55: Info (map "workshop/433285804/35hp_riptosarena") (file "errors_20160612.log")
L 06/12/2016 - 21:45:55: [SM] Plugin encountered error 25: Call was aborted
L 06/12/2016 - 21:45:55: [SM] Native "SetFailState" reported: [SAVM] Error with database : [2003]: Can't connect to MySQL server on '186.64.115.140' (4)
L 06/12/2016 - 21:45:55: [SM] Displaying call stack trace for plugin "SAVM.smx":
L 06/12/2016 - 21:45:55: [SM]   [0]  Line 387, C:\Users\Arkarr\Desktop\SAVM.sp::GotDatabase()
L 06/12/2016 - 21:57:59: Error log file session closed.
L 06/12/2016 - 21:58:59: SourceMod error session started
L 06/12/2016 - 21:58:59: Info (map "workshop/177557647/ar_beach") (file "errors_20160612.log")
L 06/12/2016 - 21:58:59: [SM] Plugin encountered error 25: Call was aborted
L 06/12/2016 - 21:58:59: [SM] Native "SetFailState" reported: [SAVM] Error with database : [2003]: Can't connect to MySQL server on '186.64.115.140' (4)
L 06/12/2016 - 21:58:59: [SM] Displaying call stack trace for plugin "SAVM.smx":
L 06/12/2016 - 21:58:59: [SM]   [0]  Line 387, C:\Users\Arkarr\Desktop\SAVM.sp::GotDatabase()
L 06/12/2016 - 22:09:03: Error log file session closed.
L 06/12/2016 - 22:10:03: SourceMod error session started
L 06/12/2016 - 22:10:03: Info (map "workshop/175312411/ar_underworld") (file "errors_20160612.log")
L 06/12/2016 - 22:10:03: [SM] Plugin encountered error 25: Call was aborted
L 06/12/2016 - 22:10:03: [SM] Native "SetFailState" reported: [SAVM] Error with database : [2003]: Can't connect to MySQL server on '186.64.115.140' (4)
L 06/12/2016 - 22:10:03: [SM] Displaying call stack trace for plugin "SAVM.smx":
L 06/12/2016 - 22:10:03: [SM]   [0]  Line 387, C:\Users\Arkarr\Desktop\SAVM.sp::GotDatabase()
L 06/12/2016 - 22:16:46: Error log file session closed.
L 06/12/2016 - 22:17:46: SourceMod error session started
L 06/12/2016 - 22:17:46: Info (map "workshop/307921746/aim_awp_bungalow") (file "errors_20160612.log")
L 06/12/2016 - 22:17:46: [SM] Plugin encountered error 25: Call was aborted
L 06/12/2016 - 22:17:46: [SM] Native "SetFailState" reported: [SAVM] Error with database : [2003]: Can't connect to MySQL server on '186.64.115.140' (4)
L 06/12/2016 - 22:17:46: [SM] Displaying call stack trace for plugin "SAVM.smx":
L 06/12/2016 - 22:17:46: [SM]   [0]  Line 387, C:\Users\Arkarr\Desktop\SAVM.sp::GotDatabase()
L 06/12/2016 - 22:32:20: Error log file session closed.
L 06/12/2016 - 22:33:20: SourceMod error session started
L 06/12/2016 - 22:33:20: Info (map "workshop/258530919/ar_rxg-gravity") (file "errors_20160612.log")
L 06/12/2016 - 22:33:20: [SM] Plugin encountered error 25: Call was aborted
L 06/12/2016 - 22:33:20: [SM] Native "SetFailState" reported: [SAVM] Error with database : [2003]: Can't connect to MySQL server on '186.64.115.140' (4)
L 06/12/2016 - 22:33:20: [SM] Displaying call stack trace for plugin "SAVM.smx":
L 06/12/2016 - 22:33:20: [SM]   [0]  Line 387, C:\Users\Arkarr\Desktop\SAVM.sp::GotDatabase()
L 06/12/2016 - 22:53:34: Error log file session closed.
L 06/12/2016 - 22:54:34: SourceMod error session started
L 06/12/2016 - 22:54:34: Info (map "workshop/366218981/awp_lego_3") (file "errors_20160612.log")
L 06/12/2016 - 22:54:34: [SM] Plugin encountered error 25: Call was aborted
L 06/12/2016 - 22:54:34: [SM] Native "SetFailState" reported: [SAVM] Error with database : [2003]: Can't connect to MySQL server on '186.64.115.140' (4)
L 06/12/2016 - 22:54:34: [SM] Displaying call stack trace for plugin "SAVM.smx":
L 06/12/2016 - 22:54:34: [SM]   [0]  Line 387, C:\Users\Arkarr\Desktop\SAVM.sp::GotDatabase()
L 06/12/2016 - 23:08:55: Error log file session closed.
L 06/12/2016 - 23:09:55: SourceMod error session started
L 06/12/2016 - 23:09:55: Info (map "workshop/177557647/ar_beach") (file "errors_20160612.log")
L 06/12/2016 - 23:09:55: [SM] Plugin encountered error 25: Call was aborted
L 06/12/2016 - 23:09:55: [SM] Native "SetFailState" reported: [SAVM] Error with database : [2003]: Can't connect to MySQL server on '186.64.115.140' (4)
L 06/12/2016 - 23:09:55: [SM] Displaying call stack trace for plugin "SAVM.smx":
L 06/12/2016 - 23:09:55: [SM]   [0]  Line 387, C:\Users\Arkarr\Desktop\SAVM.sp::GotDatabase()
L 06/12/2016 - 23:19:39: Error log file session closed.
L 06/12/2016 - 23:20:39: SourceMod error session started
L 06/12/2016 - 23:20:39: Info (map "workshop/133684541/ar_storage") (file "errors_20160612.log")
L 06/12/2016 - 23:20:39: [SM] Plugin encountered error 25: Call was aborted
L 06/12/2016 - 23:20:39: [SM] Native "SetFailState" reported: [SAVM] Error with database : [2003]: Can't connect to MySQL server on '186.64.115.140' (4)
L 06/12/2016 - 23:20:39: [SM] Displaying call stack trace for plugin "SAVM.smx":
L 06/12/2016 - 23:20:39: [SM]   [0]  Line 387, C:\Users\Arkarr\Desktop\SAVM.sp::GotDatabase()
L 06/12/2016 - 23:37:02: Error log file session closed.
L 06/12/2016 - 23:38:02: SourceMod error session started
L 06/12/2016 - 23:38:02: Info (map "workshop/150343780/gg_yellow_arena_1") (file "errors_20160612.log")
L 06/12/2016 - 23:38:02: [SM] Plugin encountered error 25: Call was aborted
L 06/12/2016 - 23:38:02: [SM] Native "SetFailState" reported: [SAVM] Error with database : [2003]: Can't connect to MySQL server on '186.64.115.140' (4)
L 06/12/2016 - 23:38:02: [SM] Displaying call stack trace for plugin "SAVM.smx":
L 06/12/2016 - 23:38:02: [SM]   [0]  Line 387, C:\Users\Arkarr\Desktop\SAVM.sp::GotDatabase()
L 06/12/2016 - 23:48:43: Error log file session closed.
L 06/12/2016 - 23:49:43: SourceMod error session started
L 06/12/2016 - 23:49:43: Info (map "workshop/259232628/ar_met_avengers") (file "errors_20160612.log")
L 06/12/2016 - 23:49:43: [SM] Plugin encountered error 25: Call was aborted
L 06/12/2016 - 23:49:43: [SM] Native "SetFailState" reported: [SAVM] Error with database : [2003]: Can't connect to MySQL server on '186.64.115.140' (4)
L 06/12/2016 - 23:49:43: [SM] Displaying call stack trace for plugin "SAVM.smx":
L 06/12/2016 - 23:49:43: [SM]   [0]  Line 387, C:\Users\Arkarr\Desktop\SAVM.sp::GotDatabase()
