L 06/14/2016 - 00:11:10: SourceMod error session started
L 06/14/2016 - 00:11:10: Info (map "workshop/147052492/gg_wolfenstein_3d") (file "errors_20160614.log")
L 06/14/2016 - 00:11:10: Error log file session closed.
L 06/14/2016 - 00:12:12: SourceMod error session started
L 06/14/2016 - 00:12:12: Info (map "workshop/175314656/ar_3rooms") (file "errors_20160614.log")
L 06/14/2016 - 00:12:12: [SM] Plugin encountered error 25: Call was aborted
L 06/14/2016 - 00:12:12: [SM] Native "SetFailState" reported: [SAVM] Error with database : [2003]: Can't connect to MySQL server on '186.64.115.140' (4)
L 06/14/2016 - 00:12:12: [SM] Displaying call stack trace for plugin "SAVM.smx":
L 06/14/2016 - 00:12:12: [SM]   [0]  Line 387, C:\Users\Arkarr\Desktop\SAVM.sp::GotDatabase()
L 06/14/2016 - 00:21:41: Error log file session closed.
L 06/14/2016 - 00:22:41: SourceMod error session started
L 06/14/2016 - 00:22:41: Info (map "workshop/206792994/gg_sex_fixed") (file "errors_20160614.log")
L 06/14/2016 - 00:22:41: [SM] Plugin encountered error 25: Call was aborted
L 06/14/2016 - 00:22:41: [SM] Native "SetFailState" reported: [SAVM] Error with database : [2003]: Can't connect to MySQL server on '186.64.115.140' (4)
L 06/14/2016 - 00:22:41: [SM] Displaying call stack trace for plugin "SAVM.smx":
L 06/14/2016 - 00:22:41: [SM]   [0]  Line 387, C:\Users\Arkarr\Desktop\SAVM.sp::GotDatabase()
L 06/14/2016 - 00:31:04: Error log file session closed.
L 06/14/2016 - 00:32:04: SourceMod error session started
L 06/14/2016 - 00:32:04: Info (map "workshop/133684541/ar_storage") (file "errors_20160614.log")
L 06/14/2016 - 00:32:04: [SM] Plugin encountered error 25: Call was aborted
L 06/14/2016 - 00:32:04: [SM] Native "SetFailState" reported: [SAVM] Error with database : [2003]: Can't connect to MySQL server on '186.64.115.140' (4)
L 06/14/2016 - 00:32:04: [SM] Displaying call stack trace for plugin "SAVM.smx":
L 06/14/2016 - 00:32:04: [SM]   [0]  Line 387, C:\Users\Arkarr\Desktop\SAVM.sp::GotDatabase()
L 06/14/2016 - 00:48:46: Error log file session closed.
L 06/14/2016 - 00:49:46: SourceMod error session started
L 06/14/2016 - 00:49:46: Info (map "workshop/249814502/$2000$csgo") (file "errors_20160614.log")
L 06/14/2016 - 00:49:46: [SM] Plugin encountered error 25: Call was aborted
L 06/14/2016 - 00:49:46: [SM] Native "SetFailState" reported: [SAVM] Error with database : [2003]: Can't connect to MySQL server on '186.64.115.140' (4)
L 06/14/2016 - 00:49:46: [SM] Displaying call stack trace for plugin "SAVM.smx":
L 06/14/2016 - 00:49:46: [SM]   [0]  Line 387, C:\Users\Arkarr\Desktop\SAVM.sp::GotDatabase()
L 06/14/2016 - 01:03:40: Error log file session closed.
L 06/14/2016 - 01:04:40: SourceMod error session started
L 06/14/2016 - 01:04:40: Info (map "workshop/438373873/aim_map_night") (file "errors_20160614.log")
L 06/14/2016 - 01:04:40: [SM] Plugin encountered error 25: Call was aborted
L 06/14/2016 - 01:04:40: [SM] Native "SetFailState" reported: [SAVM] Error with database : [2003]: Can't connect to MySQL server on '186.64.115.140' (4)
L 06/14/2016 - 01:04:40: [SM] Displaying call stack trace for plugin "SAVM.smx":
L 06/14/2016 - 01:04:40: [SM]   [0]  Line 387, C:\Users\Arkarr\Desktop\SAVM.sp::GotDatabase()
L 06/14/2016 - 01:15:20: Error log file session closed.
L 06/14/2016 - 01:16:20: SourceMod error session started
L 06/14/2016 - 01:16:20: Info (map "workshop/125750763/aim_warmup_d") (file "errors_20160614.log")
L 06/14/2016 - 01:16:20: [SM] Plugin encountered error 25: Call was aborted
L 06/14/2016 - 01:16:20: [SM] Native "SetFailState" reported: [SAVM] Error with database : [2003]: Can't connect to MySQL server on '186.64.115.140' (4)
L 06/14/2016 - 01:16:20: [SM] Displaying call stack trace for plugin "SAVM.smx":
L 06/14/2016 - 01:16:20: [SM]   [0]  Line 387, C:\Users\Arkarr\Desktop\SAVM.sp::GotDatabase()
L 06/14/2016 - 01:27:10: Error log file session closed.
L 06/14/2016 - 01:28:10: SourceMod error session started
L 06/14/2016 - 01:28:10: Info (map "workshop/307921746/aim_awp_bungalow") (file "errors_20160614.log")
L 06/14/2016 - 01:28:10: [SM] Plugin encountered error 25: Call was aborted
L 06/14/2016 - 01:28:10: [SM] Native "SetFailState" reported: [SAVM] Error with database : [2003]: Can't connect to MySQL server on '186.64.115.140' (4)
L 06/14/2016 - 01:28:10: [SM] Displaying call stack trace for plugin "SAVM.smx":
L 06/14/2016 - 01:28:10: [SM]   [0]  Line 387, C:\Users\Arkarr\Desktop\SAVM.sp::GotDatabase()
L 06/14/2016 - 01:43:38: Error log file session closed.
L 06/14/2016 - 01:44:38: SourceMod error session started
L 06/14/2016 - 01:44:38: Info (map "workshop/149100115/gg_FE_texture_shotz") (file "errors_20160614.log")
L 06/14/2016 - 01:44:38: [SM] Plugin encountered error 25: Call was aborted
L 06/14/2016 - 01:44:38: [SM] Native "SetFailState" reported: [SAVM] Error with database : [2003]: Can't connect to MySQL server on '186.64.115.140' (4)
L 06/14/2016 - 01:44:38: [SM] Displaying call stack trace for plugin "SAVM.smx":
L 06/14/2016 - 01:44:38: [SM]   [0]  Line 387, C:\Users\Arkarr\Desktop\SAVM.sp::GotDatabase()
L 06/14/2016 - 01:55:01: Error log file session closed.
L 06/14/2016 - 01:56:01: SourceMod error session started
L 06/14/2016 - 01:56:01: Info (map "workshop/126658652/gg_endorush") (file "errors_20160614.log")
L 06/14/2016 - 01:56:01: [SM] Plugin encountered error 25: Call was aborted
L 06/14/2016 - 01:56:01: [SM] Native "SetFailState" reported: [SAVM] Error with database : [2003]: Can't connect to MySQL server on '186.64.115.140' (4)
L 06/14/2016 - 01:56:01: [SM] Displaying call stack trace for plugin "SAVM.smx":
L 06/14/2016 - 01:56:01: [SM]   [0]  Line 387, C:\Users\Arkarr\Desktop\SAVM.sp::GotDatabase()
L 06/14/2016 - 02:09:38: Error log file session closed.
L 06/14/2016 - 02:10:38: SourceMod error session started
L 06/14/2016 - 02:10:38: Info (map "workshop/390444486/awp_batson_dev") (file "errors_20160614.log")
L 06/14/2016 - 02:10:38: [SM] Plugin encountered error 25: Call was aborted
L 06/14/2016 - 02:10:38: [SM] Native "SetFailState" reported: [SAVM] Error with database : [2003]: Can't connect to MySQL server on '186.64.115.140' (4)
L 06/14/2016 - 02:10:38: [SM] Displaying call stack trace for plugin "SAVM.smx":
L 06/14/2016 - 02:10:38: [SM]   [0]  Line 387, C:\Users\Arkarr\Desktop\SAVM.sp::GotDatabase()
L 06/14/2016 - 02:22:54: Error log file session closed.
L 06/14/2016 - 02:23:55: SourceMod error session started
L 06/14/2016 - 02:23:55: Info (map "workshop/449416365/2_rooms_w") (file "errors_20160614.log")
L 06/14/2016 - 02:23:55: [SM] Plugin encountered error 25: Call was aborted
L 06/14/2016 - 02:23:55: [SM] Native "SetFailState" reported: [SAVM] Error with database : [2003]: Can't connect to MySQL server on '186.64.115.140' (4)
L 06/14/2016 - 02:23:55: [SM] Displaying call stack trace for plugin "SAVM.smx":
L 06/14/2016 - 02:23:55: [SM]   [0]  Line 387, C:\Users\Arkarr\Desktop\SAVM.sp::GotDatabase()
L 06/14/2016 - 02:31:54: Error log file session closed.
L 06/14/2016 - 02:32:54: SourceMod error session started
L 06/14/2016 - 02:32:54: Info (map "workshop/125652030/fy_sandstone_t0") (file "errors_20160614.log")
L 06/14/2016 - 02:32:54: [SM] Plugin encountered error 25: Call was aborted
L 06/14/2016 - 02:32:54: [SM] Native "SetFailState" reported: [SAVM] Error with database : [2003]: Can't connect to MySQL server on '186.64.115.140' (4)
L 06/14/2016 - 02:32:54: [SM] Displaying call stack trace for plugin "SAVM.smx":
L 06/14/2016 - 02:32:54: [SM]   [0]  Line 387, C:\Users\Arkarr\Desktop\SAVM.sp::GotDatabase()
L 06/14/2016 - 02:42:18: Error log file session closed.
L 06/14/2016 - 02:43:18: SourceMod error session started
L 06/14/2016 - 02:43:18: Info (map "workshop/171893126/fy_house") (file "errors_20160614.log")
L 06/14/2016 - 02:43:18: [SM] Plugin encountered error 25: Call was aborted
L 06/14/2016 - 02:43:18: [SM] Native "SetFailState" reported: [SAVM] Error with database : [2003]: Can't connect to MySQL server on '186.64.115.140' (4)
L 06/14/2016 - 02:43:18: [SM] Displaying call stack trace for plugin "SAVM.smx":
L 06/14/2016 - 02:43:18: [SM]   [0]  Line 387, C:\Users\Arkarr\Desktop\SAVM.sp::GotDatabase()
L 06/14/2016 - 02:54:27: Error log file session closed.
L 06/14/2016 - 02:55:27: SourceMod error session started
L 06/14/2016 - 02:55:27: Info (map "workshop/177128990/ar_desertstorm") (file "errors_20160614.log")
L 06/14/2016 - 02:55:27: [SM] Plugin encountered error 25: Call was aborted
L 06/14/2016 - 02:55:27: [SM] Native "SetFailState" reported: [SAVM] Error with database : [2003]: Can't connect to MySQL server on '186.64.115.140' (4)
L 06/14/2016 - 02:55:27: [SM] Displaying call stack trace for plugin "SAVM.smx":
L 06/14/2016 - 02:55:27: [SM]   [0]  Line 387, C:\Users\Arkarr\Desktop\SAVM.sp::GotDatabase()
L 06/14/2016 - 03:03:21: Error log file session closed.
L 06/14/2016 - 03:04:21: SourceMod error session started
L 06/14/2016 - 03:04:21: Info (map "workshop/259232628/ar_met_avengers") (file "errors_20160614.log")
L 06/14/2016 - 03:04:21: [SM] Plugin encountered error 25: Call was aborted
L 06/14/2016 - 03:04:21: [SM] Native "SetFailState" reported: [SAVM] Error with database : [2003]: Can't connect to MySQL server on '186.64.115.140' (4)
L 06/14/2016 - 03:04:21: [SM] Displaying call stack trace for plugin "SAVM.smx":
L 06/14/2016 - 03:04:21: [SM]   [0]  Line 387, C:\Users\Arkarr\Desktop\SAVM.sp::GotDatabase()
L 06/14/2016 - 03:13:02: Error log file session closed.
L 06/14/2016 - 03:14:03: SourceMod error session started
L 06/14/2016 - 03:14:03: Info (map "workshop/314193157/mini_dust_pro") (file "errors_20160614.log")
L 06/14/2016 - 03:14:03: [SM] Plugin encountered error 25: Call was aborted
L 06/14/2016 - 03:14:03: [SM] Native "SetFailState" reported: [SAVM] Error with database : [2003]: Can't connect to MySQL server on '186.64.115.140' (4)
L 06/14/2016 - 03:14:03: [SM] Displaying call stack trace for plugin "SAVM.smx":
L 06/14/2016 - 03:14:03: [SM]   [0]  Line 387, C:\Users\Arkarr\Desktop\SAVM.sp::GotDatabase()
L 06/14/2016 - 03:27:23: Error log file session closed.
L 06/14/2016 - 03:28:23: SourceMod error session started
L 06/14/2016 - 03:28:23: Info (map "workshop/473836396/fy_arena_a1") (file "errors_20160614.log")
L 06/14/2016 - 03:28:23: [SM] Plugin encountered error 25: Call was aborted
L 06/14/2016 - 03:28:23: [SM] Native "SetFailState" reported: [SAVM] Error with database : [2003]: Can't connect to MySQL server on '186.64.115.140' (4)
L 06/14/2016 - 03:28:23: [SM] Displaying call stack trace for plugin "SAVM.smx":
L 06/14/2016 - 03:28:23: [SM]   [0]  Line 387, C:\Users\Arkarr\Desktop\SAVM.sp::GotDatabase()
L 06/14/2016 - 03:35:26: Error log file session closed.
L 06/14/2016 - 03:36:26: SourceMod error session started
L 06/14/2016 - 03:36:26: Info (map "workshop/400539860/aim_deagle_jakke") (file "errors_20160614.log")
L 06/14/2016 - 03:36:26: [SM] Plugin encountered error 25: Call was aborted
L 06/14/2016 - 03:36:26: [SM] Native "SetFailState" reported: [SAVM] Error with database : [2003]: Can't connect to MySQL server on '186.64.115.140' (4)
L 06/14/2016 - 03:36:26: [SM] Displaying call stack trace for plugin "SAVM.smx":
L 06/14/2016 - 03:36:26: [SM]   [0]  Line 387, C:\Users\Arkarr\Desktop\SAVM.sp::GotDatabase()
L 06/14/2016 - 03:47:09: Error log file session closed.
L 06/14/2016 - 03:48:10: SourceMod error session started
L 06/14/2016 - 03:48:10: Info (map "workshop/125651631/fy_dinoiceworld_t0") (file "errors_20160614.log")
L 06/14/2016 - 03:48:10: [SM] Plugin encountered error 25: Call was aborted
L 06/14/2016 - 03:48:10: [SM] Native "SetFailState" reported: [SAVM] Error with database : [2003]: Can't connect to MySQL server on '186.64.115.140' (4)
L 06/14/2016 - 03:48:10: [SM] Displaying call stack trace for plugin "SAVM.smx":
L 06/14/2016 - 03:48:10: [SM]   [0]  Line 387, C:\Users\Arkarr\Desktop\SAVM.sp::GotDatabase()
L 06/14/2016 - 03:59:45: Error log file session closed.
L 06/14/2016 - 04:00:45: SourceMod error session started
L 06/14/2016 - 04:00:45: Info (map "workshop/144290900/ar_cubedeath") (file "errors_20160614.log")
L 06/14/2016 - 04:00:45: [SM] Plugin encountered error 25: Call was aborted
L 06/14/2016 - 04:00:45: [SM] Native "SetFailState" reported: [SAVM] Error with database : [2003]: Can't connect to MySQL server on '186.64.115.140' (4)
L 06/14/2016 - 04:00:45: [SM] Displaying call stack trace for plugin "SAVM.smx":
L 06/14/2016 - 04:00:45: [SM]   [0]  Line 387, C:\Users\Arkarr\Desktop\SAVM.sp::GotDatabase()
L 06/14/2016 - 04:08:49: Error log file session closed.
L 06/14/2016 - 04:09:49: SourceMod error session started
L 06/14/2016 - 04:09:49: Info (map "workshop/314193157/mini_dust_pro") (file "errors_20160614.log")
L 06/14/2016 - 04:09:49: [SM] Plugin encountered error 25: Call was aborted
L 06/14/2016 - 04:09:49: [SM] Native "SetFailState" reported: [SAVM] Error with database : [2003]: Can't connect to MySQL server on '186.64.115.140' (4)
L 06/14/2016 - 04:09:49: [SM] Displaying call stack trace for plugin "SAVM.smx":
L 06/14/2016 - 04:09:49: [SM]   [0]  Line 387, C:\Users\Arkarr\Desktop\SAVM.sp::GotDatabase()
L 06/14/2016 - 04:22:20: Error log file session closed.
L 06/14/2016 - 04:23:20: SourceMod error session started
L 06/14/2016 - 04:23:20: Info (map "workshop/239943652/ar_gg_dm_fy_clusterfaak") (file "errors_20160614.log")
L 06/14/2016 - 04:23:20: [SM] Plugin encountered error 25: Call was aborted
L 06/14/2016 - 04:23:20: [SM] Native "SetFailState" reported: [SAVM] Error with database : [2003]: Can't connect to MySQL server on '186.64.115.140' (4)
L 06/14/2016 - 04:23:20: [SM] Displaying call stack trace for plugin "SAVM.smx":
L 06/14/2016 - 04:23:20: [SM]   [0]  Line 387, C:\Users\Arkarr\Desktop\SAVM.sp::GotDatabase()
L 06/14/2016 - 04:29:31: Error log file session closed.
L 06/14/2016 - 04:30:31: SourceMod error session started
L 06/14/2016 - 04:30:31: Info (map "workshop/307921746/aim_awp_bungalow") (file "errors_20160614.log")
L 06/14/2016 - 04:30:31: [SM] Plugin encountered error 25: Call was aborted
L 06/14/2016 - 04:30:31: [SM] Native "SetFailState" reported: [SAVM] Error with database : [2003]: Can't connect to MySQL server on '186.64.115.140' (4)
L 06/14/2016 - 04:30:31: [SM] Displaying call stack trace for plugin "SAVM.smx":
L 06/14/2016 - 04:30:31: [SM]   [0]  Line 387, C:\Users\Arkarr\Desktop\SAVM.sp::GotDatabase()
L 06/14/2016 - 04:40:58: Error log file session closed.
L 06/14/2016 - 04:41:58: SourceMod error session started
L 06/14/2016 - 04:41:58: Info (map "workshop/292275729/fy_kubarizek") (file "errors_20160614.log")
L 06/14/2016 - 04:41:58: [SM] Plugin encountered error 25: Call was aborted
L 06/14/2016 - 04:41:58: [SM] Native "SetFailState" reported: [SAVM] Error with database : [2003]: Can't connect to MySQL server on '186.64.115.140' (4)
L 06/14/2016 - 04:41:58: [SM] Displaying call stack trace for plugin "SAVM.smx":
L 06/14/2016 - 04:41:58: [SM]   [0]  Line 387, C:\Users\Arkarr\Desktop\SAVM.sp::GotDatabase()
L 06/14/2016 - 04:53:15: Error log file session closed.
L 06/14/2016 - 04:54:15: SourceMod error session started
L 06/14/2016 - 04:54:15: Info (map "workshop/239943652/ar_gg_dm_fy_clusterfaak") (file "errors_20160614.log")
L 06/14/2016 - 04:54:15: [SM] Plugin encountered error 25: Call was aborted
L 06/14/2016 - 04:54:15: [SM] Native "SetFailState" reported: [SAVM] Error with database : [2003]: Can't connect to MySQL server on '186.64.115.140' (4)
L 06/14/2016 - 04:54:15: [SM] Displaying call stack trace for plugin "SAVM.smx":
L 06/14/2016 - 04:54:15: [SM]   [0]  Line 387, C:\Users\Arkarr\Desktop\SAVM.sp::GotDatabase()
L 06/14/2016 - 04:59:38: Error log file session closed.
L 06/14/2016 - 05:00:38: SourceMod error session started
L 06/14/2016 - 05:00:38: Info (map "workshop/125653222/fy_stoneworld_t0_beta3") (file "errors_20160614.log")
L 06/14/2016 - 05:00:38: [SM] Plugin encountered error 25: Call was aborted
L 06/14/2016 - 05:00:38: [SM] Native "SetFailState" reported: [SAVM] Error with database : [2003]: Can't connect to MySQL server on '186.64.115.140' (4)
L 06/14/2016 - 05:00:38: [SM] Displaying call stack trace for plugin "SAVM.smx":
L 06/14/2016 - 05:00:38: [SM]   [0]  Line 387, C:\Users\Arkarr\Desktop\SAVM.sp::GotDatabase()
L 06/14/2016 - 05:09:55: Error log file session closed.
L 06/14/2016 - 06:01:55: SourceMod error session started
L 06/14/2016 - 06:01:55: Info (map "workshop/147320044/fy_snow_x_t0") (file "errors_20160614.log")
L 06/14/2016 - 06:01:55: [SM] Plugin encountered error 25: Call was aborted
L 06/14/2016 - 06:01:55: [SM] Native "SetFailState" reported: [SAVM] Error with database : [2003]: Can't connect to MySQL server on '186.64.115.140' (4)
L 06/14/2016 - 06:01:55: [SM] Displaying call stack trace for plugin "SAVM.smx":
L 06/14/2016 - 06:01:55: [SM]   [0]  Line 387, C:\Users\Arkarr\Desktop\SAVM.sp::GotDatabase()
L 06/14/2016 - 06:01:57: Error log file session closed.
L 06/14/2016 - 11:19:04: SourceMod error session started
L 06/14/2016 - 11:19:04: Info (map "workshop/147320044/fy_snow_x_t0") (file "errors_20160614.log")
L 06/14/2016 - 11:19:04: [SM] Plugin encountered error 25: Call was aborted
L 06/14/2016 - 11:19:04: [SM] Native "SetFailState" reported: [SAVM] Error with database : [2003]: Can't connect to MySQL server on '186.64.115.140' (4)
L 06/14/2016 - 11:19:04: [SM] Displaying call stack trace for plugin "SAVM.smx":
L 06/14/2016 - 11:19:04: [SM]   [0]  Line 387, C:\Users\Arkarr\Desktop\SAVM.sp::GotDatabase()
L 06/14/2016 - 11:19:05: Error log file session closed.
L 06/14/2016 - 11:20:06: SourceMod error session started
L 06/14/2016 - 11:20:06: Info (map "workshop/147320044/fy_snow_x_t0") (file "errors_20160614.log")
L 06/14/2016 - 11:20:06: [SM] Plugin encountered error 25: Call was aborted
L 06/14/2016 - 11:20:06: [SM] Native "SetFailState" reported: [SAVM] Error with database : [2003]: Can't connect to MySQL server on '186.64.115.140' (4)
L 06/14/2016 - 11:20:06: [SM] Displaying call stack trace for plugin "SAVM.smx":
L 06/14/2016 - 11:20:06: [SM]   [0]  Line 387, C:\Users\Arkarr\Desktop\SAVM.sp::GotDatabase()
L 06/14/2016 - 11:31:29: Error log file session closed.
L 06/14/2016 - 11:32:29: SourceMod error session started
L 06/14/2016 - 11:32:29: Info (map "workshop/562624578/gg_zenith") (file "errors_20160614.log")
L 06/14/2016 - 11:32:29: [SM] Plugin encountered error 25: Call was aborted
L 06/14/2016 - 11:32:29: [SM] Native "SetFailState" reported: [SAVM] Error with database : [2003]: Can't connect to MySQL server on '186.64.115.140' (4)
L 06/14/2016 - 11:32:29: [SM] Displaying call stack trace for plugin "SAVM.smx":
L 06/14/2016 - 11:32:29: [SM]   [0]  Line 387, C:\Users\Arkarr\Desktop\SAVM.sp::GotDatabase()
L 06/14/2016 - 11:44:09: Error log file session closed.
L 06/14/2016 - 11:45:09: SourceMod error session started
L 06/14/2016 - 11:45:09: Info (map "workshop/126643563/ar_concrete") (file "errors_20160614.log")
L 06/14/2016 - 11:45:09: [SM] Plugin encountered error 25: Call was aborted
L 06/14/2016 - 11:45:09: [SM] Native "SetFailState" reported: [SAVM] Error with database : [2003]: Can't connect to MySQL server on '186.64.115.140' (4)
L 06/14/2016 - 11:45:09: [SM] Displaying call stack trace for plugin "SAVM.smx":
L 06/14/2016 - 11:45:09: [SM]   [0]  Line 387, C:\Users\Arkarr\Desktop\SAVM.sp::GotDatabase()
L 06/14/2016 - 11:55:05: Error log file session closed.
L 06/14/2016 - 11:56:05: SourceMod error session started
L 06/14/2016 - 11:56:05: Info (map "workshop/175314656/ar_3rooms") (file "errors_20160614.log")
L 06/14/2016 - 11:56:05: [SM] Plugin encountered error 25: Call was aborted
L 06/14/2016 - 11:56:05: [SM] Native "SetFailState" reported: [SAVM] Error with database : [2003]: Can't connect to MySQL server on '186.64.115.140' (4)
L 06/14/2016 - 11:56:05: [SM] Displaying call stack trace for plugin "SAVM.smx":
L 06/14/2016 - 11:56:05: [SM]   [0]  Line 387, C:\Users\Arkarr\Desktop\SAVM.sp::GotDatabase()
L 06/14/2016 - 12:03:31: Error log file session closed.
L 06/14/2016 - 12:04:31: SourceMod error session started
L 06/14/2016 - 12:04:31: Info (map "workshop/165993910/fy_tibet") (file "errors_20160614.log")
L 06/14/2016 - 12:04:31: [SM] Plugin encountered error 25: Call was aborted
L 06/14/2016 - 12:04:31: [SM] Native "SetFailState" reported: [SAVM] Error with database : [2003]: Can't connect to MySQL server on '186.64.115.140' (4)
L 06/14/2016 - 12:04:31: [SM] Displaying call stack trace for plugin "SAVM.smx":
L 06/14/2016 - 12:04:31: [SM]   [0]  Line 387, C:\Users\Arkarr\Desktop\SAVM.sp::GotDatabase()
L 06/14/2016 - 12:10:15: Error log file session closed.
L 06/14/2016 - 12:11:16: SourceMod error session started
L 06/14/2016 - 12:11:16: Info (map "workshop/125621707/aim_deagle7k") (file "errors_20160614.log")
L 06/14/2016 - 12:11:16: [SM] Plugin encountered error 25: Call was aborted
L 06/14/2016 - 12:11:16: [SM] Native "SetFailState" reported: [SAVM] Error with database : [2003]: Can't connect to MySQL server on '186.64.115.140' (4)
L 06/14/2016 - 12:11:16: [SM] Displaying call stack trace for plugin "SAVM.smx":
L 06/14/2016 - 12:11:16: [SM]   [0]  Line 387, C:\Users\Arkarr\Desktop\SAVM.sp::GotDatabase()
L 06/14/2016 - 12:26:57: Error log file session closed.
L 06/14/2016 - 12:27:57: SourceMod error session started
L 06/14/2016 - 12:27:57: Info (map "workshop/390444486/awp_batson_dev") (file "errors_20160614.log")
L 06/14/2016 - 12:27:57: [SM] Plugin encountered error 25: Call was aborted
L 06/14/2016 - 12:27:57: [SM] Native "SetFailState" reported: [SAVM] Error with database : [2003]: Can't connect to MySQL server on '186.64.115.140' (4)
L 06/14/2016 - 12:27:57: [SM] Displaying call stack trace for plugin "SAVM.smx":
L 06/14/2016 - 12:27:57: [SM]   [0]  Line 387, C:\Users\Arkarr\Desktop\SAVM.sp::GotDatabase()
L 06/14/2016 - 12:43:47: Error log file session closed.
L 06/14/2016 - 12:44:47: SourceMod error session started
L 06/14/2016 - 12:44:47: Info (map "workshop/152639387/fy_infinity") (file "errors_20160614.log")
L 06/14/2016 - 12:44:47: [SM] Plugin encountered error 25: Call was aborted
L 06/14/2016 - 12:44:47: [SM] Native "SetFailState" reported: [SAVM] Error with database : [2003]: Can't connect to MySQL server on '186.64.115.140' (4)
L 06/14/2016 - 12:44:47: [SM] Displaying call stack trace for plugin "SAVM.smx":
L 06/14/2016 - 12:44:47: [SM]   [0]  Line 387, C:\Users\Arkarr\Desktop\SAVM.sp::GotDatabase()
L 06/14/2016 - 12:55:22: Error log file session closed.
L 06/14/2016 - 12:56:22: SourceMod error session started
L 06/14/2016 - 12:56:22: Info (map "workshop/147052492/gg_wolfenstein_3d") (file "errors_20160614.log")
L 06/14/2016 - 12:56:22: [SM] Plugin encountered error 25: Call was aborted
L 06/14/2016 - 12:56:22: [SM] Native "SetFailState" reported: [SAVM] Error with database : [2003]: Can't connect to MySQL server on '186.64.115.140' (4)
L 06/14/2016 - 12:56:22: [SM] Displaying call stack trace for plugin "SAVM.smx":
L 06/14/2016 - 12:56:22: [SM]   [0]  Line 387, C:\Users\Arkarr\Desktop\SAVM.sp::GotDatabase()
L 06/14/2016 - 13:05:30: Error log file session closed.
L 06/14/2016 - 13:06:30: SourceMod error session started
L 06/14/2016 - 13:06:30: Info (map "workshop/449416365/2_rooms_w") (file "errors_20160614.log")
L 06/14/2016 - 13:06:30: [SM] Plugin encountered error 25: Call was aborted
L 06/14/2016 - 13:06:30: [SM] Native "SetFailState" reported: [SAVM] Error with database : [2003]: Can't connect to MySQL server on '186.64.115.140' (4)
L 06/14/2016 - 13:06:30: [SM] Displaying call stack trace for plugin "SAVM.smx":
L 06/14/2016 - 13:06:30: [SM]   [0]  Line 387, C:\Users\Arkarr\Desktop\SAVM.sp::GotDatabase()
L 06/14/2016 - 13:13:32: Error log file session closed.
L 06/14/2016 - 13:14:32: SourceMod error session started
L 06/14/2016 - 13:14:32: Info (map "workshop/305015405/fy_repub") (file "errors_20160614.log")
L 06/14/2016 - 13:14:32: [SM] Plugin encountered error 25: Call was aborted
L 06/14/2016 - 13:14:32: [SM] Native "SetFailState" reported: [SAVM] Error with database : [2003]: Can't connect to MySQL server on '186.64.115.140' (4)
L 06/14/2016 - 13:14:32: [SM] Displaying call stack trace for plugin "SAVM.smx":
L 06/14/2016 - 13:14:32: [SM]   [0]  Line 387, C:\Users\Arkarr\Desktop\SAVM.sp::GotDatabase()
L 06/14/2016 - 13:26:06: Error log file session closed.
L 06/14/2016 - 13:27:06: SourceMod error session started
L 06/14/2016 - 13:27:06: Info (map "workshop/175410200/ar_funtimes") (file "errors_20160614.log")
L 06/14/2016 - 13:27:06: [SM] Plugin encountered error 25: Call was aborted
L 06/14/2016 - 13:27:06: [SM] Native "SetFailState" reported: [SAVM] Error with database : [2003]: Can't connect to MySQL server on '186.64.115.140' (4)
L 06/14/2016 - 13:27:06: [SM] Displaying call stack trace for plugin "SAVM.smx":
L 06/14/2016 - 13:27:06: [SM]   [0]  Line 387, C:\Users\Arkarr\Desktop\SAVM.sp::GotDatabase()
L 06/14/2016 - 13:38:57: Error log file session closed.
L 06/14/2016 - 13:39:58: SourceMod error session started
L 06/14/2016 - 13:39:58: Info (map "workshop/473836396/fy_arena_a1") (file "errors_20160614.log")
L 06/14/2016 - 13:39:58: [SM] Plugin encountered error 25: Call was aborted
L 06/14/2016 - 13:39:58: [SM] Native "SetFailState" reported: [SAVM] Error with database : [2003]: Can't connect to MySQL server on '186.64.115.140' (4)
L 06/14/2016 - 13:39:58: [SM] Displaying call stack trace for plugin "SAVM.smx":
L 06/14/2016 - 13:39:58: [SM]   [0]  Line 387, C:\Users\Arkarr\Desktop\SAVM.sp::GotDatabase()
L 06/14/2016 - 13:49:39: Error log file session closed.
L 06/14/2016 - 13:50:39: SourceMod error session started
L 06/14/2016 - 13:50:39: Info (map "ar_baggage") (file "errors_20160614.log")
L 06/14/2016 - 13:50:39: [SM] Plugin encountered error 25: Call was aborted
L 06/14/2016 - 13:50:39: [SM] Native "SetFailState" reported: [SAVM] Error with database : [2003]: Can't connect to MySQL server on '186.64.115.140' (4)
L 06/14/2016 - 13:50:39: [SM] Displaying call stack trace for plugin "SAVM.smx":
L 06/14/2016 - 13:50:39: [SM]   [0]  Line 387, C:\Users\Arkarr\Desktop\SAVM.sp::GotDatabase()
L 06/14/2016 - 14:04:59: Error log file session closed.
L 06/14/2016 - 14:05:59: SourceMod error session started
L 06/14/2016 - 14:05:59: Info (map "workshop/301918935/aim_bluebox") (file "errors_20160614.log")
L 06/14/2016 - 14:05:59: [SM] Plugin encountered error 25: Call was aborted
L 06/14/2016 - 14:05:59: [SM] Native "SetFailState" reported: [SAVM] Error with database : [2003]: Can't connect to MySQL server on '186.64.115.140' (4)
L 06/14/2016 - 14:05:59: [SM] Displaying call stack trace for plugin "SAVM.smx":
L 06/14/2016 - 14:05:59: [SM]   [0]  Line 387, C:\Users\Arkarr\Desktop\SAVM.sp::GotDatabase()
L 06/14/2016 - 14:25:36: Error log file session closed.
L 06/14/2016 - 14:26:36: SourceMod error session started
L 06/14/2016 - 14:26:36: Info (map "workshop/301918935/aim_bluebox") (file "errors_20160614.log")
L 06/14/2016 - 14:26:36: [SM] Plugin encountered error 25: Call was aborted
L 06/14/2016 - 14:26:36: [SM] Native "SetFailState" reported: [SAVM] Error with database : [2003]: Can't connect to MySQL server on '186.64.115.140' (4)
L 06/14/2016 - 14:26:36: [SM] Displaying call stack trace for plugin "SAVM.smx":
L 06/14/2016 - 14:26:36: [SM]   [0]  Line 387, C:\Users\Arkarr\Desktop\SAVM.sp::GotDatabase()
L 06/14/2016 - 14:37:38: Error log file session closed.
L 06/14/2016 - 14:38:38: SourceMod error session started
L 06/14/2016 - 14:38:38: Info (map "workshop/125625992/fy_urbanstreets") (file "errors_20160614.log")
L 06/14/2016 - 14:38:38: [SM] Plugin encountered error 25: Call was aborted
L 06/14/2016 - 14:38:38: [SM] Native "SetFailState" reported: [SAVM] Error with database : [2003]: Can't connect to MySQL server on '186.64.115.140' (4)
L 06/14/2016 - 14:38:38: [SM] Displaying call stack trace for plugin "SAVM.smx":
L 06/14/2016 - 14:38:38: [SM]   [0]  Line 387, C:\Users\Arkarr\Desktop\SAVM.sp::GotDatabase()
L 06/14/2016 - 14:47:09: Error log file session closed.
L 06/14/2016 - 14:48:09: SourceMod error session started
L 06/14/2016 - 14:48:09: Info (map "workshop/125625992/fy_urbanstreets") (file "errors_20160614.log")
L 06/14/2016 - 14:48:09: [SM] Plugin encountered error 25: Call was aborted
L 06/14/2016 - 14:48:09: [SM] Native "SetFailState" reported: [SAVM] Error with database : [2003]: Can't connect to MySQL server on '186.64.115.140' (4)
L 06/14/2016 - 14:48:09: [SM] Displaying call stack trace for plugin "SAVM.smx":
L 06/14/2016 - 14:48:09: [SM]   [0]  Line 387, C:\Users\Arkarr\Desktop\SAVM.sp::GotDatabase()
L 06/14/2016 - 15:02:09: Error log file session closed.
L 06/14/2016 - 15:03:09: SourceMod error session started
L 06/14/2016 - 15:03:09: Info (map "workshop/125625992/fy_urbanstreets") (file "errors_20160614.log")
L 06/14/2016 - 15:03:09: [SM] Plugin encountered error 25: Call was aborted
L 06/14/2016 - 15:03:09: [SM] Native "SetFailState" reported: [SAVM] Error with database : [2003]: Can't connect to MySQL server on '186.64.115.140' (4)
L 06/14/2016 - 15:03:09: [SM] Displaying call stack trace for plugin "SAVM.smx":
L 06/14/2016 - 15:03:09: [SM]   [0]  Line 387, C:\Users\Arkarr\Desktop\SAVM.sp::GotDatabase()
L 06/14/2016 - 15:23:46: Error log file session closed.
L 06/14/2016 - 15:24:46: SourceMod error session started
L 06/14/2016 - 15:24:46: Info (map "workshop/125625992/fy_urbanstreets") (file "errors_20160614.log")
L 06/14/2016 - 15:24:46: [SM] Plugin encountered error 25: Call was aborted
L 06/14/2016 - 15:24:46: [SM] Native "SetFailState" reported: [SAVM] Error with database : [2003]: Can't connect to MySQL server on '186.64.115.140' (4)
L 06/14/2016 - 15:24:46: [SM] Displaying call stack trace for plugin "SAVM.smx":
L 06/14/2016 - 15:24:46: [SM]   [0]  Line 387, C:\Users\Arkarr\Desktop\SAVM.sp::GotDatabase()
L 06/14/2016 - 15:31:29: Error log file session closed.
L 06/14/2016 - 15:32:29: SourceMod error session started
L 06/14/2016 - 15:32:29: Info (map "workshop/307921746/aim_awp_bungalow") (file "errors_20160614.log")
L 06/14/2016 - 15:32:29: [SM] Plugin encountered error 25: Call was aborted
L 06/14/2016 - 15:32:29: [SM] Native "SetFailState" reported: [SAVM] Error with database : [2003]: Can't connect to MySQL server on '186.64.115.140' (4)
L 06/14/2016 - 15:32:29: [SM] Displaying call stack trace for plugin "SAVM.smx":
L 06/14/2016 - 15:32:29: [SM]   [0]  Line 387, C:\Users\Arkarr\Desktop\SAVM.sp::GotDatabase()
L 06/14/2016 - 15:40:29: Error log file session closed.
L 06/14/2016 - 15:41:29: SourceMod error session started
L 06/14/2016 - 15:41:29: Info (map "workshop/302792822/aim_bedi_awp_map") (file "errors_20160614.log")
L 06/14/2016 - 15:41:29: [SM] Plugin encountered error 25: Call was aborted
L 06/14/2016 - 15:41:29: [SM] Native "SetFailState" reported: [SAVM] Error with database : [2003]: Can't connect to MySQL server on '186.64.115.140' (4)
L 06/14/2016 - 15:41:29: [SM] Displaying call stack trace for plugin "SAVM.smx":
L 06/14/2016 - 15:41:29: [SM]   [0]  Line 387, C:\Users\Arkarr\Desktop\SAVM.sp::GotDatabase()
L 06/14/2016 - 15:58:12: Error log file session closed.
L 06/14/2016 - 15:59:12: SourceMod error session started
L 06/14/2016 - 15:59:12: Info (map "workshop/400539860/aim_deagle_jakke") (file "errors_20160614.log")
L 06/14/2016 - 15:59:12: [SM] Plugin encountered error 25: Call was aborted
L 06/14/2016 - 15:59:12: [SM] Native "SetFailState" reported: [SAVM] Error with database : [2003]: Can't connect to MySQL server on '186.64.115.140' (4)
L 06/14/2016 - 15:59:12: [SM] Displaying call stack trace for plugin "SAVM.smx":
L 06/14/2016 - 15:59:12: [SM]   [0]  Line 387, C:\Users\Arkarr\Desktop\SAVM.sp::GotDatabase()
L 06/14/2016 - 16:08:19: Error log file session closed.
L 06/14/2016 - 16:09:19: SourceMod error session started
L 06/14/2016 - 16:09:19: Info (map "workshop/126643563/ar_concrete") (file "errors_20160614.log")
L 06/14/2016 - 16:09:19: [SM] Plugin encountered error 25: Call was aborted
L 06/14/2016 - 16:09:19: [SM] Native "SetFailState" reported: [SAVM] Error with database : [2003]: Can't connect to MySQL server on '186.64.115.140' (4)
L 06/14/2016 - 16:09:19: [SM] Displaying call stack trace for plugin "SAVM.smx":
L 06/14/2016 - 16:09:19: [SM]   [0]  Line 387, C:\Users\Arkarr\Desktop\SAVM.sp::GotDatabase()
L 06/14/2016 - 16:21:04: Error log file session closed.
L 06/14/2016 - 16:22:04: SourceMod error session started
L 06/14/2016 - 16:22:04: Info (map "workshop/132434038/ak-47_map_csgo") (file "errors_20160614.log")
L 06/14/2016 - 16:22:04: [SM] Plugin encountered error 25: Call was aborted
L 06/14/2016 - 16:22:04: [SM] Native "SetFailState" reported: [SAVM] Error with database : [2003]: Can't connect to MySQL server on '186.64.115.140' (4)
L 06/14/2016 - 16:22:04: [SM] Displaying call stack trace for plugin "SAVM.smx":
L 06/14/2016 - 16:22:04: [SM]   [0]  Line 387, C:\Users\Arkarr\Desktop\SAVM.sp::GotDatabase()
L 06/14/2016 - 16:28:56: Error log file session closed.
L 06/14/2016 - 16:29:56: SourceMod error session started
L 06/14/2016 - 16:29:56: Info (map "workshop/177557647/ar_beach") (file "errors_20160614.log")
L 06/14/2016 - 16:29:56: [SM] Plugin encountered error 25: Call was aborted
L 06/14/2016 - 16:29:56: [SM] Native "SetFailState" reported: [SAVM] Error with database : [2003]: Can't connect to MySQL server on '186.64.115.140' (4)
L 06/14/2016 - 16:29:56: [SM] Displaying call stack trace for plugin "SAVM.smx":
L 06/14/2016 - 16:29:56: [SM]   [0]  Line 387, C:\Users\Arkarr\Desktop\SAVM.sp::GotDatabase()
L 06/14/2016 - 16:35:27: Error log file session closed.
L 06/14/2016 - 16:36:27: SourceMod error session started
L 06/14/2016 - 16:36:27: Info (map "workshop/175410200/ar_funtimes") (file "errors_20160614.log")
L 06/14/2016 - 16:36:27: [SM] Plugin encountered error 25: Call was aborted
L 06/14/2016 - 16:36:27: [SM] Native "SetFailState" reported: [SAVM] Error with database : [2003]: Can't connect to MySQL server on '186.64.115.140' (4)
L 06/14/2016 - 16:36:27: [SM] Displaying call stack trace for plugin "SAVM.smx":
L 06/14/2016 - 16:36:27: [SM]   [0]  Line 387, C:\Users\Arkarr\Desktop\SAVM.sp::GotDatabase()
L 06/14/2016 - 16:47:06: Error log file session closed.
L 06/14/2016 - 16:48:06: SourceMod error session started
L 06/14/2016 - 16:48:06: Info (map "workshop/314193157/mini_dust_pro") (file "errors_20160614.log")
L 06/14/2016 - 16:48:06: [SM] Plugin encountered error 25: Call was aborted
L 06/14/2016 - 16:48:06: [SM] Native "SetFailState" reported: [SAVM] Error with database : [2003]: Can't connect to MySQL server on '186.64.115.140' (4)
L 06/14/2016 - 16:48:06: [SM] Displaying call stack trace for plugin "SAVM.smx":
L 06/14/2016 - 16:48:06: [SM]   [0]  Line 387, C:\Users\Arkarr\Desktop\SAVM.sp::GotDatabase()
L 06/14/2016 - 17:02:10: Error log file session closed.
L 06/14/2016 - 17:03:10: SourceMod error session started
L 06/14/2016 - 17:03:10: Info (map "workshop/125651388/fy_snow_t0") (file "errors_20160614.log")
L 06/14/2016 - 17:03:10: [SM] Plugin encountered error 25: Call was aborted
L 06/14/2016 - 17:03:10: [SM] Native "SetFailState" reported: [SAVM] Error with database : [2003]: Can't connect to MySQL server on '186.64.115.140' (4)
L 06/14/2016 - 17:03:10: [SM] Displaying call stack trace for plugin "SAVM.smx":
L 06/14/2016 - 17:03:10: [SM]   [0]  Line 387, C:\Users\Arkarr\Desktop\SAVM.sp::GotDatabase()
L 06/14/2016 - 17:15:51: Error log file session closed.
L 06/14/2016 - 17:16:51: SourceMod error session started
L 06/14/2016 - 17:16:51: Info (map "workshop/595069956/aim_map_ak47") (file "errors_20160614.log")
L 06/14/2016 - 17:16:51: [SM] Plugin encountered error 25: Call was aborted
L 06/14/2016 - 17:16:51: [SM] Native "SetFailState" reported: [SAVM] Error with database : [2003]: Can't connect to MySQL server on '186.64.115.140' (4)
L 06/14/2016 - 17:16:51: [SM] Displaying call stack trace for plugin "SAVM.smx":
L 06/14/2016 - 17:16:51: [SM]   [0]  Line 387, C:\Users\Arkarr\Desktop\SAVM.sp::GotDatabase()
L 06/14/2016 - 17:26:37: Error log file session closed.
L 06/14/2016 - 17:27:37: SourceMod error session started
L 06/14/2016 - 17:27:37: Info (map "workshop/366218981/awp_lego_3") (file "errors_20160614.log")
L 06/14/2016 - 17:27:37: [SM] Plugin encountered error 25: Call was aborted
L 06/14/2016 - 17:27:37: [SM] Native "SetFailState" reported: [SAVM] Error with database : [2003]: Can't connect to MySQL server on '186.64.115.140' (4)
L 06/14/2016 - 17:27:37: [SM] Displaying call stack trace for plugin "SAVM.smx":
L 06/14/2016 - 17:27:37: [SM]   [0]  Line 387, C:\Users\Arkarr\Desktop\SAVM.sp::GotDatabase()
L 06/14/2016 - 17:35:11: Error log file session closed.
L 06/14/2016 - 17:36:11: SourceMod error session started
L 06/14/2016 - 17:36:11: Info (map "workshop/201349329/fy_simpsons_32") (file "errors_20160614.log")
L 06/14/2016 - 17:36:11: [SM] Plugin encountered error 25: Call was aborted
L 06/14/2016 - 17:36:11: [SM] Native "SetFailState" reported: [SAVM] Error with database : [2003]: Can't connect to MySQL server on '186.64.115.140' (4)
L 06/14/2016 - 17:36:11: [SM] Displaying call stack trace for plugin "SAVM.smx":
L 06/14/2016 - 17:36:11: [SM]   [0]  Line 387, C:\Users\Arkarr\Desktop\SAVM.sp::GotDatabase()
L 06/14/2016 - 17:48:22: Error log file session closed.
L 06/14/2016 - 17:49:22: SourceMod error session started
L 06/14/2016 - 17:49:22: Info (map "workshop/449416365/2_rooms_w") (file "errors_20160614.log")
L 06/14/2016 - 17:49:22: [SM] Plugin encountered error 25: Call was aborted
L 06/14/2016 - 17:49:22: [SM] Native "SetFailState" reported: [SAVM] Error with database : [2003]: Can't connect to MySQL server on '186.64.115.140' (4)
L 06/14/2016 - 17:49:22: [SM] Displaying call stack trace for plugin "SAVM.smx":
L 06/14/2016 - 17:49:22: [SM]   [0]  Line 387, C:\Users\Arkarr\Desktop\SAVM.sp::GotDatabase()
L 06/14/2016 - 17:58:28: Error log file session closed.
L 06/14/2016 - 17:59:29: SourceMod error session started
L 06/14/2016 - 17:59:29: Info (map "workshop/125651872/fy_dinoiceworld2_t0") (file "errors_20160614.log")
L 06/14/2016 - 17:59:29: [SM] Plugin encountered error 25: Call was aborted
L 06/14/2016 - 17:59:29: [SM] Native "SetFailState" reported: [SAVM] Error with database : [2003]: Can't connect to MySQL server on '186.64.115.140' (4)
L 06/14/2016 - 17:59:29: [SM] Displaying call stack trace for plugin "SAVM.smx":
L 06/14/2016 - 17:59:29: [SM]   [0]  Line 387, C:\Users\Arkarr\Desktop\SAVM.sp::GotDatabase()
L 06/14/2016 - 18:09:28: Error log file session closed.
L 06/14/2016 - 18:10:28: SourceMod error session started
L 06/14/2016 - 18:10:28: Info (map "workshop/369402945/fy_epinephrin_final") (file "errors_20160614.log")
L 06/14/2016 - 18:10:28: [SM] Plugin encountered error 25: Call was aborted
L 06/14/2016 - 18:10:28: [SM] Native "SetFailState" reported: [SAVM] Error with database : [2003]: Can't connect to MySQL server on '186.64.115.140' (4)
L 06/14/2016 - 18:10:28: [SM] Displaying call stack trace for plugin "SAVM.smx":
L 06/14/2016 - 18:10:28: [SM]   [0]  Line 387, C:\Users\Arkarr\Desktop\SAVM.sp::GotDatabase()
L 06/14/2016 - 18:23:12: Error log file session closed.
L 06/14/2016 - 18:24:13: SourceMod error session started
L 06/14/2016 - 18:24:13: Info (map "workshop/433285804/35hp_riptosarena") (file "errors_20160614.log")
L 06/14/2016 - 18:24:13: [SM] Plugin encountered error 25: Call was aborted
L 06/14/2016 - 18:24:13: [SM] Native "SetFailState" reported: [SAVM] Error with database : [2003]: Can't connect to MySQL server on '186.64.115.140' (4)
L 06/14/2016 - 18:24:13: [SM] Displaying call stack trace for plugin "SAVM.smx":
L 06/14/2016 - 18:24:13: [SM]   [0]  Line 387, C:\Users\Arkarr\Desktop\SAVM.sp::GotDatabase()
L 06/14/2016 - 18:36:03: Error log file session closed.
L 06/14/2016 - 18:37:03: SourceMod error session started
L 06/14/2016 - 18:37:03: Info (map "workshop/175314656/ar_3rooms") (file "errors_20160614.log")
L 06/14/2016 - 18:37:03: [SM] Plugin encountered error 25: Call was aborted
L 06/14/2016 - 18:37:03: [SM] Native "SetFailState" reported: [SAVM] Error with database : [2003]: Can't connect to MySQL server on '186.64.115.140' (4)
L 06/14/2016 - 18:37:03: [SM] Displaying call stack trace for plugin "SAVM.smx":
L 06/14/2016 - 18:37:03: [SM]   [0]  Line 387, C:\Users\Arkarr\Desktop\SAVM.sp::GotDatabase()
L 06/14/2016 - 18:45:07: Error log file session closed.
L 06/14/2016 - 18:46:07: SourceMod error session started
L 06/14/2016 - 18:46:07: Info (map "workshop/126185932/gg_townsquare") (file "errors_20160614.log")
L 06/14/2016 - 18:46:07: [SM] Plugin encountered error 25: Call was aborted
L 06/14/2016 - 18:46:07: [SM] Native "SetFailState" reported: [SAVM] Error with database : [2003]: Can't connect to MySQL server on '186.64.115.140' (4)
L 06/14/2016 - 18:46:07: [SM] Displaying call stack trace for plugin "SAVM.smx":
L 06/14/2016 - 18:46:07: [SM]   [0]  Line 387, C:\Users\Arkarr\Desktop\SAVM.sp::GotDatabase()
L 06/14/2016 - 18:58:44: Error log file session closed.
L 06/14/2016 - 18:59:44: SourceMod error session started
L 06/14/2016 - 18:59:44: Info (map "workshop/376879876/awp_lego_2_shootout") (file "errors_20160614.log")
L 06/14/2016 - 18:59:44: [SM] Plugin encountered error 25: Call was aborted
L 06/14/2016 - 18:59:44: [SM] Native "SetFailState" reported: [SAVM] Error with database : [2003]: Can't connect to MySQL server on '186.64.115.140' (4)
L 06/14/2016 - 18:59:44: [SM] Displaying call stack trace for plugin "SAVM.smx":
L 06/14/2016 - 18:59:44: [SM]   [0]  Line 387, C:\Users\Arkarr\Desktop\SAVM.sp::GotDatabase()
L 06/14/2016 - 19:12:07: Error log file session closed.
L 06/14/2016 - 19:13:07: SourceMod error session started
L 06/14/2016 - 19:13:07: Info (map "workshop/259232628/ar_met_avengers") (file "errors_20160614.log")
L 06/14/2016 - 19:13:07: [SM] Plugin encountered error 25: Call was aborted
L 06/14/2016 - 19:13:07: [SM] Native "SetFailState" reported: [SAVM] Error with database : [2003]: Can't connect to MySQL server on '186.64.115.140' (4)
L 06/14/2016 - 19:13:07: [SM] Displaying call stack trace for plugin "SAVM.smx":
L 06/14/2016 - 19:13:07: [SM]   [0]  Line 387, C:\Users\Arkarr\Desktop\SAVM.sp::GotDatabase()
L 06/14/2016 - 19:27:46: Error log file session closed.
L 06/14/2016 - 19:28:47: SourceMod error session started
L 06/14/2016 - 19:28:47: Info (map "workshop/126643563/ar_concrete") (file "errors_20160614.log")
L 06/14/2016 - 19:28:47: [SM] Plugin encountered error 25: Call was aborted
L 06/14/2016 - 19:28:47: [SM] Native "SetFailState" reported: [SAVM] Error with database : [2003]: Can't connect to MySQL server on '186.64.115.140' (4)
L 06/14/2016 - 19:28:47: [SM] Displaying call stack trace for plugin "SAVM.smx":
L 06/14/2016 - 19:28:47: [SM]   [0]  Line 387, C:\Users\Arkarr\Desktop\SAVM.sp::GotDatabase()
L 06/14/2016 - 19:43:31: Error log file session closed.
L 06/14/2016 - 19:44:31: SourceMod error session started
L 06/14/2016 - 19:44:31: Info (map "workshop/144290900/ar_cubedeath") (file "errors_20160614.log")
L 06/14/2016 - 19:44:31: [SM] Plugin encountered error 25: Call was aborted
L 06/14/2016 - 19:44:31: [SM] Native "SetFailState" reported: [SAVM] Error with database : [2003]: Can't connect to MySQL server on '186.64.115.140' (4)
L 06/14/2016 - 19:44:31: [SM] Displaying call stack trace for plugin "SAVM.smx":
L 06/14/2016 - 19:44:31: [SM]   [0]  Line 387, C:\Users\Arkarr\Desktop\SAVM.sp::GotDatabase()
L 06/14/2016 - 19:53:25: Error log file session closed.
L 06/14/2016 - 19:54:25: SourceMod error session started
L 06/14/2016 - 19:54:25: Info (map "workshop/125750763/aim_warmup_d") (file "errors_20160614.log")
L 06/14/2016 - 19:54:25: [SM] Plugin encountered error 25: Call was aborted
L 06/14/2016 - 19:54:25: [SM] Native "SetFailState" reported: [SAVM] Error with database : [2003]: Can't connect to MySQL server on '186.64.115.140' (4)
L 06/14/2016 - 19:54:25: [SM] Displaying call stack trace for plugin "SAVM.smx":
L 06/14/2016 - 19:54:25: [SM]   [0]  Line 387, C:\Users\Arkarr\Desktop\SAVM.sp::GotDatabase()
L 06/14/2016 - 20:01:26: Error log file session closed.
L 06/14/2016 - 20:02:26: SourceMod error session started
L 06/14/2016 - 20:02:26: Info (map "workshop/415079514/aim_proper") (file "errors_20160614.log")
L 06/14/2016 - 20:02:26: [SM] Plugin encountered error 25: Call was aborted
L 06/14/2016 - 20:02:26: [SM] Native "SetFailState" reported: [SAVM] Error with database : [2003]: Can't connect to MySQL server on '186.64.115.140' (4)
L 06/14/2016 - 20:02:26: [SM] Displaying call stack trace for plugin "SAVM.smx":
L 06/14/2016 - 20:02:26: [SM]   [0]  Line 387, C:\Users\Arkarr\Desktop\SAVM.sp::GotDatabase()
L 06/14/2016 - 20:05:04: Error log file session closed.
L 06/14/2016 - 20:06:05: SourceMod error session started
L 06/14/2016 - 20:06:05: Info (map "workshop/415079514/aim_proper") (file "errors_20160614.log")
L 06/14/2016 - 20:06:05: [SM] Plugin encountered error 25: Call was aborted
L 06/14/2016 - 20:06:05: [SM] Native "SetFailState" reported: [SAVM] Error with database : [2003]: Can't connect to MySQL server on '186.64.115.140' (4)
L 06/14/2016 - 20:06:05: [SM] Displaying call stack trace for plugin "SAVM.smx":
L 06/14/2016 - 20:06:05: [SM]   [0]  Line 387, C:\Users\Arkarr\Desktop\SAVM.sp::GotDatabase()
L 06/14/2016 - 20:10:48: Error log file session closed.
L 06/14/2016 - 20:11:48: SourceMod error session started
L 06/14/2016 - 20:11:48: Info (map "workshop/125653222/fy_stoneworld_t0_beta3") (file "errors_20160614.log")
L 06/14/2016 - 20:11:48: [SM] Plugin encountered error 25: Call was aborted
L 06/14/2016 - 20:11:48: [SM] Native "SetFailState" reported: [SAVM] Error with database : [2003]: Can't connect to MySQL server on '186.64.115.140' (4)
L 06/14/2016 - 20:11:48: [SM] Displaying call stack trace for plugin "SAVM.smx":
L 06/14/2016 - 20:11:48: [SM]   [0]  Line 387, C:\Users\Arkarr\Desktop\SAVM.sp::GotDatabase()
L 06/14/2016 - 20:24:38: Error log file session closed.
L 06/14/2016 - 20:25:38: SourceMod error session started
L 06/14/2016 - 20:25:38: Info (map "workshop/125651872/fy_dinoiceworld2_t0") (file "errors_20160614.log")
L 06/14/2016 - 20:25:38: [SM] Plugin encountered error 25: Call was aborted
L 06/14/2016 - 20:25:38: [SM] Native "SetFailState" reported: [SAVM] Error with database : [2003]: Can't connect to MySQL server on '186.64.115.140' (4)
L 06/14/2016 - 20:25:38: [SM] Displaying call stack trace for plugin "SAVM.smx":
L 06/14/2016 - 20:25:38: [SM]   [0]  Line 387, C:\Users\Arkarr\Desktop\SAVM.sp::GotDatabase()
L 06/14/2016 - 20:34:38: Error log file session closed.
L 06/14/2016 - 20:35:38: SourceMod error session started
L 06/14/2016 - 20:35:38: Info (map "workshop/367344117/aim_dust_2015") (file "errors_20160614.log")
L 06/14/2016 - 20:35:38: [SM] Plugin encountered error 25: Call was aborted
L 06/14/2016 - 20:35:38: [SM] Native "SetFailState" reported: [SAVM] Error with database : [2003]: Can't connect to MySQL server on '186.64.115.140' (4)
L 06/14/2016 - 20:35:38: [SM] Displaying call stack trace for plugin "SAVM.smx":
L 06/14/2016 - 20:35:38: [SM]   [0]  Line 387, C:\Users\Arkarr\Desktop\SAVM.sp::GotDatabase()
L 06/14/2016 - 20:47:12: Error log file session closed.
L 06/14/2016 - 20:48:13: SourceMod error session started
L 06/14/2016 - 20:48:13: Info (map "workshop/583198445/gg_ctm_csgo") (file "errors_20160614.log")
L 06/14/2016 - 20:48:13: [SM] Plugin encountered error 25: Call was aborted
L 06/14/2016 - 20:48:13: [SM] Native "SetFailState" reported: [SAVM] Error with database : [2003]: Can't connect to MySQL server on '186.64.115.140' (4)
L 06/14/2016 - 20:48:13: [SM] Displaying call stack trace for plugin "SAVM.smx":
L 06/14/2016 - 20:48:13: [SM]   [0]  Line 387, C:\Users\Arkarr\Desktop\SAVM.sp::GotDatabase()
L 06/14/2016 - 20:58:02: Error log file session closed.
L 06/14/2016 - 20:59:02: SourceMod error session started
L 06/14/2016 - 20:59:02: Info (map "workshop/491751274/fy_frantic") (file "errors_20160614.log")
L 06/14/2016 - 20:59:02: [SM] Plugin encountered error 25: Call was aborted
L 06/14/2016 - 20:59:02: [SM] Native "SetFailState" reported: [SAVM] Error with database : [2003]: Can't connect to MySQL server on '186.64.115.140' (4)
L 06/14/2016 - 20:59:02: [SM] Displaying call stack trace for plugin "SAVM.smx":
L 06/14/2016 - 20:59:02: [SM]   [0]  Line 387, C:\Users\Arkarr\Desktop\SAVM.sp::GotDatabase()
L 06/14/2016 - 21:07:04: Error log file session closed.
L 06/14/2016 - 21:08:04: SourceMod error session started
L 06/14/2016 - 21:08:04: Info (map "workshop/167335948/ar_warehouse") (file "errors_20160614.log")
L 06/14/2016 - 21:08:04: [SM] Plugin encountered error 25: Call was aborted
L 06/14/2016 - 21:08:04: [SM] Native "SetFailState" reported: [SAVM] Error with database : [2003]: Can't connect to MySQL server on '186.64.115.140' (4)
L 06/14/2016 - 21:08:04: [SM] Displaying call stack trace for plugin "SAVM.smx":
L 06/14/2016 - 21:08:04: [SM]   [0]  Line 387, C:\Users\Arkarr\Desktop\SAVM.sp::GotDatabase()
L 06/14/2016 - 21:20:59: Error log file session closed.
L 06/14/2016 - 21:21:59: SourceMod error session started
L 06/14/2016 - 21:21:59: Info (map "workshop/165993910/fy_tibet") (file "errors_20160614.log")
L 06/14/2016 - 21:21:59: [SM] Plugin encountered error 25: Call was aborted
L 06/14/2016 - 21:21:59: [SM] Native "SetFailState" reported: [SAVM] Error with database : [2003]: Can't connect to MySQL server on '186.64.115.140' (4)
L 06/14/2016 - 21:21:59: [SM] Displaying call stack trace for plugin "SAVM.smx":
L 06/14/2016 - 21:21:59: [SM]   [0]  Line 387, C:\Users\Arkarr\Desktop\SAVM.sp::GotDatabase()
L 06/14/2016 - 21:34:40: Error log file session closed.
L 06/14/2016 - 21:35:40: SourceMod error session started
L 06/14/2016 - 21:35:40: Info (map "workshop/132434038/ak-47_map_csgo") (file "errors_20160614.log")
L 06/14/2016 - 21:35:40: [SM] Plugin encountered error 25: Call was aborted
L 06/14/2016 - 21:35:40: [SM] Native "SetFailState" reported: [SAVM] Error with database : [2003]: Can't connect to MySQL server on '186.64.115.140' (4)
L 06/14/2016 - 21:35:40: [SM] Displaying call stack trace for plugin "SAVM.smx":
L 06/14/2016 - 21:35:40: [SM]   [0]  Line 387, C:\Users\Arkarr\Desktop\SAVM.sp::GotDatabase()
L 06/14/2016 - 21:46:57: Error log file session closed.
L 06/14/2016 - 21:47:57: SourceMod error session started
L 06/14/2016 - 21:47:57: Info (map "workshop/376879876/awp_lego_2_shootout") (file "errors_20160614.log")
L 06/14/2016 - 21:47:57: [SM] Plugin encountered error 25: Call was aborted
L 06/14/2016 - 21:47:57: [SM] Native "SetFailState" reported: [SAVM] Error with database : [2003]: Can't connect to MySQL server on '186.64.115.140' (4)
L 06/14/2016 - 21:47:57: [SM] Displaying call stack trace for plugin "SAVM.smx":
L 06/14/2016 - 21:47:57: [SM]   [0]  Line 387, C:\Users\Arkarr\Desktop\SAVM.sp::GotDatabase()
L 06/14/2016 - 22:03:22: Error log file session closed.
L 06/14/2016 - 22:04:22: SourceMod error session started
L 06/14/2016 - 22:04:22: Info (map "workshop/366218981/awp_lego_3") (file "errors_20160614.log")
L 06/14/2016 - 22:04:22: [SM] Plugin encountered error 25: Call was aborted
L 06/14/2016 - 22:04:22: [SM] Native "SetFailState" reported: [SAVM] Error with database : [2003]: Can't connect to MySQL server on '186.64.115.140' (4)
L 06/14/2016 - 22:04:22: [SM] Displaying call stack trace for plugin "SAVM.smx":
L 06/14/2016 - 22:04:22: [SM]   [0]  Line 387, C:\Users\Arkarr\Desktop\SAVM.sp::GotDatabase()
L 06/14/2016 - 22:21:40: Error log file session closed.
L 06/14/2016 - 22:22:40: SourceMod error session started
L 06/14/2016 - 22:22:40: Info (map "workshop/325456413/aim_selfie") (file "errors_20160614.log")
L 06/14/2016 - 22:22:40: [SM] Plugin encountered error 25: Call was aborted
L 06/14/2016 - 22:22:40: [SM] Native "SetFailState" reported: [SAVM] Error with database : [2003]: Can't connect to MySQL server on '186.64.115.140' (4)
L 06/14/2016 - 22:22:40: [SM] Displaying call stack trace for plugin "SAVM.smx":
L 06/14/2016 - 22:22:40: [SM]   [0]  Line 387, C:\Users\Arkarr\Desktop\SAVM.sp::GotDatabase()
L 06/14/2016 - 22:33:37: Error log file session closed.
L 06/14/2016 - 22:34:37: SourceMod error session started
L 06/14/2016 - 22:34:37: Info (map "workshop/449416365/2_rooms_w") (file "errors_20160614.log")
L 06/14/2016 - 22:34:37: [SM] Plugin encountered error 25: Call was aborted
L 06/14/2016 - 22:34:37: [SM] Native "SetFailState" reported: [SAVM] Error with database : [2003]: Can't connect to MySQL server on '186.64.115.140' (4)
L 06/14/2016 - 22:34:37: [SM] Displaying call stack trace for plugin "SAVM.smx":
L 06/14/2016 - 22:34:37: [SM]   [0]  Line 387, C:\Users\Arkarr\Desktop\SAVM.sp::GotDatabase()
L 06/14/2016 - 22:38:53: Error log file session closed.
L 06/14/2016 - 22:39:53: SourceMod error session started
L 06/14/2016 - 22:39:53: Info (map "workshop/147320044/fy_snow_x_t0") (file "errors_20160614.log")
L 06/14/2016 - 22:39:53: [SM] Plugin encountered error 25: Call was aborted
L 06/14/2016 - 22:39:53: [SM] Native "SetFailState" reported: [SAVM] Error with database : [2003]: Can't connect to MySQL server on '186.64.115.140' (4)
L 06/14/2016 - 22:39:53: [SM] Displaying call stack trace for plugin "SAVM.smx":
L 06/14/2016 - 22:39:53: [SM]   [0]  Line 387, C:\Users\Arkarr\Desktop\SAVM.sp::GotDatabase()
L 06/14/2016 - 22:48:19: Error log file session closed.
L 06/14/2016 - 22:49:19: SourceMod error session started
L 06/14/2016 - 22:49:19: Info (map "workshop/171893126/fy_house") (file "errors_20160614.log")
L 06/14/2016 - 22:49:19: [SM] Plugin encountered error 25: Call was aborted
L 06/14/2016 - 22:49:19: [SM] Native "SetFailState" reported: [SAVM] Error with database : [2003]: Can't connect to MySQL server on '186.64.115.140' (4)
L 06/14/2016 - 22:49:19: [SM] Displaying call stack trace for plugin "SAVM.smx":
L 06/14/2016 - 22:49:19: [SM]   [0]  Line 387, C:\Users\Arkarr\Desktop\SAVM.sp::GotDatabase()
L 06/14/2016 - 23:05:42: Error log file session closed.
L 06/14/2016 - 23:06:42: SourceMod error session started
L 06/14/2016 - 23:06:42: Info (map "workshop/308579930/aim_asiimov") (file "errors_20160614.log")
L 06/14/2016 - 23:06:42: [SM] Plugin encountered error 25: Call was aborted
L 06/14/2016 - 23:06:42: [SM] Native "SetFailState" reported: [SAVM] Error with database : [2003]: Can't connect to MySQL server on '186.64.115.140' (4)
L 06/14/2016 - 23:06:42: [SM] Displaying call stack trace for plugin "SAVM.smx":
L 06/14/2016 - 23:06:42: [SM]   [0]  Line 387, C:\Users\Arkarr\Desktop\SAVM.sp::GotDatabase()
L 06/14/2016 - 23:22:03: Error log file session closed.
L 06/14/2016 - 23:23:03: SourceMod error session started
L 06/14/2016 - 23:23:03: Info (map "workshop/175314656/ar_3rooms") (file "errors_20160614.log")
L 06/14/2016 - 23:23:03: [SM] Plugin encountered error 25: Call was aborted
L 06/14/2016 - 23:23:03: [SM] Native "SetFailState" reported: [SAVM] Error with database : [2003]: Can't connect to MySQL server on '186.64.115.140' (4)
L 06/14/2016 - 23:23:03: [SM] Displaying call stack trace for plugin "SAVM.smx":
L 06/14/2016 - 23:23:03: [SM]   [0]  Line 387, C:\Users\Arkarr\Desktop\SAVM.sp::GotDatabase()
L 06/14/2016 - 23:32:29: Error log file session closed.
L 06/14/2016 - 23:33:29: SourceMod error session started
L 06/14/2016 - 23:33:29: Info (map "workshop/125621707/aim_deagle7k") (file "errors_20160614.log")
L 06/14/2016 - 23:33:29: [SM] Plugin encountered error 25: Call was aborted
L 06/14/2016 - 23:33:29: [SM] Native "SetFailState" reported: [SAVM] Error with database : [2003]: Can't connect to MySQL server on '186.64.115.140' (4)
L 06/14/2016 - 23:33:29: [SM] Displaying call stack trace for plugin "SAVM.smx":
L 06/14/2016 - 23:33:29: [SM]   [0]  Line 387, C:\Users\Arkarr\Desktop\SAVM.sp::GotDatabase()
L 06/14/2016 - 23:46:19: Error log file session closed.
L 06/14/2016 - 23:47:19: SourceMod error session started
L 06/14/2016 - 23:47:19: Info (map "workshop/390444486/awp_batson_dev") (file "errors_20160614.log")
L 06/14/2016 - 23:47:19: [SM] Plugin encountered error 25: Call was aborted
L 06/14/2016 - 23:47:19: [SM] Native "SetFailState" reported: [SAVM] Error with database : [2003]: Can't connect to MySQL server on '186.64.115.140' (4)
L 06/14/2016 - 23:47:19: [SM] Displaying call stack trace for plugin "SAVM.smx":
L 06/14/2016 - 23:47:19: [SM]   [0]  Line 387, C:\Users\Arkarr\Desktop\SAVM.sp::GotDatabase()
