L 06/16/2016 - 00:22:00: SourceMod error session started
L 06/16/2016 - 00:22:00: Info (map "workshop/125651388/fy_snow_t0") (file "errors_20160616.log")
L 06/16/2016 - 00:22:00: [SM] Plugin encountered error 25: Call was aborted
L 06/16/2016 - 00:22:00: [SM] Native "SetFailState" reported: [SAVM] Error with database : [2003]: Can't connect to MySQL server on '186.64.115.140' (4)
L 06/16/2016 - 00:22:00: [SM] Displaying call stack trace for plugin "SAVM.smx":
L 06/16/2016 - 00:22:00: [SM]   [0]  Line 387, C:\Users\Arkarr\Desktop\SAVM.sp::GotDatabase()
L 06/16/2016 - 00:22:00: Error log file session closed.
L 06/16/2016 - 00:22:02: SourceMod error session started
L 06/16/2016 - 00:22:02: Info (map "workshop/125651388/fy_snow_t0") (file "errors_20160616.log")
L 06/16/2016 - 00:22:02: [SM] Native "IsClientInGame" reported: Client index 0 is invalid
L 06/16/2016 - 00:22:02: [SM] Displaying call stack trace for plugin "gungame_display_winner.smx":
L 06/16/2016 - 00:22:02: [SM]   [0]  Line 73, gungame_display_winner.sp::GG_OnLoadRank()
L 06/16/2016 - 00:23:00: [SM] Plugin encountered error 25: Call was aborted
L 06/16/2016 - 00:23:00: [SM] Native "SetFailState" reported: [SAVM] Error with database : [2003]: Can't connect to MySQL server on '186.64.115.140' (4)
L 06/16/2016 - 00:23:00: [SM] Displaying call stack trace for plugin "SAVM.smx":
L 06/16/2016 - 00:23:00: [SM]   [0]  Line 387, C:\Users\Arkarr\Desktop\SAVM.sp::GotDatabase()
L 06/16/2016 - 00:35:58: Error log file session closed.
L 06/16/2016 - 00:36:58: SourceMod error session started
L 06/16/2016 - 00:36:58: Info (map "workshop/449416365/2_rooms_w") (file "errors_20160616.log")
L 06/16/2016 - 00:36:58: [SM] Plugin encountered error 25: Call was aborted
L 06/16/2016 - 00:36:58: [SM] Native "SetFailState" reported: [SAVM] Error with database : [2003]: Can't connect to MySQL server on '186.64.115.140' (4)
L 06/16/2016 - 00:36:58: [SM] Displaying call stack trace for plugin "SAVM.smx":
L 06/16/2016 - 00:36:58: [SM]   [0]  Line 387, C:\Users\Arkarr\Desktop\SAVM.sp::GotDatabase()
L 06/16/2016 - 00:43:24: Error log file session closed.
L 06/16/2016 - 00:44:24: SourceMod error session started
L 06/16/2016 - 00:44:24: Info (map "workshop/314193157/mini_dust_pro") (file "errors_20160616.log")
L 06/16/2016 - 00:44:24: [SM] Plugin encountered error 25: Call was aborted
L 06/16/2016 - 00:44:24: [SM] Native "SetFailState" reported: [SAVM] Error with database : [2003]: Can't connect to MySQL server on '186.64.115.140' (4)
L 06/16/2016 - 00:44:24: [SM] Displaying call stack trace for plugin "SAVM.smx":
L 06/16/2016 - 00:44:24: [SM]   [0]  Line 387, C:\Users\Arkarr\Desktop\SAVM.sp::GotDatabase()
L 06/16/2016 - 00:52:38: Error log file session closed.
L 06/16/2016 - 00:53:38: SourceMod error session started
L 06/16/2016 - 00:53:38: Info (map "de_train") (file "errors_20160616.log")
L 06/16/2016 - 00:53:38: [SM] Plugin encountered error 25: Call was aborted
L 06/16/2016 - 00:53:38: [SM] Native "SetFailState" reported: [SAVM] Error with database : [2003]: Can't connect to MySQL server on '186.64.115.140' (4)
L 06/16/2016 - 00:53:38: [SM] Displaying call stack trace for plugin "SAVM.smx":
L 06/16/2016 - 00:53:38: [SM]   [0]  Line 387, C:\Users\Arkarr\Desktop\SAVM.sp::GotDatabase()
L 06/16/2016 - 00:54:17: Error log file session closed.
L 06/16/2016 - 00:55:19: SourceMod error session started
L 06/16/2016 - 00:55:19: Info (map "workshop/175314656/ar_3rooms") (file "errors_20160616.log")
L 06/16/2016 - 00:55:19: [SM] Plugin encountered error 25: Call was aborted
L 06/16/2016 - 00:55:19: [SM] Native "SetFailState" reported: [SAVM] Error with database : [2003]: Can't connect to MySQL server on '186.64.115.140' (4)
L 06/16/2016 - 00:55:19: [SM] Displaying call stack trace for plugin "SAVM.smx":
L 06/16/2016 - 00:55:19: [SM]   [0]  Line 387, C:\Users\Arkarr\Desktop\SAVM.sp::GotDatabase()
L 06/16/2016 - 01:03:06: Error log file session closed.
L 06/16/2016 - 01:04:06: SourceMod error session started
L 06/16/2016 - 01:04:06: Info (map "de_inferno") (file "errors_20160616.log")
L 06/16/2016 - 01:04:06: [SM] Plugin encountered error 25: Call was aborted
L 06/16/2016 - 01:04:06: [SM] Native "SetFailState" reported: [SAVM] Error with database : [2003]: Can't connect to MySQL server on '186.64.115.140' (4)
L 06/16/2016 - 01:04:06: [SM] Displaying call stack trace for plugin "SAVM.smx":
L 06/16/2016 - 01:04:06: [SM]   [0]  Line 387, C:\Users\Arkarr\Desktop\SAVM.sp::GotDatabase()
L 06/16/2016 - 01:24:10: Error log file session closed.
L 06/16/2016 - 01:25:10: SourceMod error session started
L 06/16/2016 - 01:25:10: Info (map "de_aztec") (file "errors_20160616.log")
L 06/16/2016 - 01:25:10: [SM] Plugin encountered error 25: Call was aborted
L 06/16/2016 - 01:25:10: [SM] Native "SetFailState" reported: [SAVM] Error with database : [2003]: Can't connect to MySQL server on '186.64.115.140' (4)
L 06/16/2016 - 01:25:10: [SM] Displaying call stack trace for plugin "SAVM.smx":
L 06/16/2016 - 01:25:10: [SM]   [0]  Line 387, C:\Users\Arkarr\Desktop\SAVM.sp::GotDatabase()
L 06/16/2016 - 01:47:32: Error log file session closed.
L 06/16/2016 - 01:49:13: SourceMod error session started
L 06/16/2016 - 01:49:13: Info (map "workshop/449416365/2_rooms_w") (file "errors_20160616.log")
L 06/16/2016 - 01:49:13: [SM] Plugin encountered error 25: Call was aborted
L 06/16/2016 - 01:49:13: [SM] Native "SetFailState" reported: [SAVM] Error with database : [2003]: Can't connect to MySQL server on '186.64.115.140' (4)
L 06/16/2016 - 01:49:13: [SM] Displaying call stack trace for plugin "SAVM.smx":
L 06/16/2016 - 01:49:13: [SM]   [0]  Line 387, C:\Users\Arkarr\Desktop\SAVM.sp::GotDatabase()
L 06/16/2016 - 01:49:14: Error log file session closed.
L 06/16/2016 - 01:50:14: SourceMod error session started
L 06/16/2016 - 01:50:14: Info (map "workshop/449416365/2_rooms_w") (file "errors_20160616.log")
L 06/16/2016 - 01:50:14: [SM] Plugin encountered error 25: Call was aborted
L 06/16/2016 - 01:50:14: [SM] Native "SetFailState" reported: [SAVM] Error with database : [2003]: Can't connect to MySQL server on '186.64.115.140' (4)
L 06/16/2016 - 01:50:14: [SM] Displaying call stack trace for plugin "SAVM.smx":
L 06/16/2016 - 01:50:14: [SM]   [0]  Line 387, C:\Users\Arkarr\Desktop\SAVM.sp::GotDatabase()
L 06/16/2016 - 02:05:16: Error log file session closed.
L 06/16/2016 - 02:07:51: SourceMod error session started
L 06/16/2016 - 02:07:51: Info (map "workshop/175314656/ar_3rooms") (file "errors_20160616.log")
L 06/16/2016 - 02:07:51: [SM] Plugin encountered error 25: Call was aborted
L 06/16/2016 - 02:07:51: [SM] Native "SetFailState" reported: [SAVM] Error with database : [2003]: Can't connect to MySQL server on '186.64.115.140' (4)
L 06/16/2016 - 02:07:51: [SM] Displaying call stack trace for plugin "SAVM.smx":
L 06/16/2016 - 02:07:51: [SM]   [0]  Line 387, C:\Users\Arkarr\Desktop\SAVM.sp::GotDatabase()
L 06/16/2016 - 02:07:51: Error log file session closed.
L 06/16/2016 - 03:58:15: SourceMod error session started
L 06/16/2016 - 03:58:15: Info (map "workshop/449416365/2_rooms_w") (file "errors_20160616.log")
L 06/16/2016 - 03:58:15: [SM] Plugin encountered error 25: Call was aborted
L 06/16/2016 - 03:58:15: [SM] Native "SetFailState" reported: [SAVM] Error with database : [2003]: Can't connect to MySQL server on '186.64.115.140' (4)
L 06/16/2016 - 03:58:15: [SM] Displaying call stack trace for plugin "SAVM.smx":
L 06/16/2016 - 03:58:15: [SM]   [0]  Line 387, C:\Users\Arkarr\Desktop\SAVM.sp::GotDatabase()
L 06/16/2016 - 03:58:17: Error log file session closed.
L 06/16/2016 - 03:59:17: SourceMod error session started
L 06/16/2016 - 03:59:17: Info (map "workshop/449416365/2_rooms_w") (file "errors_20160616.log")
L 06/16/2016 - 03:59:17: [SM] Plugin encountered error 25: Call was aborted
L 06/16/2016 - 03:59:17: [SM] Native "SetFailState" reported: [SAVM] Error with database : [2003]: Can't connect to MySQL server on '186.64.115.140' (4)
L 06/16/2016 - 03:59:17: [SM] Displaying call stack trace for plugin "SAVM.smx":
L 06/16/2016 - 03:59:17: [SM]   [0]  Line 387, C:\Users\Arkarr\Desktop\SAVM.sp::GotDatabase()
L 06/16/2016 - 04:22:17: Error log file session closed.
L 06/16/2016 - 04:23:17: SourceMod error session started
L 06/16/2016 - 04:23:17: Info (map "workshop/449416365/2_rooms_w") (file "errors_20160616.log")
L 06/16/2016 - 04:23:17: [SM] Plugin encountered error 25: Call was aborted
L 06/16/2016 - 04:23:17: [SM] Native "SetFailState" reported: [SAVM] Error with database : [2003]: Can't connect to MySQL server on '186.64.115.140' (4)
L 06/16/2016 - 04:23:17: [SM] Displaying call stack trace for plugin "SAVM.smx":
L 06/16/2016 - 04:23:17: [SM]   [0]  Line 387, C:\Users\Arkarr\Desktop\SAVM.sp::GotDatabase()
L 06/16/2016 - 04:35:42: Error log file session closed.
L 06/16/2016 - 04:36:42: SourceMod error session started
L 06/16/2016 - 04:36:42: Info (map "workshop/177636963/ar_shotty") (file "errors_20160616.log")
L 06/16/2016 - 04:36:42: [SM] Plugin encountered error 25: Call was aborted
L 06/16/2016 - 04:36:42: [SM] Native "SetFailState" reported: [SAVM] Error with database : [2003]: Can't connect to MySQL server on '186.64.115.140' (4)
L 06/16/2016 - 04:36:42: [SM] Displaying call stack trace for plugin "SAVM.smx":
L 06/16/2016 - 04:36:42: [SM]   [0]  Line 387, C:\Users\Arkarr\Desktop\SAVM.sp::GotDatabase()
L 06/16/2016 - 05:24:13: Error log file session closed.
L 06/16/2016 - 05:25:13: SourceMod error session started
L 06/16/2016 - 05:25:13: Info (map "workshop/177636963/ar_shotty") (file "errors_20160616.log")
L 06/16/2016 - 05:25:13: [SM] Plugin encountered error 25: Call was aborted
L 06/16/2016 - 05:25:13: [SM] Native "SetFailState" reported: [SAVM] Error with database : [2003]: Can't connect to MySQL server on '186.64.115.140' (4)
L 06/16/2016 - 05:25:13: [SM] Displaying call stack trace for plugin "SAVM.smx":
L 06/16/2016 - 05:25:13: [SM]   [0]  Line 387, C:\Users\Arkarr\Desktop\SAVM.sp::GotDatabase()
L 06/16/2016 - 10:27:30: Error log file session closed.
L 06/16/2016 - 10:28:30: SourceMod error session started
L 06/16/2016 - 10:28:30: Info (map "workshop/177636963/ar_shotty") (file "errors_20160616.log")
L 06/16/2016 - 10:28:30: [SM] Plugin encountered error 25: Call was aborted
L 06/16/2016 - 10:28:30: [SM] Native "SetFailState" reported: [SAVM] Error with database : [2003]: Can't connect to MySQL server on '186.64.115.140' (4)
L 06/16/2016 - 10:28:30: [SM] Displaying call stack trace for plugin "SAVM.smx":
L 06/16/2016 - 10:28:30: [SM]   [0]  Line 387, C:\Users\Arkarr\Desktop\SAVM.sp::GotDatabase()
L 06/16/2016 - 10:50:42: Error log file session closed.
L 06/16/2016 - 11:05:20: SourceMod error session started
L 06/16/2016 - 11:05:20: Info (map "workshop/259232628/ar_met_avengers") (file "errors_20160616.log")
L 06/16/2016 - 11:05:20: [SM] Plugin encountered error 25: Call was aborted
L 06/16/2016 - 11:05:20: [SM] Native "SetFailState" reported: [SAVM] Error with database : [2003]: Can't connect to MySQL server on '186.64.115.140' (4)
L 06/16/2016 - 11:05:20: [SM] Displaying call stack trace for plugin "SAVM.smx":
L 06/16/2016 - 11:05:20: [SM]   [0]  Line 387, C:\Users\Arkarr\Desktop\SAVM.sp::GotDatabase()
L 06/16/2016 - 11:05:21: Error log file session closed.
L 06/16/2016 - 11:06:21: SourceMod error session started
L 06/16/2016 - 11:06:21: Info (map "workshop/259232628/ar_met_avengers") (file "errors_20160616.log")
L 06/16/2016 - 11:06:21: [SM] Plugin encountered error 25: Call was aborted
L 06/16/2016 - 11:06:21: [SM] Native "SetFailState" reported: [SAVM] Error with database : [2003]: Can't connect to MySQL server on '186.64.115.140' (4)
L 06/16/2016 - 11:06:21: [SM] Displaying call stack trace for plugin "SAVM.smx":
L 06/16/2016 - 11:06:21: [SM]   [0]  Line 387, C:\Users\Arkarr\Desktop\SAVM.sp::GotDatabase()
L 06/16/2016 - 11:15:09: Error log file session closed.
L 06/16/2016 - 11:16:09: SourceMod error session started
L 06/16/2016 - 11:16:09: Info (map "workshop/259232628/ar_met_avengers") (file "errors_20160616.log")
L 06/16/2016 - 11:16:09: [SM] Plugin encountered error 25: Call was aborted
L 06/16/2016 - 11:16:09: [SM] Native "SetFailState" reported: [SAVM] Error with database : [2003]: Can't connect to MySQL server on '186.64.115.140' (4)
L 06/16/2016 - 11:16:09: [SM] Displaying call stack trace for plugin "SAVM.smx":
L 06/16/2016 - 11:16:09: [SM]   [0]  Line 387, C:\Users\Arkarr\Desktop\SAVM.sp::GotDatabase()
L 06/16/2016 - 11:46:48: Error log file session closed.
L 06/16/2016 - 11:47:49: SourceMod error session started
L 06/16/2016 - 11:47:49: Info (map "workshop/259232628/ar_met_avengers") (file "errors_20160616.log")
L 06/16/2016 - 11:47:49: [SM] Plugin encountered error 25: Call was aborted
L 06/16/2016 - 11:47:49: [SM] Native "SetFailState" reported: [SAVM] Error with database : [2003]: Can't connect to MySQL server on '186.64.115.140' (4)
L 06/16/2016 - 11:47:49: [SM] Displaying call stack trace for plugin "SAVM.smx":
L 06/16/2016 - 11:47:49: [SM]   [0]  Line 387, C:\Users\Arkarr\Desktop\SAVM.sp::GotDatabase()
L 06/16/2016 - 12:50:53: Error log file session closed.
L 06/16/2016 - 12:51:53: SourceMod error session started
L 06/16/2016 - 12:51:53: Info (map "workshop/338637068/gg_bloodstroke_dtk") (file "errors_20160616.log")
L 06/16/2016 - 12:51:53: [SM] Plugin encountered error 25: Call was aborted
L 06/16/2016 - 12:51:53: [SM] Native "SetFailState" reported: [SAVM] Error with database : [2003]: Can't connect to MySQL server on '186.64.115.140' (4)
L 06/16/2016 - 12:51:53: [SM] Displaying call stack trace for plugin "SAVM.smx":
L 06/16/2016 - 12:51:53: [SM]   [0]  Line 387, C:\Users\Arkarr\Desktop\SAVM.sp::GotDatabase()
L 06/16/2016 - 13:45:49: Error log file session closed.
L 06/16/2016 - 13:46:49: SourceMod error session started
L 06/16/2016 - 13:46:49: Info (map "workshop/338637068/gg_bloodstroke_dtk") (file "errors_20160616.log")
L 06/16/2016 - 13:46:49: [SM] Plugin encountered error 25: Call was aborted
L 06/16/2016 - 13:46:49: [SM] Native "SetFailState" reported: [SAVM] Error with database : [2003]: Can't connect to MySQL server on '186.64.115.140' (4)
L 06/16/2016 - 13:46:49: [SM] Displaying call stack trace for plugin "SAVM.smx":
L 06/16/2016 - 13:46:49: [SM]   [0]  Line 387, C:\Users\Arkarr\Desktop\SAVM.sp::GotDatabase()
L 06/16/2016 - 13:57:23: Error log file session closed.
L 06/16/2016 - 13:58:23: SourceMod error session started
L 06/16/2016 - 13:58:23: Info (map "workshop/206792994/gg_sex_fixed") (file "errors_20160616.log")
L 06/16/2016 - 13:58:23: [SM] Plugin encountered error 25: Call was aborted
L 06/16/2016 - 13:58:23: [SM] Native "SetFailState" reported: [SAVM] Error with database : [2003]: Can't connect to MySQL server on '186.64.115.140' (4)
L 06/16/2016 - 13:58:23: [SM] Displaying call stack trace for plugin "SAVM.smx":
L 06/16/2016 - 13:58:23: [SM]   [0]  Line 387, C:\Users\Arkarr\Desktop\SAVM.sp::GotDatabase()
L 06/16/2016 - 14:15:08: Error log file session closed.
L 06/16/2016 - 14:16:08: SourceMod error session started
L 06/16/2016 - 14:16:08: Info (map "workshop/125651388/fy_snow_t0") (file "errors_20160616.log")
L 06/16/2016 - 14:16:08: [SM] Plugin encountered error 25: Call was aborted
L 06/16/2016 - 14:16:08: [SM] Native "SetFailState" reported: [SAVM] Error with database : [2003]: Can't connect to MySQL server on '186.64.115.140' (4)
L 06/16/2016 - 14:16:08: [SM] Displaying call stack trace for plugin "SAVM.smx":
L 06/16/2016 - 14:16:08: [SM]   [0]  Line 387, C:\Users\Arkarr\Desktop\SAVM.sp::GotDatabase()
L 06/16/2016 - 14:28:09: Error log file session closed.
L 06/16/2016 - 14:29:09: SourceMod error session started
L 06/16/2016 - 14:29:09: Info (map "workshop/143652850/gg_mini_dust_go") (file "errors_20160616.log")
L 06/16/2016 - 14:29:09: [SM] Plugin encountered error 25: Call was aborted
L 06/16/2016 - 14:29:09: [SM] Native "SetFailState" reported: [SAVM] Error with database : [2003]: Can't connect to MySQL server on '186.64.115.140' (4)
L 06/16/2016 - 14:29:09: [SM] Displaying call stack trace for plugin "SAVM.smx":
L 06/16/2016 - 14:29:09: [SM]   [0]  Line 387, C:\Users\Arkarr\Desktop\SAVM.sp::GotDatabase()
