L 06/13/2016 - 00:00:20: SourceMod error session started
L 06/13/2016 - 00:00:20: Info (map "workshop/177128990/ar_desertstorm") (file "errors_20160613.log")
L 06/13/2016 - 00:00:20: Error log file session closed.
L 06/13/2016 - 00:01:21: SourceMod error session started
L 06/13/2016 - 00:01:21: Info (map "workshop/143652850/gg_mini_dust_go") (file "errors_20160613.log")
L 06/13/2016 - 00:01:21: [SM] Plugin encountered error 25: Call was aborted
L 06/13/2016 - 00:01:21: [SM] Native "SetFailState" reported: [SAVM] Error with database : [2003]: Can't connect to MySQL server on '186.64.115.140' (4)
L 06/13/2016 - 00:01:21: [SM] Displaying call stack trace for plugin "SAVM.smx":
L 06/13/2016 - 00:01:21: [SM]   [0]  Line 387, C:\Users\Arkarr\Desktop\SAVM.sp::GotDatabase()
L 06/13/2016 - 00:11:24: Error log file session closed.
L 06/13/2016 - 00:12:24: SourceMod error session started
L 06/13/2016 - 00:12:24: Info (map "workshop/312515983/aim_defender") (file "errors_20160613.log")
L 06/13/2016 - 00:12:24: [SM] Plugin encountered error 25: Call was aborted
L 06/13/2016 - 00:12:24: [SM] Native "SetFailState" reported: [SAVM] Error with database : [2003]: Can't connect to MySQL server on '186.64.115.140' (4)
L 06/13/2016 - 00:12:24: [SM] Displaying call stack trace for plugin "SAVM.smx":
L 06/13/2016 - 00:12:24: [SM]   [0]  Line 387, C:\Users\Arkarr\Desktop\SAVM.sp::GotDatabase()
L 06/13/2016 - 00:25:01: Error log file session closed.
L 06/13/2016 - 00:26:02: SourceMod error session started
L 06/13/2016 - 00:26:02: Info (map "workshop/282977521/aim_chicken_ak") (file "errors_20160613.log")
L 06/13/2016 - 00:26:02: [SM] Plugin encountered error 25: Call was aborted
L 06/13/2016 - 00:26:02: [SM] Native "SetFailState" reported: [SAVM] Error with database : [2003]: Can't connect to MySQL server on '186.64.115.140' (4)
L 06/13/2016 - 00:26:02: [SM] Displaying call stack trace for plugin "SAVM.smx":
L 06/13/2016 - 00:26:02: [SM]   [0]  Line 387, C:\Users\Arkarr\Desktop\SAVM.sp::GotDatabase()
L 06/13/2016 - 00:39:36: Error log file session closed.
L 06/13/2016 - 00:40:36: SourceMod error session started
L 06/13/2016 - 00:40:36: Info (map "workshop/177636963/ar_shotty") (file "errors_20160613.log")
L 06/13/2016 - 00:40:36: [SM] Plugin encountered error 25: Call was aborted
L 06/13/2016 - 00:40:36: [SM] Native "SetFailState" reported: [SAVM] Error with database : [2003]: Can't connect to MySQL server on '186.64.115.140' (4)
L 06/13/2016 - 00:40:36: [SM] Displaying call stack trace for plugin "SAVM.smx":
L 06/13/2016 - 00:40:36: [SM]   [0]  Line 387, C:\Users\Arkarr\Desktop\SAVM.sp::GotDatabase()
L 06/13/2016 - 00:49:09: Error log file session closed.
L 06/13/2016 - 00:50:10: SourceMod error session started
L 06/13/2016 - 00:50:10: Info (map "workshop/125750763/aim_warmup_d") (file "errors_20160613.log")
L 06/13/2016 - 00:50:10: [SM] Plugin encountered error 25: Call was aborted
L 06/13/2016 - 00:50:10: [SM] Native "SetFailState" reported: [SAVM] Error with database : [2003]: Can't connect to MySQL server on '186.64.115.140' (4)
L 06/13/2016 - 00:50:10: [SM] Displaying call stack trace for plugin "SAVM.smx":
L 06/13/2016 - 00:50:10: [SM]   [0]  Line 387, C:\Users\Arkarr\Desktop\SAVM.sp::GotDatabase()
L 06/13/2016 - 01:00:57: Error log file session closed.
L 06/13/2016 - 01:01:57: SourceMod error session started
L 06/13/2016 - 01:01:57: Info (map "workshop/400539860/aim_deagle_jakke") (file "errors_20160613.log")
L 06/13/2016 - 01:01:57: [SM] Plugin encountered error 25: Call was aborted
L 06/13/2016 - 01:01:57: [SM] Native "SetFailState" reported: [SAVM] Error with database : [2003]: Can't connect to MySQL server on '186.64.115.140' (4)
L 06/13/2016 - 01:01:57: [SM] Displaying call stack trace for plugin "SAVM.smx":
L 06/13/2016 - 01:01:57: [SM]   [0]  Line 387, C:\Users\Arkarr\Desktop\SAVM.sp::GotDatabase()
L 06/13/2016 - 01:19:29: Error log file session closed.
L 06/13/2016 - 01:20:29: SourceMod error session started
L 06/13/2016 - 01:20:29: Info (map "workshop/126658652/gg_endorush") (file "errors_20160613.log")
L 06/13/2016 - 01:20:29: [SM] Plugin encountered error 25: Call was aborted
L 06/13/2016 - 01:20:29: [SM] Native "SetFailState" reported: [SAVM] Error with database : [2003]: Can't connect to MySQL server on '186.64.115.140' (4)
L 06/13/2016 - 01:20:29: [SM] Displaying call stack trace for plugin "SAVM.smx":
L 06/13/2016 - 01:20:29: [SM]   [0]  Line 387, C:\Users\Arkarr\Desktop\SAVM.sp::GotDatabase()
L 06/13/2016 - 01:35:12: Error log file session closed.
L 06/13/2016 - 01:36:13: SourceMod error session started
L 06/13/2016 - 01:36:13: Info (map "workshop/171893126/fy_house") (file "errors_20160613.log")
L 06/13/2016 - 01:36:13: [SM] Plugin encountered error 25: Call was aborted
L 06/13/2016 - 01:36:13: [SM] Native "SetFailState" reported: [SAVM] Error with database : [2003]: Can't connect to MySQL server on '186.64.115.140' (4)
L 06/13/2016 - 01:36:13: [SM] Displaying call stack trace for plugin "SAVM.smx":
L 06/13/2016 - 01:36:13: [SM]   [0]  Line 387, C:\Users\Arkarr\Desktop\SAVM.sp::GotDatabase()
L 06/13/2016 - 01:44:40: Error log file session closed.
L 06/13/2016 - 01:45:40: SourceMod error session started
L 06/13/2016 - 01:45:40: Info (map "workshop/412137767/awp_lego_2015") (file "errors_20160613.log")
L 06/13/2016 - 01:45:40: [SM] Plugin encountered error 25: Call was aborted
L 06/13/2016 - 01:45:40: [SM] Native "SetFailState" reported: [SAVM] Error with database : [2003]: Can't connect to MySQL server on '186.64.115.140' (4)
L 06/13/2016 - 01:45:40: [SM] Displaying call stack trace for plugin "SAVM.smx":
L 06/13/2016 - 01:45:40: [SM]   [0]  Line 387, C:\Users\Arkarr\Desktop\SAVM.sp::GotDatabase()
L 06/13/2016 - 02:50:51: Error log file session closed.
L 06/13/2016 - 02:51:51: SourceMod error session started
L 06/13/2016 - 02:51:51: Info (map "workshop/126296412/ar_tipsy_b3") (file "errors_20160613.log")
L 06/13/2016 - 02:51:51: [SM] Plugin encountered error 25: Call was aborted
L 06/13/2016 - 02:51:51: [SM] Native "SetFailState" reported: [SAVM] Error with database : [2003]: Can't connect to MySQL server on '186.64.115.140' (4)
L 06/13/2016 - 02:51:51: [SM] Displaying call stack trace for plugin "SAVM.smx":
L 06/13/2016 - 02:51:51: [SM]   [0]  Line 387, C:\Users\Arkarr\Desktop\SAVM.sp::GotDatabase()
L 06/13/2016 - 09:40:09: Error log file session closed.
L 06/13/2016 - 09:41:09: SourceMod error session started
L 06/13/2016 - 09:41:09: Info (map "workshop/126829889/fy_elevated_t0") (file "errors_20160613.log")
L 06/13/2016 - 09:41:09: [SM] Plugin encountered error 25: Call was aborted
L 06/13/2016 - 09:41:09: [SM] Native "SetFailState" reported: [SAVM] Error with database : [2003]: Can't connect to MySQL server on '186.64.115.140' (4)
L 06/13/2016 - 09:41:09: [SM] Displaying call stack trace for plugin "SAVM.smx":
L 06/13/2016 - 09:41:09: [SM]   [0]  Line 387, C:\Users\Arkarr\Desktop\SAVM.sp::GotDatabase()
L 06/13/2016 - 09:47:46: Error log file session closed.
L 06/13/2016 - 09:48:46: SourceMod error session started
L 06/13/2016 - 09:48:46: Info (map "workshop/449416365/2_rooms_w") (file "errors_20160613.log")
L 06/13/2016 - 09:48:46: [SM] Plugin encountered error 25: Call was aborted
L 06/13/2016 - 09:48:46: [SM] Native "SetFailState" reported: [SAVM] Error with database : [2003]: Can't connect to MySQL server on '186.64.115.140' (4)
L 06/13/2016 - 09:48:46: [SM] Displaying call stack trace for plugin "SAVM.smx":
L 06/13/2016 - 09:48:46: [SM]   [0]  Line 387, C:\Users\Arkarr\Desktop\SAVM.sp::GotDatabase()
L 06/13/2016 - 11:31:23: Error log file session closed.
L 06/13/2016 - 11:32:23: SourceMod error session started
L 06/13/2016 - 11:32:23: Info (map "workshop/125611976/aim_shootout") (file "errors_20160613.log")
L 06/13/2016 - 11:32:23: [SM] Plugin encountered error 25: Call was aborted
L 06/13/2016 - 11:32:23: [SM] Native "SetFailState" reported: [SAVM] Error with database : [2003]: Can't connect to MySQL server on '186.64.115.140' (4)
L 06/13/2016 - 11:32:23: [SM] Displaying call stack trace for plugin "SAVM.smx":
L 06/13/2016 - 11:32:23: [SM]   [0]  Line 387, C:\Users\Arkarr\Desktop\SAVM.sp::GotDatabase()
L 06/13/2016 - 11:41:20: Error log file session closed.
L 06/13/2016 - 11:42:20: SourceMod error session started
L 06/13/2016 - 11:42:20: Info (map "workshop/146351995/ar_arena") (file "errors_20160613.log")
L 06/13/2016 - 11:42:20: [SM] Plugin encountered error 25: Call was aborted
L 06/13/2016 - 11:42:20: [SM] Native "SetFailState" reported: [SAVM] Error with database : [2003]: Can't connect to MySQL server on '186.64.115.140' (4)
L 06/13/2016 - 11:42:20: [SM] Displaying call stack trace for plugin "SAVM.smx":
L 06/13/2016 - 11:42:20: [SM]   [0]  Line 387, C:\Users\Arkarr\Desktop\SAVM.sp::GotDatabase()
L 06/13/2016 - 11:53:20: Error log file session closed.
L 06/13/2016 - 11:54:20: SourceMod error session started
L 06/13/2016 - 11:54:20: Info (map "workshop/149100115/gg_FE_texture_shotz") (file "errors_20160613.log")
L 06/13/2016 - 11:54:20: [SM] Plugin encountered error 25: Call was aborted
L 06/13/2016 - 11:54:20: [SM] Native "SetFailState" reported: [SAVM] Error with database : [2003]: Can't connect to MySQL server on '186.64.115.140' (4)
L 06/13/2016 - 11:54:20: [SM] Displaying call stack trace for plugin "SAVM.smx":
L 06/13/2016 - 11:54:20: [SM]   [0]  Line 387, C:\Users\Arkarr\Desktop\SAVM.sp::GotDatabase()
L 06/13/2016 - 12:01:08: Error log file session closed.
L 06/13/2016 - 12:02:08: SourceMod error session started
L 06/13/2016 - 12:02:08: Info (map "workshop/175314656/ar_3rooms") (file "errors_20160613.log")
L 06/13/2016 - 12:02:08: [SM] Plugin encountered error 25: Call was aborted
L 06/13/2016 - 12:02:08: [SM] Native "SetFailState" reported: [SAVM] Error with database : [2003]: Can't connect to MySQL server on '186.64.115.140' (4)
L 06/13/2016 - 12:02:08: [SM] Displaying call stack trace for plugin "SAVM.smx":
L 06/13/2016 - 12:02:08: [SM]   [0]  Line 387, C:\Users\Arkarr\Desktop\SAVM.sp::GotDatabase()
L 06/13/2016 - 12:10:37: Error log file session closed.
L 06/13/2016 - 12:11:38: SourceMod error session started
L 06/13/2016 - 12:11:38: Info (map "workshop/486698947/aim_map_training") (file "errors_20160613.log")
L 06/13/2016 - 12:11:38: [SM] Plugin encountered error 25: Call was aborted
L 06/13/2016 - 12:11:38: [SM] Native "SetFailState" reported: [SAVM] Error with database : [2003]: Can't connect to MySQL server on '186.64.115.140' (4)
L 06/13/2016 - 12:11:38: [SM] Displaying call stack trace for plugin "SAVM.smx":
L 06/13/2016 - 12:11:38: [SM]   [0]  Line 387, C:\Users\Arkarr\Desktop\SAVM.sp::GotDatabase()
L 06/13/2016 - 12:17:46: Error log file session closed.
L 06/13/2016 - 12:18:46: SourceMod error session started
L 06/13/2016 - 12:18:46: Info (map "workshop/219810220/ar_combat-arena") (file "errors_20160613.log")
L 06/13/2016 - 12:18:46: [SM] Plugin encountered error 25: Call was aborted
L 06/13/2016 - 12:18:46: [SM] Native "SetFailState" reported: [SAVM] Error with database : [2003]: Can't connect to MySQL server on '186.64.115.140' (4)
L 06/13/2016 - 12:18:46: [SM] Displaying call stack trace for plugin "SAVM.smx":
L 06/13/2016 - 12:18:46: [SM]   [0]  Line 387, C:\Users\Arkarr\Desktop\SAVM.sp::GotDatabase()
L 06/13/2016 - 12:32:28: Error log file session closed.
L 06/13/2016 - 12:33:28: SourceMod error session started
L 06/13/2016 - 12:33:28: Info (map "workshop/491751274/fy_frantic") (file "errors_20160613.log")
L 06/13/2016 - 12:33:28: [SM] Plugin encountered error 25: Call was aborted
L 06/13/2016 - 12:33:28: [SM] Native "SetFailState" reported: [SAVM] Error with database : [2003]: Can't connect to MySQL server on '186.64.115.140' (4)
L 06/13/2016 - 12:33:28: [SM] Displaying call stack trace for plugin "SAVM.smx":
L 06/13/2016 - 12:33:28: [SM]   [0]  Line 387, C:\Users\Arkarr\Desktop\SAVM.sp::GotDatabase()
L 06/13/2016 - 12:43:00: Error log file session closed.
L 06/13/2016 - 12:44:00: SourceMod error session started
L 06/13/2016 - 12:44:00: Info (map "workshop/449416365/2_rooms_w") (file "errors_20160613.log")
L 06/13/2016 - 12:44:00: [SM] Plugin encountered error 25: Call was aborted
L 06/13/2016 - 12:44:00: [SM] Native "SetFailState" reported: [SAVM] Error with database : [2003]: Can't connect to MySQL server on '186.64.115.140' (4)
L 06/13/2016 - 12:44:00: [SM] Displaying call stack trace for plugin "SAVM.smx":
L 06/13/2016 - 12:44:00: [SM]   [0]  Line 387, C:\Users\Arkarr\Desktop\SAVM.sp::GotDatabase()
L 06/13/2016 - 12:50:03: Error log file session closed.
L 06/13/2016 - 13:16:07: SourceMod error session started
L 06/13/2016 - 13:16:07: Info (map "workshop/170941799/ar_simple_aztec") (file "errors_20160613.log")
L 06/13/2016 - 13:16:07: [SM] Plugin encountered error 25: Call was aborted
L 06/13/2016 - 13:16:07: [SM] Native "SetFailState" reported: [SAVM] Error with database : [2003]: Can't connect to MySQL server on '186.64.115.140' (4)
L 06/13/2016 - 13:16:07: [SM] Displaying call stack trace for plugin "SAVM.smx":
L 06/13/2016 - 13:16:07: [SM]   [0]  Line 387, C:\Users\Arkarr\Desktop\SAVM.sp::GotDatabase()
L 06/13/2016 - 13:16:09: Error log file session closed.
L 06/13/2016 - 13:17:09: SourceMod error session started
L 06/13/2016 - 13:17:09: Info (map "workshop/170941799/ar_simple_aztec") (file "errors_20160613.log")
L 06/13/2016 - 13:17:09: [SM] Plugin encountered error 25: Call was aborted
L 06/13/2016 - 13:17:09: [SM] Native "SetFailState" reported: [SAVM] Error with database : [2003]: Can't connect to MySQL server on '186.64.115.140' (4)
L 06/13/2016 - 13:17:09: [SM] Displaying call stack trace for plugin "SAVM.smx":
L 06/13/2016 - 13:17:09: [SM]   [0]  Line 387, C:\Users\Arkarr\Desktop\SAVM.sp::GotDatabase()
L 06/13/2016 - 13:23:57: Error log file session closed.
L 06/13/2016 - 13:24:57: SourceMod error session started
L 06/13/2016 - 13:24:57: Info (map "workshop/282977521/aim_chicken_ak") (file "errors_20160613.log")
L 06/13/2016 - 13:24:57: [SM] Plugin encountered error 25: Call was aborted
L 06/13/2016 - 13:24:57: [SM] Native "SetFailState" reported: [SAVM] Error with database : [2003]: Can't connect to MySQL server on '186.64.115.140' (4)
L 06/13/2016 - 13:24:57: [SM] Displaying call stack trace for plugin "SAVM.smx":
L 06/13/2016 - 13:24:57: [SM]   [0]  Line 387, C:\Users\Arkarr\Desktop\SAVM.sp::GotDatabase()
L 06/13/2016 - 13:44:35: Error log file session closed.
L 06/13/2016 - 13:45:35: SourceMod error session started
L 06/13/2016 - 13:45:35: Info (map "workshop/160591343/fy_switch") (file "errors_20160613.log")
L 06/13/2016 - 13:45:35: [SM] Plugin encountered error 25: Call was aborted
L 06/13/2016 - 13:45:35: [SM] Native "SetFailState" reported: [SAVM] Error with database : [2003]: Can't connect to MySQL server on '186.64.115.140' (4)
L 06/13/2016 - 13:45:35: [SM] Displaying call stack trace for plugin "SAVM.smx":
L 06/13/2016 - 13:45:35: [SM]   [0]  Line 387, C:\Users\Arkarr\Desktop\SAVM.sp::GotDatabase()
L 06/13/2016 - 13:53:45: Error log file session closed.
L 06/13/2016 - 13:54:45: SourceMod error session started
L 06/13/2016 - 13:54:45: Info (map "workshop/414117084/ar_karma") (file "errors_20160613.log")
L 06/13/2016 - 13:54:45: [SM] Plugin encountered error 25: Call was aborted
L 06/13/2016 - 13:54:45: [SM] Native "SetFailState" reported: [SAVM] Error with database : [2003]: Can't connect to MySQL server on '186.64.115.140' (4)
L 06/13/2016 - 13:54:45: [SM] Displaying call stack trace for plugin "SAVM.smx":
L 06/13/2016 - 13:54:45: [SM]   [0]  Line 387, C:\Users\Arkarr\Desktop\SAVM.sp::GotDatabase()
L 06/13/2016 - 14:02:04: Error log file session closed.
L 06/13/2016 - 14:03:04: SourceMod error session started
L 06/13/2016 - 14:03:04: Info (map "workshop/177128990/ar_desertstorm") (file "errors_20160613.log")
L 06/13/2016 - 14:03:04: [SM] Plugin encountered error 25: Call was aborted
L 06/13/2016 - 14:03:04: [SM] Native "SetFailState" reported: [SAVM] Error with database : [2003]: Can't connect to MySQL server on '186.64.115.140' (4)
L 06/13/2016 - 14:03:04: [SM] Displaying call stack trace for plugin "SAVM.smx":
L 06/13/2016 - 14:03:04: [SM]   [0]  Line 387, C:\Users\Arkarr\Desktop\SAVM.sp::GotDatabase()
L 06/13/2016 - 14:19:14: Error log file session closed.
L 06/13/2016 - 14:20:14: SourceMod error session started
L 06/13/2016 - 14:20:14: Info (map "workshop/175410200/ar_funtimes") (file "errors_20160613.log")
L 06/13/2016 - 14:20:14: [SM] Plugin encountered error 25: Call was aborted
L 06/13/2016 - 14:20:14: [SM] Native "SetFailState" reported: [SAVM] Error with database : [2003]: Can't connect to MySQL server on '186.64.115.140' (4)
L 06/13/2016 - 14:20:14: [SM] Displaying call stack trace for plugin "SAVM.smx":
L 06/13/2016 - 14:20:14: [SM]   [0]  Line 387, C:\Users\Arkarr\Desktop\SAVM.sp::GotDatabase()
L 06/13/2016 - 14:31:08: Error log file session closed.
L 06/13/2016 - 14:32:08: SourceMod error session started
L 06/13/2016 - 14:32:08: Info (map "workshop/160591343/fy_switch") (file "errors_20160613.log")
L 06/13/2016 - 14:32:08: [SM] Plugin encountered error 25: Call was aborted
L 06/13/2016 - 14:32:08: [SM] Native "SetFailState" reported: [SAVM] Error with database : [2003]: Can't connect to MySQL server on '186.64.115.140' (4)
L 06/13/2016 - 14:32:08: [SM] Displaying call stack trace for plugin "SAVM.smx":
L 06/13/2016 - 14:32:08: [SM]   [0]  Line 387, C:\Users\Arkarr\Desktop\SAVM.sp::GotDatabase()
L 06/13/2016 - 14:42:42: Error log file session closed.
L 06/13/2016 - 14:43:42: SourceMod error session started
L 06/13/2016 - 14:43:42: Info (map "workshop/125653222/fy_stoneworld_t0_beta3") (file "errors_20160613.log")
L 06/13/2016 - 14:43:42: [SM] Plugin encountered error 25: Call was aborted
L 06/13/2016 - 14:43:42: [SM] Native "SetFailState" reported: [SAVM] Error with database : [2003]: Can't connect to MySQL server on '186.64.115.140' (4)
L 06/13/2016 - 14:43:42: [SM] Displaying call stack trace for plugin "SAVM.smx":
L 06/13/2016 - 14:43:42: [SM]   [0]  Line 387, C:\Users\Arkarr\Desktop\SAVM.sp::GotDatabase()
L 06/13/2016 - 14:54:44: Error log file session closed.
L 06/13/2016 - 14:55:45: SourceMod error session started
L 06/13/2016 - 14:55:45: Info (map "workshop/204992162/fy_buzzkill_csgo") (file "errors_20160613.log")
L 06/13/2016 - 14:55:45: [SM] Plugin encountered error 25: Call was aborted
L 06/13/2016 - 14:55:45: [SM] Native "SetFailState" reported: [SAVM] Error with database : [2003]: Can't connect to MySQL server on '186.64.115.140' (4)
L 06/13/2016 - 14:55:45: [SM] Displaying call stack trace for plugin "SAVM.smx":
L 06/13/2016 - 14:55:45: [SM]   [0]  Line 387, C:\Users\Arkarr\Desktop\SAVM.sp::GotDatabase()
L 06/13/2016 - 15:07:37: Error log file session closed.
L 06/13/2016 - 15:08:37: SourceMod error session started
L 06/13/2016 - 15:08:37: Info (map "workshop/282977521/aim_chicken_ak") (file "errors_20160613.log")
L 06/13/2016 - 15:08:37: [SM] Plugin encountered error 25: Call was aborted
L 06/13/2016 - 15:08:37: [SM] Native "SetFailState" reported: [SAVM] Error with database : [2003]: Can't connect to MySQL server on '186.64.115.140' (4)
L 06/13/2016 - 15:08:37: [SM] Displaying call stack trace for plugin "SAVM.smx":
L 06/13/2016 - 15:08:37: [SM]   [0]  Line 387, C:\Users\Arkarr\Desktop\SAVM.sp::GotDatabase()
L 06/13/2016 - 15:19:18: Error log file session closed.
L 06/13/2016 - 15:20:18: SourceMod error session started
L 06/13/2016 - 15:20:18: Info (map "workshop/314193157/mini_dust_pro") (file "errors_20160613.log")
L 06/13/2016 - 15:20:18: [SM] Plugin encountered error 25: Call was aborted
L 06/13/2016 - 15:20:18: [SM] Native "SetFailState" reported: [SAVM] Error with database : [2003]: Can't connect to MySQL server on '186.64.115.140' (4)
L 06/13/2016 - 15:20:18: [SM] Displaying call stack trace for plugin "SAVM.smx":
L 06/13/2016 - 15:20:18: [SM]   [0]  Line 387, C:\Users\Arkarr\Desktop\SAVM.sp::GotDatabase()
L 06/13/2016 - 15:33:15: Error log file session closed.
L 06/13/2016 - 15:34:15: SourceMod error session started
L 06/13/2016 - 15:34:15: Info (map "workshop/125783497/gg_funfest_csgo") (file "errors_20160613.log")
L 06/13/2016 - 15:34:15: [SM] Plugin encountered error 25: Call was aborted
L 06/13/2016 - 15:34:15: [SM] Native "SetFailState" reported: [SAVM] Error with database : [2003]: Can't connect to MySQL server on '186.64.115.140' (4)
L 06/13/2016 - 15:34:15: [SM] Displaying call stack trace for plugin "SAVM.smx":
L 06/13/2016 - 15:34:15: [SM]   [0]  Line 387, C:\Users\Arkarr\Desktop\SAVM.sp::GotDatabase()
L 06/13/2016 - 15:49:04: Error log file session closed.
L 06/13/2016 - 15:50:05: SourceMod error session started
L 06/13/2016 - 15:50:05: Info (map "workshop/177557647/ar_beach") (file "errors_20160613.log")
L 06/13/2016 - 15:50:05: [SM] Plugin encountered error 25: Call was aborted
L 06/13/2016 - 15:50:05: [SM] Native "SetFailState" reported: [SAVM] Error with database : [2003]: Can't connect to MySQL server on '186.64.115.140' (4)
L 06/13/2016 - 15:50:05: [SM] Displaying call stack trace for plugin "SAVM.smx":
L 06/13/2016 - 15:50:05: [SM]   [0]  Line 387, C:\Users\Arkarr\Desktop\SAVM.sp::GotDatabase()
L 06/13/2016 - 16:01:26: Error log file session closed.
L 06/13/2016 - 16:02:26: SourceMod error session started
L 06/13/2016 - 16:02:26: Info (map "workshop/302792822/aim_bedi_awp_map") (file "errors_20160613.log")
L 06/13/2016 - 16:02:26: [SM] Plugin encountered error 25: Call was aborted
L 06/13/2016 - 16:02:26: [SM] Native "SetFailState" reported: [SAVM] Error with database : [2003]: Can't connect to MySQL server on '186.64.115.140' (4)
L 06/13/2016 - 16:02:26: [SM] Displaying call stack trace for plugin "SAVM.smx":
L 06/13/2016 - 16:02:26: [SM]   [0]  Line 387, C:\Users\Arkarr\Desktop\SAVM.sp::GotDatabase()
L 06/13/2016 - 16:15:20: Error log file session closed.
L 06/13/2016 - 16:16:20: SourceMod error session started
L 06/13/2016 - 16:16:20: Info (map "workshop/307921746/aim_awp_bungalow") (file "errors_20160613.log")
L 06/13/2016 - 16:16:20: [SM] Plugin encountered error 25: Call was aborted
L 06/13/2016 - 16:16:20: [SM] Native "SetFailState" reported: [SAVM] Error with database : [2003]: Can't connect to MySQL server on '186.64.115.140' (4)
L 06/13/2016 - 16:16:20: [SM] Displaying call stack trace for plugin "SAVM.smx":
L 06/13/2016 - 16:16:20: [SM]   [0]  Line 387, C:\Users\Arkarr\Desktop\SAVM.sp::GotDatabase()
L 06/13/2016 - 16:30:43: Error log file session closed.
L 06/13/2016 - 16:31:43: SourceMod error session started
L 06/13/2016 - 16:31:43: Info (map "workshop/143652850/gg_mini_dust_go") (file "errors_20160613.log")
L 06/13/2016 - 16:31:43: [SM] Plugin encountered error 25: Call was aborted
L 06/13/2016 - 16:31:43: [SM] Native "SetFailState" reported: [SAVM] Error with database : [2003]: Can't connect to MySQL server on '186.64.115.140' (4)
L 06/13/2016 - 16:31:43: [SM] Displaying call stack trace for plugin "SAVM.smx":
L 06/13/2016 - 16:31:43: [SM]   [0]  Line 387, C:\Users\Arkarr\Desktop\SAVM.sp::GotDatabase()
L 06/13/2016 - 16:41:33: Error log file session closed.
L 06/13/2016 - 16:42:33: SourceMod error session started
L 06/13/2016 - 16:42:33: Info (map "workshop/204992162/fy_buzzkill_csgo") (file "errors_20160613.log")
L 06/13/2016 - 16:42:33: [SM] Plugin encountered error 25: Call was aborted
L 06/13/2016 - 16:42:33: [SM] Native "SetFailState" reported: [SAVM] Error with database : [2003]: Can't connect to MySQL server on '186.64.115.140' (4)
L 06/13/2016 - 16:42:33: [SM] Displaying call stack trace for plugin "SAVM.smx":
L 06/13/2016 - 16:42:33: [SM]   [0]  Line 387, C:\Users\Arkarr\Desktop\SAVM.sp::GotDatabase()
L 06/13/2016 - 16:59:48: Error log file session closed.
L 06/13/2016 - 17:00:48: SourceMod error session started
L 06/13/2016 - 17:00:48: Info (map "workshop/412137767/awp_lego_2015") (file "errors_20160613.log")
L 06/13/2016 - 17:00:48: [SM] Plugin encountered error 25: Call was aborted
L 06/13/2016 - 17:00:48: [SM] Native "SetFailState" reported: [SAVM] Error with database : [2003]: Can't connect to MySQL server on '186.64.115.140' (4)
L 06/13/2016 - 17:00:48: [SM] Displaying call stack trace for plugin "SAVM.smx":
L 06/13/2016 - 17:00:48: [SM]   [0]  Line 387, C:\Users\Arkarr\Desktop\SAVM.sp::GotDatabase()
L 06/13/2016 - 17:23:23: Error log file session closed.
L 06/13/2016 - 17:24:23: SourceMod error session started
L 06/13/2016 - 17:24:23: Info (map "workshop/122521875/fy_pool_day") (file "errors_20160613.log")
L 06/13/2016 - 17:24:23: [SM] Plugin encountered error 25: Call was aborted
L 06/13/2016 - 17:24:23: [SM] Native "SetFailState" reported: [SAVM] Error with database : [2003]: Can't connect to MySQL server on '186.64.115.140' (4)
L 06/13/2016 - 17:24:23: [SM] Displaying call stack trace for plugin "SAVM.smx":
L 06/13/2016 - 17:24:23: [SM]   [0]  Line 387, C:\Users\Arkarr\Desktop\SAVM.sp::GotDatabase()
L 06/13/2016 - 17:33:59: Error log file session closed.
L 06/13/2016 - 17:34:59: SourceMod error session started
L 06/13/2016 - 17:34:59: Info (map "workshop/128714639/fy_blockfort_v2") (file "errors_20160613.log")
L 06/13/2016 - 17:34:59: [SM] Plugin encountered error 25: Call was aborted
L 06/13/2016 - 17:34:59: [SM] Native "SetFailState" reported: [SAVM] Error with database : [2003]: Can't connect to MySQL server on '186.64.115.140' (4)
L 06/13/2016 - 17:34:59: [SM] Displaying call stack trace for plugin "SAVM.smx":
L 06/13/2016 - 17:34:59: [SM]   [0]  Line 387, C:\Users\Arkarr\Desktop\SAVM.sp::GotDatabase()
L 06/13/2016 - 17:43:07: Error log file session closed.
L 06/13/2016 - 17:44:07: SourceMod error session started
L 06/13/2016 - 17:44:07: Info (map "workshop/128714639/fy_blockfort_v2") (file "errors_20160613.log")
L 06/13/2016 - 17:44:07: [SM] Plugin encountered error 25: Call was aborted
L 06/13/2016 - 17:44:07: [SM] Native "SetFailState" reported: [SAVM] Error with database : [2003]: Can't connect to MySQL server on '186.64.115.140' (4)
L 06/13/2016 - 17:44:07: [SM] Displaying call stack trace for plugin "SAVM.smx":
L 06/13/2016 - 17:44:07: [SM]   [0]  Line 387, C:\Users\Arkarr\Desktop\SAVM.sp::GotDatabase()
L 06/13/2016 - 17:55:24: Error log file session closed.
L 06/13/2016 - 17:56:24: SourceMod error session started
L 06/13/2016 - 17:56:24: Info (map "workshop/126658652/gg_endorush") (file "errors_20160613.log")
L 06/13/2016 - 17:56:24: [SM] Plugin encountered error 25: Call was aborted
L 06/13/2016 - 17:56:24: [SM] Native "SetFailState" reported: [SAVM] Error with database : [2003]: Can't connect to MySQL server on '186.64.115.140' (4)
L 06/13/2016 - 17:56:24: [SM] Displaying call stack trace for plugin "SAVM.smx":
L 06/13/2016 - 17:56:24: [SM]   [0]  Line 387, C:\Users\Arkarr\Desktop\SAVM.sp::GotDatabase()
L 06/13/2016 - 18:06:43: Error log file session closed.
L 06/13/2016 - 18:07:43: SourceMod error session started
L 06/13/2016 - 18:07:43: Info (map "workshop/150343780/gg_yellow_arena_1") (file "errors_20160613.log")
L 06/13/2016 - 18:07:43: [SM] Plugin encountered error 25: Call was aborted
L 06/13/2016 - 18:07:43: [SM] Native "SetFailState" reported: [SAVM] Error with database : [2003]: Can't connect to MySQL server on '186.64.115.140' (4)
L 06/13/2016 - 18:07:43: [SM] Displaying call stack trace for plugin "SAVM.smx":
L 06/13/2016 - 18:07:43: [SM]   [0]  Line 387, C:\Users\Arkarr\Desktop\SAVM.sp::GotDatabase()
L 06/13/2016 - 18:18:04: Error log file session closed.
L 06/13/2016 - 18:19:04: SourceMod error session started
L 06/13/2016 - 18:19:04: Info (map "workshop/125651872/fy_dinoiceworld2_t0") (file "errors_20160613.log")
L 06/13/2016 - 18:19:04: [SM] Plugin encountered error 25: Call was aborted
L 06/13/2016 - 18:19:04: [SM] Native "SetFailState" reported: [SAVM] Error with database : [2003]: Can't connect to MySQL server on '186.64.115.140' (4)
L 06/13/2016 - 18:19:04: [SM] Displaying call stack trace for plugin "SAVM.smx":
L 06/13/2016 - 18:19:04: [SM]   [0]  Line 387, C:\Users\Arkarr\Desktop\SAVM.sp::GotDatabase()
L 06/13/2016 - 18:29:41: Error log file session closed.
L 06/13/2016 - 18:30:41: SourceMod error session started
L 06/13/2016 - 18:30:41: Info (map "workshop/177128990/ar_desertstorm") (file "errors_20160613.log")
L 06/13/2016 - 18:30:41: [SM] Plugin encountered error 25: Call was aborted
L 06/13/2016 - 18:30:41: [SM] Native "SetFailState" reported: [SAVM] Error with database : [2003]: Can't connect to MySQL server on '186.64.115.140' (4)
L 06/13/2016 - 18:30:41: [SM] Displaying call stack trace for plugin "SAVM.smx":
L 06/13/2016 - 18:30:41: [SM]   [0]  Line 387, C:\Users\Arkarr\Desktop\SAVM.sp::GotDatabase()
L 06/13/2016 - 18:39:46: Error log file session closed.
L 06/13/2016 - 18:40:46: SourceMod error session started
L 06/13/2016 - 18:40:46: Info (map "workshop/249814502/$2000$csgo") (file "errors_20160613.log")
L 06/13/2016 - 18:40:46: [SM] Plugin encountered error 25: Call was aborted
L 06/13/2016 - 18:40:46: [SM] Native "SetFailState" reported: [SAVM] Error with database : [2003]: Can't connect to MySQL server on '186.64.115.140' (4)
L 06/13/2016 - 18:40:46: [SM] Displaying call stack trace for plugin "SAVM.smx":
L 06/13/2016 - 18:40:46: [SM]   [0]  Line 387, C:\Users\Arkarr\Desktop\SAVM.sp::GotDatabase()
L 06/13/2016 - 18:48:45: Error log file session closed.
L 06/13/2016 - 18:49:45: SourceMod error session started
L 06/13/2016 - 18:49:45: Info (map "workshop/258530919/ar_rxg-gravity") (file "errors_20160613.log")
L 06/13/2016 - 18:49:45: [SM] Plugin encountered error 25: Call was aborted
L 06/13/2016 - 18:49:45: [SM] Native "SetFailState" reported: [SAVM] Error with database : [2003]: Can't connect to MySQL server on '186.64.115.140' (4)
L 06/13/2016 - 18:49:45: [SM] Displaying call stack trace for plugin "SAVM.smx":
L 06/13/2016 - 18:49:45: [SM]   [0]  Line 387, C:\Users\Arkarr\Desktop\SAVM.sp::GotDatabase()
L 06/13/2016 - 19:02:18: Error log file session closed.
L 06/13/2016 - 19:03:18: SourceMod error session started
L 06/13/2016 - 19:03:18: Info (map "ar_shoots") (file "errors_20160613.log")
L 06/13/2016 - 19:03:18: [SM] Plugin encountered error 25: Call was aborted
L 06/13/2016 - 19:03:18: [SM] Native "SetFailState" reported: [SAVM] Error with database : [2003]: Can't connect to MySQL server on '186.64.115.140' (4)
L 06/13/2016 - 19:03:18: [SM] Displaying call stack trace for plugin "SAVM.smx":
L 06/13/2016 - 19:03:18: [SM]   [0]  Line 387, C:\Users\Arkarr\Desktop\SAVM.sp::GotDatabase()
L 06/13/2016 - 19:27:34: Error log file session closed.
L 06/13/2016 - 19:28:34: SourceMod error session started
L 06/13/2016 - 19:28:34: Info (map "workshop/143652850/gg_mini_dust_go") (file "errors_20160613.log")
L 06/13/2016 - 19:28:34: [SM] Plugin encountered error 25: Call was aborted
L 06/13/2016 - 19:28:34: [SM] Native "SetFailState" reported: [SAVM] Error with database : [2003]: Can't connect to MySQL server on '186.64.115.140' (4)
L 06/13/2016 - 19:28:34: [SM] Displaying call stack trace for plugin "SAVM.smx":
L 06/13/2016 - 19:28:34: [SM]   [0]  Line 387, C:\Users\Arkarr\Desktop\SAVM.sp::GotDatabase()
L 06/13/2016 - 19:39:48: Error log file session closed.
L 06/13/2016 - 19:40:48: SourceMod error session started
L 06/13/2016 - 19:40:48: Info (map "workshop/177557647/ar_beach") (file "errors_20160613.log")
L 06/13/2016 - 19:40:48: [SM] Plugin encountered error 25: Call was aborted
L 06/13/2016 - 19:40:48: [SM] Native "SetFailState" reported: [SAVM] Error with database : [2003]: Can't connect to MySQL server on '186.64.115.140' (4)
L 06/13/2016 - 19:40:48: [SM] Displaying call stack trace for plugin "SAVM.smx":
L 06/13/2016 - 19:40:48: [SM]   [0]  Line 387, C:\Users\Arkarr\Desktop\SAVM.sp::GotDatabase()
L 06/13/2016 - 19:51:53: Error log file session closed.
L 06/13/2016 - 19:52:53: SourceMod error session started
L 06/13/2016 - 19:52:53: Info (map "workshop/126829889/fy_elevated_t0") (file "errors_20160613.log")
L 06/13/2016 - 19:52:53: [SM] Plugin encountered error 25: Call was aborted
L 06/13/2016 - 19:52:53: [SM] Native "SetFailState" reported: [SAVM] Error with database : [2003]: Can't connect to MySQL server on '186.64.115.140' (4)
L 06/13/2016 - 19:52:53: [SM] Displaying call stack trace for plugin "SAVM.smx":
L 06/13/2016 - 19:52:53: [SM]   [0]  Line 387, C:\Users\Arkarr\Desktop\SAVM.sp::GotDatabase()
L 06/13/2016 - 20:13:05: Error log file session closed.
L 06/13/2016 - 20:14:05: SourceMod error session started
L 06/13/2016 - 20:14:05: Info (map "workshop/338637068/gg_bloodstroke_dtk") (file "errors_20160613.log")
L 06/13/2016 - 20:14:05: [SM] Plugin encountered error 25: Call was aborted
L 06/13/2016 - 20:14:05: [SM] Native "SetFailState" reported: [SAVM] Error with database : [2003]: Can't connect to MySQL server on '186.64.115.140' (4)
L 06/13/2016 - 20:14:05: [SM] Displaying call stack trace for plugin "SAVM.smx":
L 06/13/2016 - 20:14:05: [SM]   [0]  Line 387, C:\Users\Arkarr\Desktop\SAVM.sp::GotDatabase()
L 06/13/2016 - 20:28:02: Error log file session closed.
L 06/13/2016 - 20:29:02: SourceMod error session started
L 06/13/2016 - 20:29:02: Info (map "workshop/167335948/ar_warehouse") (file "errors_20160613.log")
L 06/13/2016 - 20:29:02: [SM] Plugin encountered error 25: Call was aborted
L 06/13/2016 - 20:29:02: [SM] Native "SetFailState" reported: [SAVM] Error with database : [2003]: Can't connect to MySQL server on '186.64.115.140' (4)
L 06/13/2016 - 20:29:02: [SM] Displaying call stack trace for plugin "SAVM.smx":
L 06/13/2016 - 20:29:02: [SM]   [0]  Line 387, C:\Users\Arkarr\Desktop\SAVM.sp::GotDatabase()
L 06/13/2016 - 20:45:57: Error log file session closed.
L 06/13/2016 - 20:46:57: SourceMod error session started
L 06/13/2016 - 20:46:57: Info (map "workshop/146351995/ar_arena") (file "errors_20160613.log")
L 06/13/2016 - 20:46:57: [SM] Plugin encountered error 25: Call was aborted
L 06/13/2016 - 20:46:57: [SM] Native "SetFailState" reported: [SAVM] Error with database : [2003]: Can't connect to MySQL server on '186.64.115.140' (4)
L 06/13/2016 - 20:46:57: [SM] Displaying call stack trace for plugin "SAVM.smx":
L 06/13/2016 - 20:46:57: [SM]   [0]  Line 387, C:\Users\Arkarr\Desktop\SAVM.sp::GotDatabase()
L 06/13/2016 - 20:58:49: Error log file session closed.
L 06/13/2016 - 20:59:49: SourceMod error session started
L 06/13/2016 - 20:59:49: Info (map "workshop/147052492/gg_wolfenstein_3d") (file "errors_20160613.log")
L 06/13/2016 - 20:59:49: [SM] Plugin encountered error 25: Call was aborted
L 06/13/2016 - 20:59:49: [SM] Native "SetFailState" reported: [SAVM] Error with database : [2003]: Can't connect to MySQL server on '186.64.115.140' (4)
L 06/13/2016 - 20:59:49: [SM] Displaying call stack trace for plugin "SAVM.smx":
L 06/13/2016 - 20:59:49: [SM]   [0]  Line 387, C:\Users\Arkarr\Desktop\SAVM.sp::GotDatabase()
L 06/13/2016 - 21:09:38: Error log file session closed.
L 06/13/2016 - 21:10:38: SourceMod error session started
L 06/13/2016 - 21:10:38: Info (map "workshop/302792822/aim_bedi_awp_map") (file "errors_20160613.log")
L 06/13/2016 - 21:10:38: [SM] Plugin encountered error 25: Call was aborted
L 06/13/2016 - 21:10:38: [SM] Native "SetFailState" reported: [SAVM] Error with database : [2003]: Can't connect to MySQL server on '186.64.115.140' (4)
L 06/13/2016 - 21:10:38: [SM] Displaying call stack trace for plugin "SAVM.smx":
L 06/13/2016 - 21:10:38: [SM]   [0]  Line 387, C:\Users\Arkarr\Desktop\SAVM.sp::GotDatabase()
L 06/13/2016 - 21:24:31: Error log file session closed.
L 06/13/2016 - 21:25:31: SourceMod error session started
L 06/13/2016 - 21:25:31: Info (map "workshop/258530919/ar_rxg-gravity") (file "errors_20160613.log")
L 06/13/2016 - 21:25:31: [SM] Plugin encountered error 25: Call was aborted
L 06/13/2016 - 21:25:31: [SM] Native "SetFailState" reported: [SAVM] Error with database : [2003]: Can't connect to MySQL server on '186.64.115.140' (4)
L 06/13/2016 - 21:25:31: [SM] Displaying call stack trace for plugin "SAVM.smx":
L 06/13/2016 - 21:25:31: [SM]   [0]  Line 387, C:\Users\Arkarr\Desktop\SAVM.sp::GotDatabase()
L 06/13/2016 - 21:48:19: Error log file session closed.
L 06/13/2016 - 21:49:19: SourceMod error session started
L 06/13/2016 - 21:49:19: Info (map "workshop/171893126/fy_house") (file "errors_20160613.log")
L 06/13/2016 - 21:49:19: [SM] Plugin encountered error 25: Call was aborted
L 06/13/2016 - 21:49:19: [SM] Native "SetFailState" reported: [SAVM] Error with database : [2003]: Can't connect to MySQL server on '186.64.115.140' (4)
L 06/13/2016 - 21:49:19: [SM] Displaying call stack trace for plugin "SAVM.smx":
L 06/13/2016 - 21:49:19: [SM]   [0]  Line 387, C:\Users\Arkarr\Desktop\SAVM.sp::GotDatabase()
L 06/13/2016 - 22:03:49: Error log file session closed.
L 06/13/2016 - 22:04:49: SourceMod error session started
L 06/13/2016 - 22:04:49: Info (map "workshop/125728649/ar_freeze_csgo") (file "errors_20160613.log")
L 06/13/2016 - 22:04:49: [SM] Plugin encountered error 25: Call was aborted
L 06/13/2016 - 22:04:49: [SM] Native "SetFailState" reported: [SAVM] Error with database : [2003]: Can't connect to MySQL server on '186.64.115.140' (4)
L 06/13/2016 - 22:04:49: [SM] Displaying call stack trace for plugin "SAVM.smx":
L 06/13/2016 - 22:04:49: [SM]   [0]  Line 387, C:\Users\Arkarr\Desktop\SAVM.sp::GotDatabase()
L 06/13/2016 - 22:17:39: Error log file session closed.
L 06/13/2016 - 22:18:39: SourceMod error session started
L 06/13/2016 - 22:18:39: Info (map "workshop/132434038/ak-47_map_csgo") (file "errors_20160613.log")
L 06/13/2016 - 22:18:39: [SM] Plugin encountered error 25: Call was aborted
L 06/13/2016 - 22:18:39: [SM] Native "SetFailState" reported: [SAVM] Error with database : [2003]: Can't connect to MySQL server on '186.64.115.140' (4)
L 06/13/2016 - 22:18:39: [SM] Displaying call stack trace for plugin "SAVM.smx":
L 06/13/2016 - 22:18:39: [SM]   [0]  Line 387, C:\Users\Arkarr\Desktop\SAVM.sp::GotDatabase()
L 06/13/2016 - 22:30:25: Error log file session closed.
L 06/13/2016 - 22:31:25: SourceMod error session started
L 06/13/2016 - 22:31:25: Info (map "workshop/125653222/fy_stoneworld_t0_beta3") (file "errors_20160613.log")
L 06/13/2016 - 22:31:25: [SM] Plugin encountered error 25: Call was aborted
L 06/13/2016 - 22:31:25: [SM] Native "SetFailState" reported: [SAVM] Error with database : [2003]: Can't connect to MySQL server on '186.64.115.140' (4)
L 06/13/2016 - 22:31:25: [SM] Displaying call stack trace for plugin "SAVM.smx":
L 06/13/2016 - 22:31:25: [SM]   [0]  Line 387, C:\Users\Arkarr\Desktop\SAVM.sp::GotDatabase()
L 06/13/2016 - 22:48:57: Error log file session closed.
L 06/13/2016 - 22:49:58: SourceMod error session started
L 06/13/2016 - 22:49:58: Info (map "ar_baggage") (file "errors_20160613.log")
L 06/13/2016 - 22:49:58: [SM] Plugin encountered error 25: Call was aborted
L 06/13/2016 - 22:49:58: [SM] Native "SetFailState" reported: [SAVM] Error with database : [2003]: Can't connect to MySQL server on '186.64.115.140' (4)
L 06/13/2016 - 22:49:58: [SM] Displaying call stack trace for plugin "SAVM.smx":
L 06/13/2016 - 22:49:58: [SM]   [0]  Line 387, C:\Users\Arkarr\Desktop\SAVM.sp::GotDatabase()
L 06/13/2016 - 23:05:03: Error log file session closed.
L 06/13/2016 - 23:06:03: SourceMod error session started
L 06/13/2016 - 23:06:03: Info (map "workshop/125783497/gg_funfest_csgo") (file "errors_20160613.log")
L 06/13/2016 - 23:06:03: [SM] Plugin encountered error 25: Call was aborted
L 06/13/2016 - 23:06:03: [SM] Native "SetFailState" reported: [SAVM] Error with database : [2003]: Can't connect to MySQL server on '186.64.115.140' (4)
L 06/13/2016 - 23:06:03: [SM] Displaying call stack trace for plugin "SAVM.smx":
L 06/13/2016 - 23:06:03: [SM]   [0]  Line 387, C:\Users\Arkarr\Desktop\SAVM.sp::GotDatabase()
L 06/13/2016 - 23:20:30: Error log file session closed.
L 06/13/2016 - 23:21:30: SourceMod error session started
L 06/13/2016 - 23:21:30: Info (map "ar_shoots") (file "errors_20160613.log")
L 06/13/2016 - 23:21:30: [SM] Plugin encountered error 25: Call was aborted
L 06/13/2016 - 23:21:30: [SM] Native "SetFailState" reported: [SAVM] Error with database : [2003]: Can't connect to MySQL server on '186.64.115.140' (4)
L 06/13/2016 - 23:21:30: [SM] Displaying call stack trace for plugin "SAVM.smx":
L 06/13/2016 - 23:21:30: [SM]   [0]  Line 387, C:\Users\Arkarr\Desktop\SAVM.sp::GotDatabase()
L 06/13/2016 - 23:40:04: Error log file session closed.
L 06/13/2016 - 23:41:05: SourceMod error session started
L 06/13/2016 - 23:41:05: Info (map "workshop/491751274/fy_frantic") (file "errors_20160613.log")
L 06/13/2016 - 23:41:05: [SM] Plugin encountered error 25: Call was aborted
L 06/13/2016 - 23:41:05: [SM] Native "SetFailState" reported: [SAVM] Error with database : [2003]: Can't connect to MySQL server on '186.64.115.140' (4)
L 06/13/2016 - 23:41:05: [SM] Displaying call stack trace for plugin "SAVM.smx":
L 06/13/2016 - 23:41:05: [SM]   [0]  Line 387, C:\Users\Arkarr\Desktop\SAVM.sp::GotDatabase()
L 06/13/2016 - 23:56:50: Error log file session closed.
L 06/13/2016 - 23:57:50: SourceMod error session started
L 06/13/2016 - 23:57:50: Info (map "workshop/491618300/fy_dusty") (file "errors_20160613.log")
L 06/13/2016 - 23:57:50: [SM] Plugin encountered error 25: Call was aborted
L 06/13/2016 - 23:57:50: [SM] Native "SetFailState" reported: [SAVM] Error with database : [2003]: Can't connect to MySQL server on '186.64.115.140' (4)
L 06/13/2016 - 23:57:50: [SM] Displaying call stack trace for plugin "SAVM.smx":
L 06/13/2016 - 23:57:50: [SM]   [0]  Line 387, C:\Users\Arkarr\Desktop\SAVM.sp::GotDatabase()
