L 06/15/2016 - 00:01:44: SourceMod error session started
L 06/15/2016 - 00:01:44: Info (map "workshop/128714639/fy_blockfort_v2") (file "errors_20160615.log")
L 06/15/2016 - 00:01:44: Error log file session closed.
L 06/15/2016 - 00:02:44: SourceMod error session started
L 06/15/2016 - 00:02:44: Info (map "workshop/128714639/fy_blockfort_v2") (file "errors_20160615.log")
L 06/15/2016 - 00:02:44: [SM] Plugin encountered error 25: Call was aborted
L 06/15/2016 - 00:02:44: [SM] Native "SetFailState" reported: [SAVM] Error with database : [2003]: Can't connect to MySQL server on '186.64.115.140' (4)
L 06/15/2016 - 00:02:44: [SM] Displaying call stack trace for plugin "SAVM.smx":
L 06/15/2016 - 00:02:44: [SM]   [0]  Line 387, C:\Users\Arkarr\Desktop\SAVM.sp::GotDatabase()
L 06/15/2016 - 00:21:04: Error log file session closed.
L 06/15/2016 - 00:22:06: SourceMod error session started
L 06/15/2016 - 00:22:06: Info (map "workshop/125651631/fy_dinoiceworld_t0") (file "errors_20160615.log")
L 06/15/2016 - 00:22:06: [SM] Plugin encountered error 25: Call was aborted
L 06/15/2016 - 00:22:06: [SM] Native "SetFailState" reported: [SAVM] Error with database : [2003]: Can't connect to MySQL server on '186.64.115.140' (4)
L 06/15/2016 - 00:22:06: [SM] Displaying call stack trace for plugin "SAVM.smx":
L 06/15/2016 - 00:22:06: [SM]   [0]  Line 387, C:\Users\Arkarr\Desktop\SAVM.sp::GotDatabase()
L 06/15/2016 - 00:32:24: Error log file session closed.
L 06/15/2016 - 00:33:24: SourceMod error session started
L 06/15/2016 - 00:33:24: Info (map "workshop/175410200/ar_funtimes") (file "errors_20160615.log")
L 06/15/2016 - 00:33:24: [SM] Plugin encountered error 25: Call was aborted
L 06/15/2016 - 00:33:24: [SM] Native "SetFailState" reported: [SAVM] Error with database : [2003]: Can't connect to MySQL server on '186.64.115.140' (4)
L 06/15/2016 - 00:33:24: [SM] Displaying call stack trace for plugin "SAVM.smx":
L 06/15/2016 - 00:33:24: [SM]   [0]  Line 387, C:\Users\Arkarr\Desktop\SAVM.sp::GotDatabase()
L 06/15/2016 - 00:44:03: Error log file session closed.
L 06/15/2016 - 00:55:58: SourceMod error session started
L 06/15/2016 - 00:55:58: Info (map "workshop/449416365/2_rooms_w") (file "errors_20160615.log")
L 06/15/2016 - 00:55:58: [SM] Plugin encountered error 25: Call was aborted
L 06/15/2016 - 00:55:58: [SM] Native "SetFailState" reported: [SAVM] Error with database : [2003]: Can't connect to MySQL server on '186.64.115.140' (4)
L 06/15/2016 - 00:55:58: [SM] Displaying call stack trace for plugin "SAVM.smx":
L 06/15/2016 - 00:55:58: [SM]   [0]  Line 387, C:\Users\Arkarr\Desktop\SAVM.sp::GotDatabase()
L 06/15/2016 - 00:55:58: Error log file session closed.
L 06/15/2016 - 00:56:58: SourceMod error session started
L 06/15/2016 - 00:56:58: Info (map "workshop/449416365/2_rooms_w") (file "errors_20160615.log")
L 06/15/2016 - 00:56:58: [SM] Plugin encountered error 25: Call was aborted
L 06/15/2016 - 00:56:58: [SM] Native "SetFailState" reported: [SAVM] Error with database : [2003]: Can't connect to MySQL server on '186.64.115.140' (4)
L 06/15/2016 - 00:56:58: [SM] Displaying call stack trace for plugin "SAVM.smx":
L 06/15/2016 - 00:56:58: [SM]   [0]  Line 387, C:\Users\Arkarr\Desktop\SAVM.sp::GotDatabase()
L 06/15/2016 - 01:04:48: Error log file session closed.
L 06/15/2016 - 01:05:49: SourceMod error session started
L 06/15/2016 - 01:05:49: Info (map "workshop/314193157/mini_dust_pro") (file "errors_20160615.log")
L 06/15/2016 - 01:05:49: [SM] Plugin encountered error 25: Call was aborted
L 06/15/2016 - 01:05:49: [SM] Native "SetFailState" reported: [SAVM] Error with database : [2003]: Can't connect to MySQL server on '186.64.115.140' (4)
L 06/15/2016 - 01:05:49: [SM] Displaying call stack trace for plugin "SAVM.smx":
L 06/15/2016 - 01:05:49: [SM]   [0]  Line 387, C:\Users\Arkarr\Desktop\SAVM.sp::GotDatabase()
L 06/15/2016 - 01:29:47: Error log file session closed.
L 06/15/2016 - 01:30:47: SourceMod error session started
L 06/15/2016 - 01:30:47: Info (map "workshop/144290900/ar_cubedeath") (file "errors_20160615.log")
L 06/15/2016 - 01:30:47: [SM] Plugin encountered error 25: Call was aborted
L 06/15/2016 - 01:30:47: [SM] Native "SetFailState" reported: [SAVM] Error with database : [2003]: Can't connect to MySQL server on '186.64.115.140' (4)
L 06/15/2016 - 01:30:47: [SM] Displaying call stack trace for plugin "SAVM.smx":
L 06/15/2016 - 01:30:47: [SM]   [0]  Line 387, C:\Users\Arkarr\Desktop\SAVM.sp::GotDatabase()
L 06/15/2016 - 02:27:26: Error log file session closed.
L 06/15/2016 - 04:09:39: SourceMod error session started
L 06/15/2016 - 04:09:39: Info (map "workshop/144290900/ar_cubedeath") (file "errors_20160615.log")
L 06/15/2016 - 04:09:39: [SM] Plugin encountered error 25: Call was aborted
L 06/15/2016 - 04:09:39: [SM] Native "SetFailState" reported: [SAVM] Error with database : [2003]: Can't connect to MySQL server on '186.64.115.140' (4)
L 06/15/2016 - 04:09:39: [SM] Displaying call stack trace for plugin "SAVM.smx":
L 06/15/2016 - 04:09:39: [SM]   [0]  Line 387, C:\Users\Arkarr\Desktop\SAVM.sp::GotDatabase()
L 06/15/2016 - 04:09:40: Error log file session closed.
L 06/15/2016 - 04:10:40: SourceMod error session started
L 06/15/2016 - 04:10:40: Info (map "workshop/144290900/ar_cubedeath") (file "errors_20160615.log")
L 06/15/2016 - 04:10:40: [SM] Plugin encountered error 25: Call was aborted
L 06/15/2016 - 04:10:40: [SM] Native "SetFailState" reported: [SAVM] Error with database : [2003]: Can't connect to MySQL server on '186.64.115.140' (4)
L 06/15/2016 - 04:10:40: [SM] Displaying call stack trace for plugin "SAVM.smx":
L 06/15/2016 - 04:10:40: [SM]   [0]  Line 387, C:\Users\Arkarr\Desktop\SAVM.sp::GotDatabase()
L 06/15/2016 - 04:18:47: Error log file session closed.
L 06/15/2016 - 04:41:38: SourceMod error session started
L 06/15/2016 - 04:41:38: Info (map "workshop/479805646/aim_warmup_ak47") (file "errors_20160615.log")
L 06/15/2016 - 04:41:38: [SM] Plugin encountered error 25: Call was aborted
L 06/15/2016 - 04:41:38: [SM] Native "SetFailState" reported: [SAVM] Error with database : [2003]: Can't connect to MySQL server on '186.64.115.140' (4)
L 06/15/2016 - 04:41:38: [SM] Displaying call stack trace for plugin "SAVM.smx":
L 06/15/2016 - 04:41:38: [SM]   [0]  Line 387, C:\Users\Arkarr\Desktop\SAVM.sp::GotDatabase()
L 06/15/2016 - 04:41:39: Error log file session closed.
L 06/15/2016 - 04:42:39: SourceMod error session started
L 06/15/2016 - 04:42:39: Info (map "workshop/479805646/aim_warmup_ak47") (file "errors_20160615.log")
L 06/15/2016 - 04:42:39: [SM] Plugin encountered error 25: Call was aborted
L 06/15/2016 - 04:42:39: [SM] Native "SetFailState" reported: [SAVM] Error with database : [2003]: Can't connect to MySQL server on '186.64.115.140' (4)
L 06/15/2016 - 04:42:39: [SM] Displaying call stack trace for plugin "SAVM.smx":
L 06/15/2016 - 04:42:39: [SM]   [0]  Line 387, C:\Users\Arkarr\Desktop\SAVM.sp::GotDatabase()
L 06/15/2016 - 05:14:01: Error log file session closed.
L 06/15/2016 - 05:15:01: SourceMod error session started
L 06/15/2016 - 05:15:01: Info (map "workshop/479805646/aim_warmup_ak47") (file "errors_20160615.log")
L 06/15/2016 - 05:15:01: [SM] Plugin encountered error 25: Call was aborted
L 06/15/2016 - 05:15:01: [SM] Native "SetFailState" reported: [SAVM] Error with database : [2003]: Can't connect to MySQL server on '186.64.115.140' (4)
L 06/15/2016 - 05:15:01: [SM] Displaying call stack trace for plugin "SAVM.smx":
L 06/15/2016 - 05:15:01: [SM]   [0]  Line 387, C:\Users\Arkarr\Desktop\SAVM.sp::GotDatabase()
L 06/15/2016 - 05:26:50: Error log file session closed.
L 06/15/2016 - 05:27:51: SourceMod error session started
L 06/15/2016 - 05:27:51: Info (map "workshop/433285804/35hp_riptosarena") (file "errors_20160615.log")
L 06/15/2016 - 05:27:51: [SM] Plugin encountered error 25: Call was aborted
L 06/15/2016 - 05:27:51: [SM] Native "SetFailState" reported: [SAVM] Error with database : [2003]: Can't connect to MySQL server on '186.64.115.140' (4)
L 06/15/2016 - 05:27:51: [SM] Displaying call stack trace for plugin "SAVM.smx":
L 06/15/2016 - 05:27:51: [SM]   [0]  Line 387, C:\Users\Arkarr\Desktop\SAVM.sp::GotDatabase()
L 06/15/2016 - 12:40:25: Error log file session closed.
L 06/15/2016 - 12:41:25: SourceMod error session started
L 06/15/2016 - 12:41:25: Info (map "workshop/433285804/35hp_riptosarena") (file "errors_20160615.log")
L 06/15/2016 - 12:41:25: [SM] Plugin encountered error 25: Call was aborted
L 06/15/2016 - 12:41:25: [SM] Native "SetFailState" reported: [SAVM] Error with database : [2003]: Can't connect to MySQL server on '186.64.115.140' (4)
L 06/15/2016 - 12:41:25: [SM] Displaying call stack trace for plugin "SAVM.smx":
L 06/15/2016 - 12:41:25: [SM]   [0]  Line 387, C:\Users\Arkarr\Desktop\SAVM.sp::GotDatabase()
L 06/15/2016 - 15:08:51: Error log file session closed.
L 06/15/2016 - 15:09:51: SourceMod error session started
L 06/15/2016 - 15:09:51: Info (map "workshop/126185932/gg_townsquare") (file "errors_20160615.log")
L 06/15/2016 - 15:09:51: [SM] Plugin encountered error 25: Call was aborted
L 06/15/2016 - 15:09:51: [SM] Native "SetFailState" reported: [SAVM] Error with database : [2003]: Can't connect to MySQL server on '186.64.115.140' (4)
L 06/15/2016 - 15:09:51: [SM] Displaying call stack trace for plugin "SAVM.smx":
L 06/15/2016 - 15:09:51: [SM]   [0]  Line 387, C:\Users\Arkarr\Desktop\SAVM.sp::GotDatabase()
L 06/15/2016 - 15:16:21: Error log file session closed.
L 06/15/2016 - 15:17:21: SourceMod error session started
L 06/15/2016 - 15:17:21: Info (map "workshop/177128990/ar_desertstorm") (file "errors_20160615.log")
L 06/15/2016 - 15:17:21: [SM] Plugin encountered error 25: Call was aborted
L 06/15/2016 - 15:17:21: [SM] Native "SetFailState" reported: [SAVM] Error with database : [2003]: Can't connect to MySQL server on '186.64.115.140' (4)
L 06/15/2016 - 15:17:21: [SM] Displaying call stack trace for plugin "SAVM.smx":
L 06/15/2016 - 15:17:21: [SM]   [0]  Line 387, C:\Users\Arkarr\Desktop\SAVM.sp::GotDatabase()
L 06/15/2016 - 15:30:38: Error log file session closed.
L 06/15/2016 - 15:31:38: SourceMod error session started
L 06/15/2016 - 15:31:38: Info (map "workshop/125750763/aim_warmup_d") (file "errors_20160615.log")
L 06/15/2016 - 15:31:38: [SM] Plugin encountered error 25: Call was aborted
L 06/15/2016 - 15:31:38: [SM] Native "SetFailState" reported: [SAVM] Error with database : [2003]: Can't connect to MySQL server on '186.64.115.140' (4)
L 06/15/2016 - 15:31:38: [SM] Displaying call stack trace for plugin "SAVM.smx":
L 06/15/2016 - 15:31:38: [SM]   [0]  Line 387, C:\Users\Arkarr\Desktop\SAVM.sp::GotDatabase()
L 06/15/2016 - 15:38:10: Error log file session closed.
L 06/15/2016 - 16:06:05: SourceMod error session started
L 06/15/2016 - 16:06:05: Info (map "workshop/433285804/35hp_riptosarena") (file "errors_20160615.log")
L 06/15/2016 - 16:06:05: [SM] Plugin encountered error 25: Call was aborted
L 06/15/2016 - 16:06:05: [SM] Native "SetFailState" reported: [SAVM] Error with database : [2003]: Can't connect to MySQL server on '186.64.115.140' (4)
L 06/15/2016 - 16:06:05: [SM] Displaying call stack trace for plugin "SAVM.smx":
L 06/15/2016 - 16:06:05: [SM]   [0]  Line 387, C:\Users\Arkarr\Desktop\SAVM.sp::GotDatabase()
L 06/15/2016 - 16:06:06: Error log file session closed.
L 06/15/2016 - 16:07:06: SourceMod error session started
L 06/15/2016 - 16:07:06: Info (map "workshop/433285804/35hp_riptosarena") (file "errors_20160615.log")
L 06/15/2016 - 16:07:06: [SM] Plugin encountered error 25: Call was aborted
L 06/15/2016 - 16:07:06: [SM] Native "SetFailState" reported: [SAVM] Error with database : [2003]: Can't connect to MySQL server on '186.64.115.140' (4)
L 06/15/2016 - 16:07:06: [SM] Displaying call stack trace for plugin "SAVM.smx":
L 06/15/2016 - 16:07:06: [SM]   [0]  Line 387, C:\Users\Arkarr\Desktop\SAVM.sp::GotDatabase()
L 06/15/2016 - 16:25:18: Error log file session closed.
L 06/15/2016 - 16:26:18: SourceMod error session started
L 06/15/2016 - 16:26:18: Info (map "workshop/433285804/35hp_riptosarena") (file "errors_20160615.log")
L 06/15/2016 - 16:26:18: [SM] Plugin encountered error 25: Call was aborted
L 06/15/2016 - 16:26:18: [SM] Native "SetFailState" reported: [SAVM] Error with database : [2003]: Can't connect to MySQL server on '186.64.115.140' (4)
L 06/15/2016 - 16:26:18: [SM] Displaying call stack trace for plugin "SAVM.smx":
L 06/15/2016 - 16:26:18: [SM]   [0]  Line 387, C:\Users\Arkarr\Desktop\SAVM.sp::GotDatabase()
L 06/15/2016 - 16:33:24: Error log file session closed.
L 06/15/2016 - 16:34:24: SourceMod error session started
L 06/15/2016 - 16:34:24: Info (map "ar_baggage") (file "errors_20160615.log")
L 06/15/2016 - 16:34:24: [SM] Plugin encountered error 25: Call was aborted
L 06/15/2016 - 16:34:24: [SM] Native "SetFailState" reported: [SAVM] Error with database : [2003]: Can't connect to MySQL server on '186.64.115.140' (4)
L 06/15/2016 - 16:34:24: [SM] Displaying call stack trace for plugin "SAVM.smx":
L 06/15/2016 - 16:34:24: [SM]   [0]  Line 387, C:\Users\Arkarr\Desktop\SAVM.sp::GotDatabase()
L 06/15/2016 - 16:43:00: Error log file session closed.
L 06/15/2016 - 16:44:00: SourceMod error session started
L 06/15/2016 - 16:44:00: Info (map "workshop/167335948/ar_warehouse") (file "errors_20160615.log")
L 06/15/2016 - 16:44:00: [SM] Plugin encountered error 25: Call was aborted
L 06/15/2016 - 16:44:00: [SM] Native "SetFailState" reported: [SAVM] Error with database : [2003]: Can't connect to MySQL server on '186.64.115.140' (4)
L 06/15/2016 - 16:44:00: [SM] Displaying call stack trace for plugin "SAVM.smx":
L 06/15/2016 - 16:44:00: [SM]   [0]  Line 387, C:\Users\Arkarr\Desktop\SAVM.sp::GotDatabase()
L 06/15/2016 - 17:04:23: Error log file session closed.
L 06/15/2016 - 17:05:23: SourceMod error session started
L 06/15/2016 - 17:05:23: Info (map "workshop/167335948/ar_warehouse") (file "errors_20160615.log")
L 06/15/2016 - 17:05:23: [SM] Plugin encountered error 25: Call was aborted
L 06/15/2016 - 17:05:23: [SM] Native "SetFailState" reported: [SAVM] Error with database : [2003]: Can't connect to MySQL server on '186.64.115.140' (4)
L 06/15/2016 - 17:05:23: [SM] Displaying call stack trace for plugin "SAVM.smx":
L 06/15/2016 - 17:05:23: [SM]   [0]  Line 387, C:\Users\Arkarr\Desktop\SAVM.sp::GotDatabase()
L 06/15/2016 - 17:21:32: Error log file session closed.
L 06/15/2016 - 17:22:32: SourceMod error session started
L 06/15/2016 - 17:22:32: Info (map "workshop/125664363/ar_dusty_shelter") (file "errors_20160615.log")
L 06/15/2016 - 17:22:32: [SM] Plugin encountered error 25: Call was aborted
L 06/15/2016 - 17:22:32: [SM] Native "SetFailState" reported: [SAVM] Error with database : [2003]: Can't connect to MySQL server on '186.64.115.140' (4)
L 06/15/2016 - 17:22:32: [SM] Displaying call stack trace for plugin "SAVM.smx":
L 06/15/2016 - 17:22:32: [SM]   [0]  Line 387, C:\Users\Arkarr\Desktop\SAVM.sp::GotDatabase()
L 06/15/2016 - 17:31:42: Error log file session closed.
L 06/15/2016 - 17:32:42: SourceMod error session started
L 06/15/2016 - 17:32:42: Info (map "workshop/133219531/ar_aim_shotty") (file "errors_20160615.log")
L 06/15/2016 - 17:32:42: [SM] Plugin encountered error 25: Call was aborted
L 06/15/2016 - 17:32:42: [SM] Native "SetFailState" reported: [SAVM] Error with database : [2003]: Can't connect to MySQL server on '186.64.115.140' (4)
L 06/15/2016 - 17:32:42: [SM] Displaying call stack trace for plugin "SAVM.smx":
L 06/15/2016 - 17:32:42: [SM]   [0]  Line 387, C:\Users\Arkarr\Desktop\SAVM.sp::GotDatabase()
L 06/15/2016 - 17:40:25: Error log file session closed.
L 06/15/2016 - 17:44:12: SourceMod error session started
L 06/15/2016 - 17:44:12: Info (map "workshop/400539860/aim_deagle_jakke") (file "errors_20160615.log")
L 06/15/2016 - 17:44:12: [SM] Plugin encountered error 25: Call was aborted
L 06/15/2016 - 17:44:12: [SM] Native "SetFailState" reported: [SAVM] Error with database : [2003]: Can't connect to MySQL server on '186.64.115.140' (4)
L 06/15/2016 - 17:44:12: [SM] Displaying call stack trace for plugin "SAVM.smx":
L 06/15/2016 - 17:44:12: [SM]   [0]  Line 387, C:\Users\Arkarr\Desktop\SAVM.sp::GotDatabase()
L 06/15/2016 - 17:44:12: Error log file session closed.
L 06/15/2016 - 17:45:12: SourceMod error session started
L 06/15/2016 - 17:45:12: Info (map "workshop/400539860/aim_deagle_jakke") (file "errors_20160615.log")
L 06/15/2016 - 17:45:12: [SM] Plugin encountered error 25: Call was aborted
L 06/15/2016 - 17:45:12: [SM] Native "SetFailState" reported: [SAVM] Error with database : [2003]: Can't connect to MySQL server on '186.64.115.140' (4)
L 06/15/2016 - 17:45:12: [SM] Displaying call stack trace for plugin "SAVM.smx":
L 06/15/2016 - 17:45:12: [SM]   [0]  Line 387, C:\Users\Arkarr\Desktop\SAVM.sp::GotDatabase()
L 06/15/2016 - 18:00:35: Error log file session closed.
L 06/15/2016 - 18:01:35: SourceMod error session started
L 06/15/2016 - 18:01:35: Info (map "workshop/305015405/fy_repub") (file "errors_20160615.log")
L 06/15/2016 - 18:01:35: [SM] Plugin encountered error 25: Call was aborted
L 06/15/2016 - 18:01:35: [SM] Native "SetFailState" reported: [SAVM] Error with database : [2003]: Can't connect to MySQL server on '186.64.115.140' (4)
L 06/15/2016 - 18:01:35: [SM] Displaying call stack trace for plugin "SAVM.smx":
L 06/15/2016 - 18:01:35: [SM]   [0]  Line 387, C:\Users\Arkarr\Desktop\SAVM.sp::GotDatabase()
L 06/15/2016 - 18:15:17: Error log file session closed.
L 06/15/2016 - 18:16:17: SourceMod error session started
L 06/15/2016 - 18:16:17: Info (map "workshop/189716221/gg_aim_aztekia_LSF") (file "errors_20160615.log")
L 06/15/2016 - 18:16:17: [SM] Plugin encountered error 25: Call was aborted
L 06/15/2016 - 18:16:17: [SM] Native "SetFailState" reported: [SAVM] Error with database : [2003]: Can't connect to MySQL server on '186.64.115.140' (4)
L 06/15/2016 - 18:16:17: [SM] Displaying call stack trace for plugin "SAVM.smx":
L 06/15/2016 - 18:16:17: [SM]   [0]  Line 387, C:\Users\Arkarr\Desktop\SAVM.sp::GotDatabase()
L 06/15/2016 - 18:26:49: Error log file session closed.
L 06/15/2016 - 18:27:49: SourceMod error session started
L 06/15/2016 - 18:27:49: Info (map "workshop/189716221/gg_aim_aztekia_LSF") (file "errors_20160615.log")
L 06/15/2016 - 18:27:49: [SM] Plugin encountered error 25: Call was aborted
L 06/15/2016 - 18:27:49: [SM] Native "SetFailState" reported: [SAVM] Error with database : [2003]: Can't connect to MySQL server on '186.64.115.140' (4)
L 06/15/2016 - 18:27:49: [SM] Displaying call stack trace for plugin "SAVM.smx":
L 06/15/2016 - 18:27:49: [SM]   [0]  Line 387, C:\Users\Arkarr\Desktop\SAVM.sp::GotDatabase()
L 06/15/2016 - 18:40:09: Error log file session closed.
L 06/15/2016 - 18:41:09: SourceMod error session started
L 06/15/2016 - 18:41:09: Info (map "workshop/165993910/fy_tibet") (file "errors_20160615.log")
L 06/15/2016 - 18:41:09: [SM] Plugin encountered error 25: Call was aborted
L 06/15/2016 - 18:41:09: [SM] Native "SetFailState" reported: [SAVM] Error with database : [2003]: Can't connect to MySQL server on '186.64.115.140' (4)
L 06/15/2016 - 18:41:09: [SM] Displaying call stack trace for plugin "SAVM.smx":
L 06/15/2016 - 18:41:09: [SM]   [0]  Line 387, C:\Users\Arkarr\Desktop\SAVM.sp::GotDatabase()
L 06/15/2016 - 18:50:01: Error log file session closed.
L 06/15/2016 - 18:51:01: SourceMod error session started
L 06/15/2016 - 18:51:01: Info (map "ar_baggage") (file "errors_20160615.log")
L 06/15/2016 - 18:51:01: [SM] Plugin encountered error 25: Call was aborted
L 06/15/2016 - 18:51:01: [SM] Native "SetFailState" reported: [SAVM] Error with database : [2003]: Can't connect to MySQL server on '186.64.115.140' (4)
L 06/15/2016 - 18:51:01: [SM] Displaying call stack trace for plugin "SAVM.smx":
L 06/15/2016 - 18:51:01: [SM]   [0]  Line 387, C:\Users\Arkarr\Desktop\SAVM.sp::GotDatabase()
L 06/15/2016 - 19:07:51: Error log file session closed.
L 06/15/2016 - 19:08:51: SourceMod error session started
L 06/15/2016 - 19:08:51: Info (map "workshop/143652850/gg_mini_dust_go") (file "errors_20160615.log")
L 06/15/2016 - 19:08:51: [SM] Plugin encountered error 25: Call was aborted
L 06/15/2016 - 19:08:51: [SM] Native "SetFailState" reported: [SAVM] Error with database : [2003]: Can't connect to MySQL server on '186.64.115.140' (4)
L 06/15/2016 - 19:08:51: [SM] Displaying call stack trace for plugin "SAVM.smx":
L 06/15/2016 - 19:08:51: [SM]   [0]  Line 387, C:\Users\Arkarr\Desktop\SAVM.sp::GotDatabase()
L 06/15/2016 - 19:24:37: Error log file session closed.
L 06/15/2016 - 19:25:37: SourceMod error session started
L 06/15/2016 - 19:25:37: Info (map "workshop/325456413/aim_selfie") (file "errors_20160615.log")
L 06/15/2016 - 19:25:37: [SM] Plugin encountered error 25: Call was aborted
L 06/15/2016 - 19:25:37: [SM] Native "SetFailState" reported: [SAVM] Error with database : [2003]: Can't connect to MySQL server on '186.64.115.140' (4)
L 06/15/2016 - 19:25:37: [SM] Displaying call stack trace for plugin "SAVM.smx":
L 06/15/2016 - 19:25:37: [SM]   [0]  Line 387, C:\Users\Arkarr\Desktop\SAVM.sp::GotDatabase()
L 06/15/2016 - 19:41:46: Error log file session closed.
L 06/15/2016 - 19:42:46: SourceMod error session started
L 06/15/2016 - 19:42:46: Info (map "workshop/412137767/awp_lego_2015") (file "errors_20160615.log")
L 06/15/2016 - 19:42:46: [SM] Plugin encountered error 25: Call was aborted
L 06/15/2016 - 19:42:46: [SM] Native "SetFailState" reported: [SAVM] Error with database : [2003]: Can't connect to MySQL server on '186.64.115.140' (4)
L 06/15/2016 - 19:42:46: [SM] Displaying call stack trace for plugin "SAVM.smx":
L 06/15/2016 - 19:42:46: [SM]   [0]  Line 387, C:\Users\Arkarr\Desktop\SAVM.sp::GotDatabase()
L 06/15/2016 - 20:03:21: Error log file session closed.
L 06/15/2016 - 20:04:22: SourceMod error session started
L 06/15/2016 - 20:04:22: Info (map "workshop/170941799/ar_simple_aztec") (file "errors_20160615.log")
L 06/15/2016 - 20:04:22: [SM] Plugin encountered error 25: Call was aborted
L 06/15/2016 - 20:04:22: [SM] Native "SetFailState" reported: [SAVM] Error with database : [2003]: Can't connect to MySQL server on '186.64.115.140' (4)
L 06/15/2016 - 20:04:22: [SM] Displaying call stack trace for plugin "SAVM.smx":
L 06/15/2016 - 20:04:22: [SM]   [0]  Line 387, C:\Users\Arkarr\Desktop\SAVM.sp::GotDatabase()
L 06/15/2016 - 20:18:33: Error log file session closed.
L 06/15/2016 - 20:19:33: SourceMod error session started
L 06/15/2016 - 20:19:33: Info (map "workshop/126829889/fy_elevated_t0") (file "errors_20160615.log")
L 06/15/2016 - 20:19:33: [SM] Plugin encountered error 25: Call was aborted
L 06/15/2016 - 20:19:33: [SM] Native "SetFailState" reported: [SAVM] Error with database : [2003]: Can't connect to MySQL server on '186.64.115.140' (4)
L 06/15/2016 - 20:19:33: [SM] Displaying call stack trace for plugin "SAVM.smx":
L 06/15/2016 - 20:19:33: [SM]   [0]  Line 387, C:\Users\Arkarr\Desktop\SAVM.sp::GotDatabase()
L 06/15/2016 - 20:37:14: Error log file session closed.
L 06/15/2016 - 20:38:14: SourceMod error session started
L 06/15/2016 - 20:38:14: Info (map "workshop/376879876/awp_lego_2_shootout") (file "errors_20160615.log")
L 06/15/2016 - 20:38:14: [SM] Plugin encountered error 25: Call was aborted
L 06/15/2016 - 20:38:14: [SM] Native "SetFailState" reported: [SAVM] Error with database : [2003]: Can't connect to MySQL server on '186.64.115.140' (4)
L 06/15/2016 - 20:38:14: [SM] Displaying call stack trace for plugin "SAVM.smx":
L 06/15/2016 - 20:38:14: [SM]   [0]  Line 387, C:\Users\Arkarr\Desktop\SAVM.sp::GotDatabase()
L 06/15/2016 - 20:52:49: Error log file session closed.
L 06/15/2016 - 20:53:50: SourceMod error session started
L 06/15/2016 - 20:53:50: Info (map "workshop/146351995/ar_arena") (file "errors_20160615.log")
L 06/15/2016 - 20:53:50: [SM] Plugin encountered error 25: Call was aborted
L 06/15/2016 - 20:53:50: [SM] Native "SetFailState" reported: [SAVM] Error with database : [2003]: Can't connect to MySQL server on '186.64.115.140' (4)
L 06/15/2016 - 20:53:50: [SM] Displaying call stack trace for plugin "SAVM.smx":
L 06/15/2016 - 20:53:50: [SM]   [0]  Line 387, C:\Users\Arkarr\Desktop\SAVM.sp::GotDatabase()
L 06/15/2016 - 21:05:44: Error log file session closed.
L 06/15/2016 - 21:06:44: SourceMod error session started
L 06/15/2016 - 21:06:44: Info (map "workshop/433285804/35hp_riptosarena") (file "errors_20160615.log")
L 06/15/2016 - 21:06:44: [SM] Plugin encountered error 25: Call was aborted
L 06/15/2016 - 21:06:44: [SM] Native "SetFailState" reported: [SAVM] Error with database : [2003]: Can't connect to MySQL server on '186.64.115.140' (4)
L 06/15/2016 - 21:06:44: [SM] Displaying call stack trace for plugin "SAVM.smx":
L 06/15/2016 - 21:06:44: [SM]   [0]  Line 387, C:\Users\Arkarr\Desktop\SAVM.sp::GotDatabase()
L 06/15/2016 - 21:16:56: Error log file session closed.
L 06/15/2016 - 21:17:56: SourceMod error session started
L 06/15/2016 - 21:17:56: Info (map "workshop/149100115/gg_FE_texture_shotz") (file "errors_20160615.log")
L 06/15/2016 - 21:17:56: [SM] Plugin encountered error 25: Call was aborted
L 06/15/2016 - 21:17:56: [SM] Native "SetFailState" reported: [SAVM] Error with database : [2003]: Can't connect to MySQL server on '186.64.115.140' (4)
L 06/15/2016 - 21:17:56: [SM] Displaying call stack trace for plugin "SAVM.smx":
L 06/15/2016 - 21:17:56: [SM]   [0]  Line 387, C:\Users\Arkarr\Desktop\SAVM.sp::GotDatabase()
L 06/15/2016 - 21:24:02: Error log file session closed.
L 06/15/2016 - 21:25:02: SourceMod error session started
L 06/15/2016 - 21:25:02: Info (map "workshop/491751274/fy_frantic") (file "errors_20160615.log")
L 06/15/2016 - 21:25:02: [SM] Plugin encountered error 25: Call was aborted
L 06/15/2016 - 21:25:02: [SM] Native "SetFailState" reported: [SAVM] Error with database : [2003]: Can't connect to MySQL server on '186.64.115.140' (4)
L 06/15/2016 - 21:25:02: [SM] Displaying call stack trace for plugin "SAVM.smx":
L 06/15/2016 - 21:25:02: [SM]   [0]  Line 387, C:\Users\Arkarr\Desktop\SAVM.sp::GotDatabase()
L 06/15/2016 - 21:35:02: Error log file session closed.
L 06/15/2016 - 21:47:46: SourceMod error session started
L 06/15/2016 - 21:47:46: Info (map "workshop/491751274/fy_frantic") (file "errors_20160615.log")
L 06/15/2016 - 21:47:46: [SM] Plugin encountered error 25: Call was aborted
L 06/15/2016 - 21:47:46: [SM] Native "SetFailState" reported: [SAVM] Error with database : [2003]: Can't connect to MySQL server on '186.64.115.140' (4)
L 06/15/2016 - 21:47:46: [SM] Displaying call stack trace for plugin "SAVM.smx":
L 06/15/2016 - 21:47:46: [SM]   [0]  Line 387, C:\Users\Arkarr\Desktop\SAVM.sp::GotDatabase()
L 06/15/2016 - 21:47:47: Error log file session closed.
L 06/15/2016 - 21:49:50: SourceMod error session started
L 06/15/2016 - 21:49:50: Info (map "workshop/491751274/fy_frantic") (file "errors_20160615.log")
L 06/15/2016 - 21:49:50: [SM] Plugin encountered error 25: Call was aborted
L 06/15/2016 - 21:49:50: [SM] Native "SetFailState" reported: [SAVM] Error with database : [2003]: Can't connect to MySQL server on '186.64.115.140' (4)
L 06/15/2016 - 21:49:50: [SM] Displaying call stack trace for plugin "SAVM.smx":
L 06/15/2016 - 21:49:50: [SM]   [0]  Line 387, C:\Users\Arkarr\Desktop\SAVM.sp::GotDatabase()
L 06/15/2016 - 21:49:50: Error log file session closed.
L 06/15/2016 - 21:50:50: SourceMod error session started
L 06/15/2016 - 21:50:50: Info (map "workshop/491751274/fy_frantic") (file "errors_20160615.log")
L 06/15/2016 - 21:50:50: [SM] Plugin encountered error 25: Call was aborted
L 06/15/2016 - 21:50:50: [SM] Native "SetFailState" reported: [SAVM] Error with database : [2003]: Can't connect to MySQL server on '186.64.115.140' (4)
L 06/15/2016 - 21:50:50: [SM] Displaying call stack trace for plugin "SAVM.smx":
L 06/15/2016 - 21:50:50: [SM]   [0]  Line 387, C:\Users\Arkarr\Desktop\SAVM.sp::GotDatabase()
L 06/15/2016 - 21:56:51: Error log file session closed.
L 06/15/2016 - 21:57:51: SourceMod error session started
L 06/15/2016 - 21:57:51: Info (map "workshop/314193157/mini_dust_pro") (file "errors_20160615.log")
L 06/15/2016 - 21:57:51: [SM] Plugin encountered error 25: Call was aborted
L 06/15/2016 - 21:57:51: [SM] Native "SetFailState" reported: [SAVM] Error with database : [2003]: Can't connect to MySQL server on '186.64.115.140' (4)
L 06/15/2016 - 21:57:51: [SM] Displaying call stack trace for plugin "SAVM.smx":
L 06/15/2016 - 21:57:51: [SM]   [0]  Line 387, C:\Users\Arkarr\Desktop\SAVM.sp::GotDatabase()
L 06/15/2016 - 22:16:52: Error log file session closed.
L 06/15/2016 - 22:24:29: SourceMod error session started
L 06/15/2016 - 22:24:29: Info (map "workshop/125651388/fy_snow_t0") (file "errors_20160615.log")
L 06/15/2016 - 22:24:29: [SM] Plugin encountered error 25: Call was aborted
L 06/15/2016 - 22:24:29: [SM] Native "SetFailState" reported: [SAVM] Error with database : [2003]: Can't connect to MySQL server on '186.64.115.140' (4)
L 06/15/2016 - 22:24:29: [SM] Displaying call stack trace for plugin "SAVM.smx":
L 06/15/2016 - 22:24:29: [SM]   [0]  Line 387, C:\Users\Arkarr\Desktop\SAVM.sp::GotDatabase()
L 06/15/2016 - 22:24:30: Error log file session closed.
L 06/15/2016 - 22:24:33: SourceMod error session started
L 06/15/2016 - 22:24:33: Info (map "workshop/125651388/fy_snow_t0") (file "errors_20160615.log")
L 06/15/2016 - 22:24:33: [SM] Native "IsClientInGame" reported: Client index 0 is invalid
L 06/15/2016 - 22:24:33: [SM] Displaying call stack trace for plugin "gungame_display_winner.smx":
L 06/15/2016 - 22:24:33: [SM]   [0]  Line 73, gungame_display_winner.sp::GG_OnLoadRank()
L 06/15/2016 - 22:25:30: [SM] Plugin encountered error 25: Call was aborted
L 06/15/2016 - 22:25:30: [SM] Native "SetFailState" reported: [SAVM] Error with database : [2003]: Can't connect to MySQL server on '186.64.115.140' (4)
L 06/15/2016 - 22:25:30: [SM] Displaying call stack trace for plugin "SAVM.smx":
L 06/15/2016 - 22:25:30: [SM]   [0]  Line 387, C:\Users\Arkarr\Desktop\SAVM.sp::GotDatabase()
L 06/15/2016 - 22:54:04: Error log file session closed.
L 06/15/2016 - 22:55:05: SourceMod error session started
L 06/15/2016 - 22:55:05: Info (map "workshop/400539860/aim_deagle_jakke") (file "errors_20160615.log")
L 06/15/2016 - 22:55:05: [SM] Plugin encountered error 25: Call was aborted
L 06/15/2016 - 22:55:05: [SM] Native "SetFailState" reported: [SAVM] Error with database : [2003]: Can't connect to MySQL server on '186.64.115.140' (4)
L 06/15/2016 - 22:55:05: [SM] Displaying call stack trace for plugin "SAVM.smx":
L 06/15/2016 - 22:55:05: [SM]   [0]  Line 387, C:\Users\Arkarr\Desktop\SAVM.sp::GotDatabase()
L 06/15/2016 - 23:16:03: Error log file session closed.
L 06/15/2016 - 23:17:03: SourceMod error session started
L 06/15/2016 - 23:17:03: Info (map "workshop/160591343/fy_switch") (file "errors_20160615.log")
L 06/15/2016 - 23:17:03: [SM] Plugin encountered error 25: Call was aborted
L 06/15/2016 - 23:17:03: [SM] Native "SetFailState" reported: [SAVM] Error with database : [2003]: Can't connect to MySQL server on '186.64.115.140' (4)
L 06/15/2016 - 23:17:03: [SM] Displaying call stack trace for plugin "SAVM.smx":
L 06/15/2016 - 23:17:03: [SM]   [0]  Line 387, C:\Users\Arkarr\Desktop\SAVM.sp::GotDatabase()
L 06/15/2016 - 23:26:58: [SM] Native "GetEntProp" reported: Property "m_iPrimaryAmmoType" not found (entity 181/func_breakable)
L 06/15/2016 - 23:26:58: [SM] Displaying call stack trace for plugin "gungame_sdkhooks.smx":
L 06/15/2016 - 23:26:58: [SM]   [0]  Line 441, gungame/util.sp::UTIL_IsWeaponTaser()
L 06/15/2016 - 23:26:58: [SM]   [1]  Line 914, gungame/event.sp::Timer_RemoveDroppedWeapon()
L 06/15/2016 - 23:30:30: Error log file session closed.
L 06/15/2016 - 23:31:30: SourceMod error session started
L 06/15/2016 - 23:31:30: Info (map "workshop/239943652/ar_gg_dm_fy_clusterfaak") (file "errors_20160615.log")
L 06/15/2016 - 23:31:30: [SM] Plugin encountered error 25: Call was aborted
L 06/15/2016 - 23:31:30: [SM] Native "SetFailState" reported: [SAVM] Error with database : [2003]: Can't connect to MySQL server on '186.64.115.140' (4)
L 06/15/2016 - 23:31:30: [SM] Displaying call stack trace for plugin "SAVM.smx":
L 06/15/2016 - 23:31:30: [SM]   [0]  Line 387, C:\Users\Arkarr\Desktop\SAVM.sp::GotDatabase()
