L 06/15/2016 - 00:01:43: SourceMod log file session started (file "L20160615.log") (Version "1.7.3-dev+5286")
L 06/15/2016 - 00:01:43: [SM] Changed map to "fy_blockfort_v2"
L 06/15/2016 - 00:01:44: -------- Mapchange to workshop/128714639/fy_blockfort_v2 --------
L 06/15/2016 - 00:01:44: [basecommands.smx] "Console<0><Console><Console>" changed cvar (cvar "sv_maxrate") (value "128000")
L 06/15/2016 - 00:01:44: [basecommands.smx] "Console<0><Console><Console>" changed cvar (cvar "sv_minrate") (value "128000")
L 06/15/2016 - 00:01:44: [basecommands.smx] "Console<0><Console><Console>" changed cvar (cvar "sv_maxcmdrate") (value "128")
L 06/15/2016 - 00:01:44: [basecommands.smx] "Console<0><Console><Console>" changed cvar (cvar "sv_mincmdrate") (value "128")
L 06/15/2016 - 00:01:44: [basecommands.smx] "Console<0><Console><Console>" changed cvar (cvar "sv_minupdaterate") (value "128")
L 06/15/2016 - 00:01:44: [basecommands.smx] "Console<0><Console><Console>" changed cvar (cvar "sv_maxupdaterate") (value "128")
L 06/15/2016 - 00:01:44: [basecommands.smx] "Console<0><Console><Console>" changed cvar (cvar "sv_maxunlag") (value "0.5")
L 06/15/2016 - 00:01:44: [basecommands.smx] "Console<0><Console><Console>" changed cvar (cvar "sv_unlag") (value "1")
L 06/15/2016 - 00:01:52: [randomcycle.smx] RandomCycle has chosen aim_bedi_awp_map for the nextmap.
L 06/15/2016 - 00:07:59: [mapchooser_snd.smx] Voting for next map has started.
L 06/15/2016 - 00:08:19: [mapchooser_snd.smx] Voting for next map has finished. Nextmap: ar_tipsy_b3.
L 06/15/2016 - 00:21:02: [SM] Changed map to "ar_tipsy_b3"
L 06/15/2016 - 00:21:04: -------- Mapchange to workshop/126296412/ar_tipsy_b3 --------
L 06/15/2016 - 00:21:04: [basecommands.smx] "Console<0><Console><Console>" changed cvar (cvar "sv_maxrate") (value "128000")
L 06/15/2016 - 00:21:04: [basecommands.smx] "Console<0><Console><Console>" changed cvar (cvar "sv_minrate") (value "128000")
L 06/15/2016 - 00:21:04: [basecommands.smx] "Console<0><Console><Console>" changed cvar (cvar "sv_maxcmdrate") (value "128")
L 06/15/2016 - 00:21:04: [basecommands.smx] "Console<0><Console><Console>" changed cvar (cvar "sv_mincmdrate") (value "128")
L 06/15/2016 - 00:21:04: [basecommands.smx] "Console<0><Console><Console>" changed cvar (cvar "sv_minupdaterate") (value "128")
L 06/15/2016 - 00:21:04: [basecommands.smx] "Console<0><Console><Console>" changed cvar (cvar "sv_maxupdaterate") (value "128")
L 06/15/2016 - 00:21:04: [basecommands.smx] "Console<0><Console><Console>" changed cvar (cvar "sv_maxunlag") (value "0.5")
L 06/15/2016 - 00:21:04: [basecommands.smx] "Console<0><Console><Console>" changed cvar (cvar "sv_unlag") (value "1")
L 06/15/2016 - 00:21:13: [randomcycle.smx] RandomCycle has chosen fy_iceworld2k_t0 for the nextmap.
L 06/15/2016 - 00:21:30: [basecommands.smx] "ajoFF' -zG-<3774><STEAM_1:0:26361891><>" changed map to "fy_dinoiceworld_t0"
L 06/15/2016 - 00:21:34: [SM] Changed map to "fy_dinoiceworld_t0"
L 06/15/2016 - 00:21:34: -------- Mapchange to workshop/125651631/fy_dinoiceworld_t0 --------
L 06/15/2016 - 00:22:04: [basecommands.smx] "Console<0><Console><Console>" changed cvar (cvar "sv_maxrate") (value "128000")
L 06/15/2016 - 00:22:04: [basecommands.smx] "Console<0><Console><Console>" changed cvar (cvar "sv_minrate") (value "128000")
L 06/15/2016 - 00:22:04: [basecommands.smx] "Console<0><Console><Console>" changed cvar (cvar "sv_maxcmdrate") (value "128")
L 06/15/2016 - 00:22:04: [basecommands.smx] "Console<0><Console><Console>" changed cvar (cvar "sv_mincmdrate") (value "128")
L 06/15/2016 - 00:22:04: [basecommands.smx] "Console<0><Console><Console>" changed cvar (cvar "sv_minupdaterate") (value "128")
L 06/15/2016 - 00:22:04: [basecommands.smx] "Console<0><Console><Console>" changed cvar (cvar "sv_maxupdaterate") (value "128")
L 06/15/2016 - 00:22:04: [basecommands.smx] "Console<0><Console><Console>" changed cvar (cvar "sv_maxunlag") (value "0.5")
L 06/15/2016 - 00:22:04: [basecommands.smx] "Console<0><Console><Console>" changed cvar (cvar "sv_unlag") (value "1")
L 06/15/2016 - 00:22:12: [randomcycle.smx] RandomCycle has chosen fy_pool_day for the nextmap.
L 06/15/2016 - 00:25:57: [mapchooser_snd.smx] Voting for next map has started.
L 06/15/2016 - 00:26:18: [mapchooser_snd.smx] Voting for next map has finished. Nextmap: ar_funtimes.
L 06/15/2016 - 00:32:24: [SM] Changed map to "ar_funtimes"
L 06/15/2016 - 00:32:24: -------- Mapchange to workshop/175410200/ar_funtimes --------
L 06/15/2016 - 00:32:24: [basecommands.smx] "Console<0><Console><Console>" changed cvar (cvar "sv_maxrate") (value "128000")
L 06/15/2016 - 00:32:24: [basecommands.smx] "Console<0><Console><Console>" changed cvar (cvar "sv_minrate") (value "128000")
L 06/15/2016 - 00:32:24: [basecommands.smx] "Console<0><Console><Console>" changed cvar (cvar "sv_maxcmdrate") (value "128")
L 06/15/2016 - 00:32:24: [basecommands.smx] "Console<0><Console><Console>" changed cvar (cvar "sv_mincmdrate") (value "128")
L 06/15/2016 - 00:32:24: [basecommands.smx] "Console<0><Console><Console>" changed cvar (cvar "sv_minupdaterate") (value "128")
L 06/15/2016 - 00:32:24: [basecommands.smx] "Console<0><Console><Console>" changed cvar (cvar "sv_maxupdaterate") (value "128")
L 06/15/2016 - 00:32:24: [basecommands.smx] "Console<0><Console><Console>" changed cvar (cvar "sv_maxunlag") (value "0.5")
L 06/15/2016 - 00:32:24: [basecommands.smx] "Console<0><Console><Console>" changed cvar (cvar "sv_unlag") (value "1")
L 06/15/2016 - 00:32:32: [randomcycle.smx] RandomCycle has chosen fy_sandstone_t0 for the nextmap.
L 06/15/2016 - 00:37:48: [mapchooser_snd.smx] Voting for next map has started.
L 06/15/2016 - 00:38:00: [mapchooser_snd.smx] Voting for next map has finished. Nextmap: 2_rooms_w.
L 06/15/2016 - 00:44:02: [SM] Changed map to "2_rooms_w"
L 06/15/2016 - 00:44:03: -------- Mapchange to workshop/449416365/2_rooms_w --------
L 06/15/2016 - 00:44:03: [basecommands.smx] "Console<0><Console><Console>" changed cvar (cvar "sv_maxrate") (value "128000")
L 06/15/2016 - 00:44:03: [basecommands.smx] "Console<0><Console><Console>" changed cvar (cvar "sv_minrate") (value "128000")
L 06/15/2016 - 00:44:03: [basecommands.smx] "Console<0><Console><Console>" changed cvar (cvar "sv_maxcmdrate") (value "128")
L 06/15/2016 - 00:44:03: [basecommands.smx] "Console<0><Console><Console>" changed cvar (cvar "sv_mincmdrate") (value "128")
L 06/15/2016 - 00:44:03: [basecommands.smx] "Console<0><Console><Console>" changed cvar (cvar "sv_minupdaterate") (value "128")
L 06/15/2016 - 00:44:03: [basecommands.smx] "Console<0><Console><Console>" changed cvar (cvar "sv_maxupdaterate") (value "128")
L 06/15/2016 - 00:44:03: [basecommands.smx] "Console<0><Console><Console>" changed cvar (cvar "sv_maxunlag") (value "0.5")
L 06/15/2016 - 00:44:03: [basecommands.smx] "Console<0><Console><Console>" changed cvar (cvar "sv_unlag") (value "1")
L 06/15/2016 - 00:44:11: [randomcycle.smx] RandomCycle has chosen gg_yellow_arena_1 for the nextmap.
L 06/15/2016 - 00:55:58: -------- Mapchange to workshop/449416365/2_rooms_w --------
L 06/15/2016 - 00:55:58: [basecommands.smx] "Console<0><Console><Console>" changed cvar (cvar "sv_maxrate") (value "128000")
L 06/15/2016 - 00:55:58: [basecommands.smx] "Console<0><Console><Console>" changed cvar (cvar "sv_minrate") (value "128000")
L 06/15/2016 - 00:55:58: [basecommands.smx] "Console<0><Console><Console>" changed cvar (cvar "sv_maxcmdrate") (value "128")
L 06/15/2016 - 00:55:58: [basecommands.smx] "Console<0><Console><Console>" changed cvar (cvar "sv_mincmdrate") (value "128")
L 06/15/2016 - 00:55:58: [basecommands.smx] "Console<0><Console><Console>" changed cvar (cvar "sv_minupdaterate") (value "128")
L 06/15/2016 - 00:55:58: [basecommands.smx] "Console<0><Console><Console>" changed cvar (cvar "sv_maxupdaterate") (value "128")
L 06/15/2016 - 00:55:58: [basecommands.smx] "Console<0><Console><Console>" changed cvar (cvar "sv_maxunlag") (value "0.5")
L 06/15/2016 - 00:55:58: [basecommands.smx] "Console<0><Console><Console>" changed cvar (cvar "sv_unlag") (value "1")
L 06/15/2016 - 00:56:07: [randomcycle.smx] RandomCycle has chosen ar_poolstay for the nextmap.
L 06/15/2016 - 00:59:13: [mapchooser_snd.smx] Voting for next map has started.
L 06/15/2016 - 00:59:20: [mapchooser_snd.smx] Voting for next map has finished. Nextmap: ar_met_avengers.
L 06/15/2016 - 01:04:46: [SM] Changed map to "ar_met_avengers"
L 06/15/2016 - 01:04:48: -------- Mapchange to workshop/259232628/ar_met_avengers --------
L 06/15/2016 - 01:04:48: [basecommands.smx] "Console<0><Console><Console>" changed cvar (cvar "sv_maxrate") (value "128000")
L 06/15/2016 - 01:04:48: [basecommands.smx] "Console<0><Console><Console>" changed cvar (cvar "sv_minrate") (value "128000")
L 06/15/2016 - 01:04:48: [basecommands.smx] "Console<0><Console><Console>" changed cvar (cvar "sv_maxcmdrate") (value "128")
L 06/15/2016 - 01:04:48: [basecommands.smx] "Console<0><Console><Console>" changed cvar (cvar "sv_mincmdrate") (value "128")
L 06/15/2016 - 01:04:48: [basecommands.smx] "Console<0><Console><Console>" changed cvar (cvar "sv_minupdaterate") (value "128")
L 06/15/2016 - 01:04:48: [basecommands.smx] "Console<0><Console><Console>" changed cvar (cvar "sv_maxupdaterate") (value "128")
L 06/15/2016 - 01:04:48: [basecommands.smx] "Console<0><Console><Console>" changed cvar (cvar "sv_maxunlag") (value "0.5")
L 06/15/2016 - 01:04:48: [basecommands.smx] "Console<0><Console><Console>" changed cvar (cvar "sv_unlag") (value "1")
L 06/15/2016 - 01:04:55: [randomcycle.smx] RandomCycle has chosen gg_bloodstroke_dtk for the nextmap.
L 06/15/2016 - 01:05:02: [basecommands.smx] "ajoFF' -zG-<3845><STEAM_1:0:26361891><>" changed map to "mini_dust_pro"
L 06/15/2016 - 01:05:05: [SM] Changed map to "mini_dust_pro"
L 06/15/2016 - 01:05:06: -------- Mapchange to workshop/314193157/mini_dust_pro --------
L 06/15/2016 - 01:05:48: [basecommands.smx] "Console<0><Console><Console>" changed cvar (cvar "sv_maxrate") (value "128000")
L 06/15/2016 - 01:05:48: [basecommands.smx] "Console<0><Console><Console>" changed cvar (cvar "sv_minrate") (value "128000")
L 06/15/2016 - 01:05:48: [basecommands.smx] "Console<0><Console><Console>" changed cvar (cvar "sv_maxcmdrate") (value "128")
L 06/15/2016 - 01:05:48: [basecommands.smx] "Console<0><Console><Console>" changed cvar (cvar "sv_mincmdrate") (value "128")
L 06/15/2016 - 01:05:48: [basecommands.smx] "Console<0><Console><Console>" changed cvar (cvar "sv_minupdaterate") (value "128")
L 06/15/2016 - 01:05:48: [basecommands.smx] "Console<0><Console><Console>" changed cvar (cvar "sv_maxupdaterate") (value "128")
L 06/15/2016 - 01:05:48: [basecommands.smx] "Console<0><Console><Console>" changed cvar (cvar "sv_maxunlag") (value "0.5")
L 06/15/2016 - 01:05:48: [basecommands.smx] "Console<0><Console><Console>" changed cvar (cvar "sv_unlag") (value "1")
L 06/15/2016 - 01:05:56: [randomcycle.smx] RandomCycle has chosen fy_snow_x_t0 for the nextmap.
L 06/15/2016 - 01:09:00: [mapchooser_snd.smx] Voting for next map has started.
L 06/15/2016 - 01:09:17: [mapchooser_snd.smx] Voting for next map has finished. Nextmap: ar_cubedeath.
L 06/15/2016 - 01:29:46: [SM] Changed map to "ar_cubedeath"
L 06/15/2016 - 01:29:47: -------- Mapchange to workshop/144290900/ar_cubedeath --------
L 06/15/2016 - 01:29:47: [basecommands.smx] "Console<0><Console><Console>" changed cvar (cvar "sv_maxrate") (value "128000")
L 06/15/2016 - 01:29:47: [basecommands.smx] "Console<0><Console><Console>" changed cvar (cvar "sv_minrate") (value "128000")
L 06/15/2016 - 01:29:47: [basecommands.smx] "Console<0><Console><Console>" changed cvar (cvar "sv_maxcmdrate") (value "128")
L 06/15/2016 - 01:29:47: [basecommands.smx] "Console<0><Console><Console>" changed cvar (cvar "sv_mincmdrate") (value "128")
L 06/15/2016 - 01:29:47: [basecommands.smx] "Console<0><Console><Console>" changed cvar (cvar "sv_minupdaterate") (value "128")
L 06/15/2016 - 01:29:47: [basecommands.smx] "Console<0><Console><Console>" changed cvar (cvar "sv_maxupdaterate") (value "128")
L 06/15/2016 - 01:29:47: [basecommands.smx] "Console<0><Console><Console>" changed cvar (cvar "sv_maxunlag") (value "0.5")
L 06/15/2016 - 01:29:47: [basecommands.smx] "Console<0><Console><Console>" changed cvar (cvar "sv_unlag") (value "1")
L 06/15/2016 - 01:29:55: [randomcycle.smx] RandomCycle has chosen awp_lego_2_shootout for the nextmap.
L 06/15/2016 - 01:34:20: [mapchooser_snd.smx] Voting for next map has started.
L 06/15/2016 - 02:27:26: -------- Mapchange to workshop/144290900/ar_cubedeath --------
L 06/15/2016 - 02:27:26: [basecommands.smx] "Console<0><Console><Console>" changed cvar (cvar "sv_maxrate") (value "128000")
L 06/15/2016 - 02:27:26: [basecommands.smx] "Console<0><Console><Console>" changed cvar (cvar "sv_minrate") (value "128000")
L 06/15/2016 - 02:27:26: [basecommands.smx] "Console<0><Console><Console>" changed cvar (cvar "sv_maxcmdrate") (value "128")
L 06/15/2016 - 02:27:26: [basecommands.smx] "Console<0><Console><Console>" changed cvar (cvar "sv_mincmdrate") (value "128")
L 06/15/2016 - 02:27:26: [basecommands.smx] "Console<0><Console><Console>" changed cvar (cvar "sv_minupdaterate") (value "128")
L 06/15/2016 - 02:27:26: [basecommands.smx] "Console<0><Console><Console>" changed cvar (cvar "sv_maxupdaterate") (value "128")
L 06/15/2016 - 02:27:26: [basecommands.smx] "Console<0><Console><Console>" changed cvar (cvar "sv_maxunlag") (value "0.5")
L 06/15/2016 - 02:27:26: [basecommands.smx] "Console<0><Console><Console>" changed cvar (cvar "sv_unlag") (value "1")
L 06/15/2016 - 02:27:34: [randomcycle.smx] RandomCycle has chosen fy_elevated_t0 for the nextmap.
L 06/15/2016 - 04:09:40: -------- Mapchange to workshop/144290900/ar_cubedeath --------
L 06/15/2016 - 04:09:40: [basecommands.smx] "Console<0><Console><Console>" changed cvar (cvar "sv_maxrate") (value "128000")
L 06/15/2016 - 04:09:40: [basecommands.smx] "Console<0><Console><Console>" changed cvar (cvar "sv_minrate") (value "128000")
L 06/15/2016 - 04:09:40: [basecommands.smx] "Console<0><Console><Console>" changed cvar (cvar "sv_maxcmdrate") (value "128")
L 06/15/2016 - 04:09:40: [basecommands.smx] "Console<0><Console><Console>" changed cvar (cvar "sv_mincmdrate") (value "128")
L 06/15/2016 - 04:09:40: [basecommands.smx] "Console<0><Console><Console>" changed cvar (cvar "sv_minupdaterate") (value "128")
L 06/15/2016 - 04:09:40: [basecommands.smx] "Console<0><Console><Console>" changed cvar (cvar "sv_maxupdaterate") (value "128")
L 06/15/2016 - 04:09:40: [basecommands.smx] "Console<0><Console><Console>" changed cvar (cvar "sv_maxunlag") (value "0.5")
L 06/15/2016 - 04:09:40: [basecommands.smx] "Console<0><Console><Console>" changed cvar (cvar "sv_unlag") (value "1")
L 06/15/2016 - 04:09:48: [randomcycle.smx] RandomCycle has chosen awp_batson_dev for the nextmap.
L 06/15/2016 - 04:13:44: [mapchooser_snd.smx] Voting for next map has started.
L 06/15/2016 - 04:13:48: [mapchooser_snd.smx] Voting for next map has finished. Nextmap: aim_warmup_ak47.
L 06/15/2016 - 04:18:46: [SM] Changed map to "aim_warmup_ak47"
L 06/15/2016 - 04:18:47: -------- Mapchange to workshop/479805646/aim_warmup_ak47 --------
L 06/15/2016 - 04:18:47: [basecommands.smx] "Console<0><Console><Console>" changed cvar (cvar "sv_maxrate") (value "128000")
L 06/15/2016 - 04:18:47: [basecommands.smx] "Console<0><Console><Console>" changed cvar (cvar "sv_minrate") (value "128000")
L 06/15/2016 - 04:18:47: [basecommands.smx] "Console<0><Console><Console>" changed cvar (cvar "sv_maxcmdrate") (value "128")
L 06/15/2016 - 04:18:47: [basecommands.smx] "Console<0><Console><Console>" changed cvar (cvar "sv_mincmdrate") (value "128")
L 06/15/2016 - 04:18:47: [basecommands.smx] "Console<0><Console><Console>" changed cvar (cvar "sv_minupdaterate") (value "128")
L 06/15/2016 - 04:18:47: [basecommands.smx] "Console<0><Console><Console>" changed cvar (cvar "sv_maxupdaterate") (value "128")
L 06/15/2016 - 04:18:47: [basecommands.smx] "Console<0><Console><Console>" changed cvar (cvar "sv_maxunlag") (value "0.5")
L 06/15/2016 - 04:18:47: [basecommands.smx] "Console<0><Console><Console>" changed cvar (cvar "sv_unlag") (value "1")
L 06/15/2016 - 04:41:38: [randomcycle.smx] RandomCycle has chosen ar_gg_dm_fy_clusterfaak for the nextmap.
L 06/15/2016 - 04:41:39: -------- Mapchange to workshop/479805646/aim_warmup_ak47 --------
L 06/15/2016 - 04:41:39: [basecommands.smx] "Console<0><Console><Console>" changed cvar (cvar "sv_maxrate") (value "128000")
L 06/15/2016 - 04:41:39: [basecommands.smx] "Console<0><Console><Console>" changed cvar (cvar "sv_minrate") (value "128000")
L 06/15/2016 - 04:41:39: [basecommands.smx] "Console<0><Console><Console>" changed cvar (cvar "sv_maxcmdrate") (value "128")
L 06/15/2016 - 04:41:39: [basecommands.smx] "Console<0><Console><Console>" changed cvar (cvar "sv_mincmdrate") (value "128")
L 06/15/2016 - 04:41:39: [basecommands.smx] "Console<0><Console><Console>" changed cvar (cvar "sv_minupdaterate") (value "128")
L 06/15/2016 - 04:41:39: [basecommands.smx] "Console<0><Console><Console>" changed cvar (cvar "sv_maxupdaterate") (value "128")
L 06/15/2016 - 04:41:39: [basecommands.smx] "Console<0><Console><Console>" changed cvar (cvar "sv_maxunlag") (value "0.5")
L 06/15/2016 - 04:41:39: [basecommands.smx] "Console<0><Console><Console>" changed cvar (cvar "sv_unlag") (value "1")
L 06/15/2016 - 04:41:48: [randomcycle.smx] RandomCycle has chosen fy_sandstone_t0 for the nextmap.
L 06/15/2016 - 05:14:01: -------- Mapchange to workshop/479805646/aim_warmup_ak47 --------
L 06/15/2016 - 05:14:01: [basecommands.smx] "Console<0><Console><Console>" changed cvar (cvar "sv_maxrate") (value "128000")
L 06/15/2016 - 05:14:01: [basecommands.smx] "Console<0><Console><Console>" changed cvar (cvar "sv_minrate") (value "128000")
L 06/15/2016 - 05:14:01: [basecommands.smx] "Console<0><Console><Console>" changed cvar (cvar "sv_maxcmdrate") (value "128")
L 06/15/2016 - 05:14:01: [basecommands.smx] "Console<0><Console><Console>" changed cvar (cvar "sv_mincmdrate") (value "128")
L 06/15/2016 - 05:14:01: [basecommands.smx] "Console<0><Console><Console>" changed cvar (cvar "sv_minupdaterate") (value "128")
L 06/15/2016 - 05:14:01: [basecommands.smx] "Console<0><Console><Console>" changed cvar (cvar "sv_maxupdaterate") (value "128")
L 06/15/2016 - 05:14:01: [basecommands.smx] "Console<0><Console><Console>" changed cvar (cvar "sv_maxunlag") (value "0.5")
L 06/15/2016 - 05:14:01: [basecommands.smx] "Console<0><Console><Console>" changed cvar (cvar "sv_unlag") (value "1")
L 06/15/2016 - 05:14:09: [randomcycle.smx] RandomCycle has chosen fy_urbanstreets for the nextmap.
L 06/15/2016 - 05:20:18: [mapchooser_snd.smx] Voting for next map has started.
L 06/15/2016 - 05:26:50: [SM] Changed map to "35hp_riptosarena"
L 06/15/2016 - 05:26:50: -------- Mapchange to workshop/433285804/35hp_riptosarena --------
L 06/15/2016 - 05:26:50: [basecommands.smx] "Console<0><Console><Console>" changed cvar (cvar "sv_maxrate") (value "128000")
L 06/15/2016 - 05:26:50: [basecommands.smx] "Console<0><Console><Console>" changed cvar (cvar "sv_minrate") (value "128000")
L 06/15/2016 - 05:26:50: [basecommands.smx] "Console<0><Console><Console>" changed cvar (cvar "sv_maxcmdrate") (value "128")
L 06/15/2016 - 05:26:50: [basecommands.smx] "Console<0><Console><Console>" changed cvar (cvar "sv_mincmdrate") (value "128")
L 06/15/2016 - 05:26:50: [basecommands.smx] "Console<0><Console><Console>" changed cvar (cvar "sv_minupdaterate") (value "128")
L 06/15/2016 - 05:26:50: [basecommands.smx] "Console<0><Console><Console>" changed cvar (cvar "sv_maxupdaterate") (value "128")
L 06/15/2016 - 05:26:50: [basecommands.smx] "Console<0><Console><Console>" changed cvar (cvar "sv_maxunlag") (value "0.5")
L 06/15/2016 - 05:26:50: [basecommands.smx] "Console<0><Console><Console>" changed cvar (cvar "sv_unlag") (value "1")
L 06/15/2016 - 05:26:59: [randomcycle.smx] RandomCycle has chosen ar_combat-arena for the nextmap.
L 06/15/2016 - 05:31:44: [mapchooser_snd.smx] Voting for next map has started.
L 06/15/2016 - 12:40:25: -------- Mapchange to workshop/433285804/35hp_riptosarena --------
L 06/15/2016 - 12:40:25: [basecommands.smx] "Console<0><Console><Console>" changed cvar (cvar "sv_maxrate") (value "128000")
L 06/15/2016 - 12:40:25: [basecommands.smx] "Console<0><Console><Console>" changed cvar (cvar "sv_minrate") (value "128000")
L 06/15/2016 - 12:40:25: [basecommands.smx] "Console<0><Console><Console>" changed cvar (cvar "sv_maxcmdrate") (value "128")
L 06/15/2016 - 12:40:25: [basecommands.smx] "Console<0><Console><Console>" changed cvar (cvar "sv_mincmdrate") (value "128")
L 06/15/2016 - 12:40:25: [basecommands.smx] "Console<0><Console><Console>" changed cvar (cvar "sv_minupdaterate") (value "128")
L 06/15/2016 - 12:40:25: [basecommands.smx] "Console<0><Console><Console>" changed cvar (cvar "sv_maxupdaterate") (value "128")
L 06/15/2016 - 12:40:25: [basecommands.smx] "Console<0><Console><Console>" changed cvar (cvar "sv_maxunlag") (value "0.5")
L 06/15/2016 - 12:40:25: [basecommands.smx] "Console<0><Console><Console>" changed cvar (cvar "sv_unlag") (value "1")
L 06/15/2016 - 12:40:33: [randomcycle.smx] RandomCycle has chosen ar_rxg-gravity for the nextmap.
L 06/15/2016 - 12:44:18: [mapchooser_snd.smx] Voting for next map has started.
L 06/15/2016 - 12:44:20: [mapchooser_snd.smx] Voting for next map has finished. Nextmap: gg_townsquare.
L 06/15/2016 - 15:08:49: [SM] Changed map to "gg_townsquare"
L 06/15/2016 - 15:08:51: -------- Mapchange to workshop/126185932/gg_townsquare --------
L 06/15/2016 - 15:08:51: [basecommands.smx] "Console<0><Console><Console>" changed cvar (cvar "sv_maxrate") (value "128000")
L 06/15/2016 - 15:08:51: [basecommands.smx] "Console<0><Console><Console>" changed cvar (cvar "sv_minrate") (value "128000")
L 06/15/2016 - 15:08:51: [basecommands.smx] "Console<0><Console><Console>" changed cvar (cvar "sv_maxcmdrate") (value "128")
L 06/15/2016 - 15:08:51: [basecommands.smx] "Console<0><Console><Console>" changed cvar (cvar "sv_mincmdrate") (value "128")
L 06/15/2016 - 15:08:51: [basecommands.smx] "Console<0><Console><Console>" changed cvar (cvar "sv_minupdaterate") (value "128")
L 06/15/2016 - 15:08:51: [basecommands.smx] "Console<0><Console><Console>" changed cvar (cvar "sv_maxupdaterate") (value "128")
L 06/15/2016 - 15:08:51: [basecommands.smx] "Console<0><Console><Console>" changed cvar (cvar "sv_maxunlag") (value "0.5")
L 06/15/2016 - 15:08:51: [basecommands.smx] "Console<0><Console><Console>" changed cvar (cvar "sv_unlag") (value "1")
L 06/15/2016 - 15:08:59: [randomcycle.smx] RandomCycle has chosen mini_dust_pro for the nextmap.
L 06/15/2016 - 15:12:21: [mapchooser_snd.smx] Voting for next map has started.
L 06/15/2016 - 15:16:21: [SM] Changed map to "ar_desertstorm"
L 06/15/2016 - 15:16:21: -------- Mapchange to workshop/177128990/ar_desertstorm --------
L 06/15/2016 - 15:16:21: [basecommands.smx] "Console<0><Console><Console>" changed cvar (cvar "sv_maxrate") (value "128000")
L 06/15/2016 - 15:16:21: [basecommands.smx] "Console<0><Console><Console>" changed cvar (cvar "sv_minrate") (value "128000")
L 06/15/2016 - 15:16:21: [basecommands.smx] "Console<0><Console><Console>" changed cvar (cvar "sv_maxcmdrate") (value "128")
L 06/15/2016 - 15:16:21: [basecommands.smx] "Console<0><Console><Console>" changed cvar (cvar "sv_mincmdrate") (value "128")
L 06/15/2016 - 15:16:21: [basecommands.smx] "Console<0><Console><Console>" changed cvar (cvar "sv_minupdaterate") (value "128")
L 06/15/2016 - 15:16:21: [basecommands.smx] "Console<0><Console><Console>" changed cvar (cvar "sv_maxupdaterate") (value "128")
L 06/15/2016 - 15:16:21: [basecommands.smx] "Console<0><Console><Console>" changed cvar (cvar "sv_maxunlag") (value "0.5")
L 06/15/2016 - 15:16:21: [basecommands.smx] "Console<0><Console><Console>" changed cvar (cvar "sv_unlag") (value "1")
L 06/15/2016 - 15:16:29: [randomcycle.smx] RandomCycle has chosen fy_infinity for the nextmap.
L 06/15/2016 - 15:20:12: [mapchooser_snd.smx] Voting for next map has started.
L 06/15/2016 - 15:20:20: [mapchooser_snd.smx] Voting for next map has finished. Nextmap: aim_warmup_d.
L 06/15/2016 - 15:30:36: [SM] Changed map to "aim_warmup_d"
L 06/15/2016 - 15:30:38: -------- Mapchange to workshop/125750763/aim_warmup_d --------
L 06/15/2016 - 15:30:38: [basecommands.smx] "Console<0><Console><Console>" changed cvar (cvar "sv_maxrate") (value "128000")
L 06/15/2016 - 15:30:38: [basecommands.smx] "Console<0><Console><Console>" changed cvar (cvar "sv_minrate") (value "128000")
L 06/15/2016 - 15:30:38: [basecommands.smx] "Console<0><Console><Console>" changed cvar (cvar "sv_maxcmdrate") (value "128")
L 06/15/2016 - 15:30:38: [basecommands.smx] "Console<0><Console><Console>" changed cvar (cvar "sv_mincmdrate") (value "128")
L 06/15/2016 - 15:30:38: [basecommands.smx] "Console<0><Console><Console>" changed cvar (cvar "sv_minupdaterate") (value "128")
L 06/15/2016 - 15:30:38: [basecommands.smx] "Console<0><Console><Console>" changed cvar (cvar "sv_maxupdaterate") (value "128")
L 06/15/2016 - 15:30:38: [basecommands.smx] "Console<0><Console><Console>" changed cvar (cvar "sv_maxunlag") (value "0.5")
L 06/15/2016 - 15:30:38: [basecommands.smx] "Console<0><Console><Console>" changed cvar (cvar "sv_unlag") (value "1")
L 06/15/2016 - 15:30:46: [randomcycle.smx] RandomCycle has chosen aim_awp_bungalow for the nextmap.
L 06/15/2016 - 15:33:56: [mapchooser_snd.smx] Voting for next map has started.
L 06/15/2016 - 15:38:09: [SM] Changed map to "35hp_riptosarena"
L 06/15/2016 - 15:38:10: -------- Mapchange to workshop/433285804/35hp_riptosarena --------
L 06/15/2016 - 15:38:10: [basecommands.smx] "Console<0><Console><Console>" changed cvar (cvar "sv_maxrate") (value "128000")
L 06/15/2016 - 15:38:10: [basecommands.smx] "Console<0><Console><Console>" changed cvar (cvar "sv_minrate") (value "128000")
L 06/15/2016 - 15:38:10: [basecommands.smx] "Console<0><Console><Console>" changed cvar (cvar "sv_maxcmdrate") (value "128")
L 06/15/2016 - 15:38:10: [basecommands.smx] "Console<0><Console><Console>" changed cvar (cvar "sv_mincmdrate") (value "128")
L 06/15/2016 - 15:38:10: [basecommands.smx] "Console<0><Console><Console>" changed cvar (cvar "sv_minupdaterate") (value "128")
L 06/15/2016 - 15:38:10: [basecommands.smx] "Console<0><Console><Console>" changed cvar (cvar "sv_maxupdaterate") (value "128")
L 06/15/2016 - 15:38:10: [basecommands.smx] "Console<0><Console><Console>" changed cvar (cvar "sv_maxunlag") (value "0.5")
L 06/15/2016 - 15:38:10: [basecommands.smx] "Console<0><Console><Console>" changed cvar (cvar "sv_unlag") (value "1")
L 06/15/2016 - 16:06:05: [randomcycle.smx] RandomCycle has chosen gg_yellow_arena_1 for the nextmap.
L 06/15/2016 - 16:06:06: -------- Mapchange to workshop/433285804/35hp_riptosarena --------
L 06/15/2016 - 16:06:06: [basecommands.smx] "Console<0><Console><Console>" changed cvar (cvar "sv_maxrate") (value "128000")
L 06/15/2016 - 16:06:06: [basecommands.smx] "Console<0><Console><Console>" changed cvar (cvar "sv_minrate") (value "128000")
L 06/15/2016 - 16:06:06: [basecommands.smx] "Console<0><Console><Console>" changed cvar (cvar "sv_maxcmdrate") (value "128")
L 06/15/2016 - 16:06:06: [basecommands.smx] "Console<0><Console><Console>" changed cvar (cvar "sv_mincmdrate") (value "128")
L 06/15/2016 - 16:06:06: [basecommands.smx] "Console<0><Console><Console>" changed cvar (cvar "sv_minupdaterate") (value "128")
L 06/15/2016 - 16:06:06: [basecommands.smx] "Console<0><Console><Console>" changed cvar (cvar "sv_maxupdaterate") (value "128")
L 06/15/2016 - 16:06:06: [basecommands.smx] "Console<0><Console><Console>" changed cvar (cvar "sv_maxunlag") (value "0.5")
L 06/15/2016 - 16:06:06: [basecommands.smx] "Console<0><Console><Console>" changed cvar (cvar "sv_unlag") (value "1")
L 06/15/2016 - 16:06:14: [randomcycle.smx] RandomCycle has chosen gg_lego_spacetower for the nextmap.
L 06/15/2016 - 16:10:38: [mapchooser_snd.smx] Voting for next map has started.
L 06/15/2016 - 16:25:18: -------- Mapchange to workshop/433285804/35hp_riptosarena --------
L 06/15/2016 - 16:25:18: [basecommands.smx] "Console<0><Console><Console>" changed cvar (cvar "sv_maxrate") (value "128000")
L 06/15/2016 - 16:25:18: [basecommands.smx] "Console<0><Console><Console>" changed cvar (cvar "sv_minrate") (value "128000")
L 06/15/2016 - 16:25:18: [basecommands.smx] "Console<0><Console><Console>" changed cvar (cvar "sv_maxcmdrate") (value "128")
L 06/15/2016 - 16:25:18: [basecommands.smx] "Console<0><Console><Console>" changed cvar (cvar "sv_mincmdrate") (value "128")
L 06/15/2016 - 16:25:18: [basecommands.smx] "Console<0><Console><Console>" changed cvar (cvar "sv_minupdaterate") (value "128")
L 06/15/2016 - 16:25:18: [basecommands.smx] "Console<0><Console><Console>" changed cvar (cvar "sv_maxupdaterate") (value "128")
L 06/15/2016 - 16:25:18: [basecommands.smx] "Console<0><Console><Console>" changed cvar (cvar "sv_maxunlag") (value "0.5")
L 06/15/2016 - 16:25:18: [basecommands.smx] "Console<0><Console><Console>" changed cvar (cvar "sv_unlag") (value "1")
L 06/15/2016 - 16:25:26: [randomcycle.smx] RandomCycle has chosen fy_switch for the nextmap.
L 06/15/2016 - 16:29:15: [mapchooser_snd.smx] Voting for next map has started.
L 06/15/2016 - 16:29:17: [mapchooser_snd.smx] Voting for next map has finished. Nextmap: ar_baggage.
L 06/15/2016 - 16:33:24: [SM] Changed map to "ar_baggage"
L 06/15/2016 - 16:33:24: -------- Mapchange to ar_baggage --------
L 06/15/2016 - 16:33:24: [basecommands.smx] "Console<0><Console><Console>" changed cvar (cvar "sv_maxrate") (value "128000")
L 06/15/2016 - 16:33:24: [basecommands.smx] "Console<0><Console><Console>" changed cvar (cvar "sv_minrate") (value "128000")
L 06/15/2016 - 16:33:24: [basecommands.smx] "Console<0><Console><Console>" changed cvar (cvar "sv_maxcmdrate") (value "128")
L 06/15/2016 - 16:33:24: [basecommands.smx] "Console<0><Console><Console>" changed cvar (cvar "sv_mincmdrate") (value "128")
L 06/15/2016 - 16:33:24: [basecommands.smx] "Console<0><Console><Console>" changed cvar (cvar "sv_minupdaterate") (value "128")
L 06/15/2016 - 16:33:24: [basecommands.smx] "Console<0><Console><Console>" changed cvar (cvar "sv_maxupdaterate") (value "128")
L 06/15/2016 - 16:33:24: [basecommands.smx] "Console<0><Console><Console>" changed cvar (cvar "sv_maxunlag") (value "0.5")
L 06/15/2016 - 16:33:24: [basecommands.smx] "Console<0><Console><Console>" changed cvar (cvar "sv_unlag") (value "1")
L 06/15/2016 - 16:33:33: [randomcycle.smx] RandomCycle has chosen ar_freeze_csgo for the nextmap.
L 06/15/2016 - 16:37:59: [mapchooser_snd.smx] Voting for next map has started.
L 06/15/2016 - 16:38:19: [mapchooser_snd.smx] Voting for next map has finished. Nextmap: ar_warehouse.
L 06/15/2016 - 16:42:59: [SM] Changed map to "ar_warehouse"
L 06/15/2016 - 16:43:00: -------- Mapchange to workshop/167335948/ar_warehouse --------
L 06/15/2016 - 16:43:00: [basecommands.smx] "Console<0><Console><Console>" changed cvar (cvar "sv_maxrate") (value "128000")
L 06/15/2016 - 16:43:00: [basecommands.smx] "Console<0><Console><Console>" changed cvar (cvar "sv_minrate") (value "128000")
L 06/15/2016 - 16:43:00: [basecommands.smx] "Console<0><Console><Console>" changed cvar (cvar "sv_maxcmdrate") (value "128")
L 06/15/2016 - 16:43:00: [basecommands.smx] "Console<0><Console><Console>" changed cvar (cvar "sv_mincmdrate") (value "128")
L 06/15/2016 - 16:43:00: [basecommands.smx] "Console<0><Console><Console>" changed cvar (cvar "sv_minupdaterate") (value "128")
L 06/15/2016 - 16:43:00: [basecommands.smx] "Console<0><Console><Console>" changed cvar (cvar "sv_maxupdaterate") (value "128")
L 06/15/2016 - 16:43:00: [basecommands.smx] "Console<0><Console><Console>" changed cvar (cvar "sv_maxunlag") (value "0.5")
L 06/15/2016 - 16:43:00: [basecommands.smx] "Console<0><Console><Console>" changed cvar (cvar "sv_unlag") (value "1")
L 06/15/2016 - 16:43:08: [randomcycle.smx] RandomCycle has chosen $2000$ for the nextmap.
L 06/15/2016 - 17:04:23: -------- Mapchange to workshop/167335948/ar_warehouse --------
L 06/15/2016 - 17:04:23: [basecommands.smx] "Console<0><Console><Console>" changed cvar (cvar "sv_maxrate") (value "128000")
L 06/15/2016 - 17:04:23: [basecommands.smx] "Console<0><Console><Console>" changed cvar (cvar "sv_minrate") (value "128000")
L 06/15/2016 - 17:04:23: [basecommands.smx] "Console<0><Console><Console>" changed cvar (cvar "sv_maxcmdrate") (value "128")
L 06/15/2016 - 17:04:23: [basecommands.smx] "Console<0><Console><Console>" changed cvar (cvar "sv_mincmdrate") (value "128")
L 06/15/2016 - 17:04:23: [basecommands.smx] "Console<0><Console><Console>" changed cvar (cvar "sv_minupdaterate") (value "128")
L 06/15/2016 - 17:04:23: [basecommands.smx] "Console<0><Console><Console>" changed cvar (cvar "sv_maxupdaterate") (value "128")
L 06/15/2016 - 17:04:23: [basecommands.smx] "Console<0><Console><Console>" changed cvar (cvar "sv_maxunlag") (value "0.5")
L 06/15/2016 - 17:04:23: [basecommands.smx] "Console<0><Console><Console>" changed cvar (cvar "sv_unlag") (value "1")
L 06/15/2016 - 17:04:31: [randomcycle.smx] RandomCycle has chosen ar_storage for the nextmap.
L 06/15/2016 - 17:08:53: [mapchooser_snd.smx] Voting for next map has started.
L 06/15/2016 - 17:08:58: [mapchooser_snd.smx] Voting for next map has finished. Nextmap: ar_dusty_shelter.
L 06/15/2016 - 17:21:30: [SM] Changed map to "ar_dusty_shelter"
L 06/15/2016 - 17:21:32: -------- Mapchange to workshop/125664363/ar_dusty_shelter --------
L 06/15/2016 - 17:21:32: [basecommands.smx] "Console<0><Console><Console>" changed cvar (cvar "sv_maxrate") (value "128000")
L 06/15/2016 - 17:21:32: [basecommands.smx] "Console<0><Console><Console>" changed cvar (cvar "sv_minrate") (value "128000")
L 06/15/2016 - 17:21:32: [basecommands.smx] "Console<0><Console><Console>" changed cvar (cvar "sv_maxcmdrate") (value "128")
L 06/15/2016 - 17:21:32: [basecommands.smx] "Console<0><Console><Console>" changed cvar (cvar "sv_mincmdrate") (value "128")
L 06/15/2016 - 17:21:32: [basecommands.smx] "Console<0><Console><Console>" changed cvar (cvar "sv_minupdaterate") (value "128")
L 06/15/2016 - 17:21:32: [basecommands.smx] "Console<0><Console><Console>" changed cvar (cvar "sv_maxupdaterate") (value "128")
L 06/15/2016 - 17:21:32: [basecommands.smx] "Console<0><Console><Console>" changed cvar (cvar "sv_maxunlag") (value "0.5")
L 06/15/2016 - 17:21:32: [basecommands.smx] "Console<0><Console><Console>" changed cvar (cvar "sv_unlag") (value "1")
L 06/15/2016 - 17:21:39: [randomcycle.smx] RandomCycle has chosen ar_tipsy_b3 for the nextmap.
L 06/15/2016 - 17:25:49: [mapchooser_snd.smx] Voting for next map has started.
L 06/15/2016 - 17:25:53: [mapchooser_snd.smx] Voting for next map has finished. Nextmap: ar_aim_shotty.
L 06/15/2016 - 17:31:42: [SM] Changed map to "ar_aim_shotty"
L 06/15/2016 - 17:31:42: -------- Mapchange to workshop/133219531/ar_aim_shotty --------
L 06/15/2016 - 17:31:42: [basecommands.smx] "Console<0><Console><Console>" changed cvar (cvar "sv_maxrate") (value "128000")
L 06/15/2016 - 17:31:42: [basecommands.smx] "Console<0><Console><Console>" changed cvar (cvar "sv_minrate") (value "128000")
L 06/15/2016 - 17:31:42: [basecommands.smx] "Console<0><Console><Console>" changed cvar (cvar "sv_maxcmdrate") (value "128")
L 06/15/2016 - 17:31:42: [basecommands.smx] "Console<0><Console><Console>" changed cvar (cvar "sv_mincmdrate") (value "128")
L 06/15/2016 - 17:31:42: [basecommands.smx] "Console<0><Console><Console>" changed cvar (cvar "sv_minupdaterate") (value "128")
L 06/15/2016 - 17:31:42: [basecommands.smx] "Console<0><Console><Console>" changed cvar (cvar "sv_maxupdaterate") (value "128")
L 06/15/2016 - 17:31:42: [basecommands.smx] "Console<0><Console><Console>" changed cvar (cvar "sv_maxunlag") (value "0.5")
L 06/15/2016 - 17:31:42: [basecommands.smx] "Console<0><Console><Console>" changed cvar (cvar "sv_unlag") (value "1")
L 06/15/2016 - 17:31:50: [randomcycle.smx] RandomCycle has chosen gg_lego_spacetower for the nextmap.
L 06/15/2016 - 17:35:55: [mapchooser_snd.smx] Voting for next map has started.
L 06/15/2016 - 17:36:07: [mapchooser_snd.smx] Voting for next map has finished. Nextmap: aim_deagle_jakke.
L 06/15/2016 - 17:40:23: [SM] Changed map to "aim_deagle_jakke"
L 06/15/2016 - 17:40:25: -------- Mapchange to workshop/400539860/aim_deagle_jakke --------
L 06/15/2016 - 17:40:25: [basecommands.smx] "Console<0><Console><Console>" changed cvar (cvar "sv_maxrate") (value "128000")
L 06/15/2016 - 17:40:25: [basecommands.smx] "Console<0><Console><Console>" changed cvar (cvar "sv_minrate") (value "128000")
L 06/15/2016 - 17:40:25: [basecommands.smx] "Console<0><Console><Console>" changed cvar (cvar "sv_maxcmdrate") (value "128")
L 06/15/2016 - 17:40:25: [basecommands.smx] "Console<0><Console><Console>" changed cvar (cvar "sv_mincmdrate") (value "128")
L 06/15/2016 - 17:40:25: [basecommands.smx] "Console<0><Console><Console>" changed cvar (cvar "sv_minupdaterate") (value "128")
L 06/15/2016 - 17:40:25: [basecommands.smx] "Console<0><Console><Console>" changed cvar (cvar "sv_maxupdaterate") (value "128")
L 06/15/2016 - 17:40:25: [basecommands.smx] "Console<0><Console><Console>" changed cvar (cvar "sv_maxunlag") (value "0.5")
L 06/15/2016 - 17:40:25: [basecommands.smx] "Console<0><Console><Console>" changed cvar (cvar "sv_unlag") (value "1")
L 06/15/2016 - 17:44:12: -------- Mapchange to workshop/400539860/aim_deagle_jakke --------
L 06/15/2016 - 17:44:13: [basecommands.smx] "Console<0><Console><Console>" changed cvar (cvar "sv_maxrate") (value "128000")
L 06/15/2016 - 17:44:13: [basecommands.smx] "Console<0><Console><Console>" changed cvar (cvar "sv_minrate") (value "128000")
L 06/15/2016 - 17:44:13: [basecommands.smx] "Console<0><Console><Console>" changed cvar (cvar "sv_maxcmdrate") (value "128")
L 06/15/2016 - 17:44:13: [basecommands.smx] "Console<0><Console><Console>" changed cvar (cvar "sv_mincmdrate") (value "128")
L 06/15/2016 - 17:44:13: [basecommands.smx] "Console<0><Console><Console>" changed cvar (cvar "sv_minupdaterate") (value "128")
L 06/15/2016 - 17:44:13: [basecommands.smx] "Console<0><Console><Console>" changed cvar (cvar "sv_maxupdaterate") (value "128")
L 06/15/2016 - 17:44:13: [basecommands.smx] "Console<0><Console><Console>" changed cvar (cvar "sv_maxunlag") (value "0.5")
L 06/15/2016 - 17:44:13: [basecommands.smx] "Console<0><Console><Console>" changed cvar (cvar "sv_unlag") (value "1")
L 06/15/2016 - 17:44:20: [randomcycle.smx] RandomCycle has chosen aim_bluebox for the nextmap.
L 06/15/2016 - 17:53:59: [mapchooser_snd.smx] Voting for next map has started.
L 06/15/2016 - 17:54:19: [mapchooser_snd.smx] Voting for next map has finished. Nextmap: fy_repub.
L 06/15/2016 - 18:00:34: [SM] Changed map to "fy_repub"
L 06/15/2016 - 18:00:35: -------- Mapchange to workshop/305015405/fy_repub --------
L 06/15/2016 - 18:00:43: [randomcycle.smx] RandomCycle has chosen fy_iceworld2k_t0 for the nextmap.
L 06/15/2016 - 18:06:50: [mapchooser_snd.smx] Voting for next map has started.
L 06/15/2016 - 18:07:10: [mapchooser_snd.smx] Voting for next map has finished. Nextmap: gg_aim_aztekia_LSF.
L 06/15/2016 - 18:15:17: [SM] Changed map to "gg_aim_aztekia_LSF"
L 06/15/2016 - 18:15:17: -------- Mapchange to workshop/189716221/gg_aim_aztekia_LSF --------
L 06/15/2016 - 18:15:17: [basecommands.smx] "Console<0><Console><Console>" changed cvar (cvar "sv_maxrate") (value "128000")
L 06/15/2016 - 18:15:17: [basecommands.smx] "Console<0><Console><Console>" changed cvar (cvar "sv_minrate") (value "128000")
L 06/15/2016 - 18:15:17: [basecommands.smx] "Console<0><Console><Console>" changed cvar (cvar "sv_maxcmdrate") (value "128")
L 06/15/2016 - 18:15:17: [basecommands.smx] "Console<0><Console><Console>" changed cvar (cvar "sv_mincmdrate") (value "128")
L 06/15/2016 - 18:15:17: [basecommands.smx] "Console<0><Console><Console>" changed cvar (cvar "sv_minupdaterate") (value "128")
L 06/15/2016 - 18:15:17: [basecommands.smx] "Console<0><Console><Console>" changed cvar (cvar "sv_maxupdaterate") (value "128")
L 06/15/2016 - 18:15:17: [basecommands.smx] "Console<0><Console><Console>" changed cvar (cvar "sv_maxunlag") (value "0.5")
L 06/15/2016 - 18:15:17: [basecommands.smx] "Console<0><Console><Console>" changed cvar (cvar "sv_unlag") (value "1")
L 06/15/2016 - 18:15:25: [randomcycle.smx] RandomCycle has chosen mini_dust_pro for the nextmap.
L 06/15/2016 - 18:20:31: [mapchooser_snd.smx] Voting for next map has started.
L 06/15/2016 - 18:20:40: [mapchooser_snd.smx] Voting for next map has finished. Nextmap: gg_aim_aztekia_LSF.
L 06/15/2016 - 18:26:48: [SM] Changed map to "gg_aim_aztekia_LSF"
L 06/15/2016 - 18:26:49: -------- Mapchange to workshop/189716221/gg_aim_aztekia_LSF --------
L 06/15/2016 - 18:26:49: [basecommands.smx] "Console<0><Console><Console>" changed cvar (cvar "sv_maxrate") (value "128000")
L 06/15/2016 - 18:26:49: [basecommands.smx] "Console<0><Console><Console>" changed cvar (cvar "sv_minrate") (value "128000")
L 06/15/2016 - 18:26:49: [basecommands.smx] "Console<0><Console><Console>" changed cvar (cvar "sv_maxcmdrate") (value "128")
L 06/15/2016 - 18:26:49: [basecommands.smx] "Console<0><Console><Console>" changed cvar (cvar "sv_mincmdrate") (value "128")
L 06/15/2016 - 18:26:49: [basecommands.smx] "Console<0><Console><Console>" changed cvar (cvar "sv_minupdaterate") (value "128")
L 06/15/2016 - 18:26:49: [basecommands.smx] "Console<0><Console><Console>" changed cvar (cvar "sv_maxupdaterate") (value "128")
L 06/15/2016 - 18:26:49: [basecommands.smx] "Console<0><Console><Console>" changed cvar (cvar "sv_maxunlag") (value "0.5")
L 06/15/2016 - 18:26:49: [basecommands.smx] "Console<0><Console><Console>" changed cvar (cvar "sv_unlag") (value "1")
L 06/15/2016 - 18:26:56: [randomcycle.smx] RandomCycle has chosen fy_elevated_t0 for the nextmap.
L 06/15/2016 - 18:32:27: [mapchooser_snd.smx] Voting for next map has started.
L 06/15/2016 - 18:32:48: [mapchooser_snd.smx] Voting for next map has finished. Nextmap: fy_tibet.
L 06/15/2016 - 18:40:09: [SM] Changed map to "fy_tibet"
L 06/15/2016 - 18:40:09: -------- Mapchange to workshop/165993910/fy_tibet --------
L 06/15/2016 - 18:40:09: [basecommands.smx] "Console<0><Console><Console>" changed cvar (cvar "sv_maxrate") (value "128000")
L 06/15/2016 - 18:40:09: [basecommands.smx] "Console<0><Console><Console>" changed cvar (cvar "sv_minrate") (value "128000")
L 06/15/2016 - 18:40:09: [basecommands.smx] "Console<0><Console><Console>" changed cvar (cvar "sv_maxcmdrate") (value "128")
L 06/15/2016 - 18:40:09: [basecommands.smx] "Console<0><Console><Console>" changed cvar (cvar "sv_mincmdrate") (value "128")
L 06/15/2016 - 18:40:09: [basecommands.smx] "Console<0><Console><Console>" changed cvar (cvar "sv_minupdaterate") (value "128")
L 06/15/2016 - 18:40:09: [basecommands.smx] "Console<0><Console><Console>" changed cvar (cvar "sv_maxupdaterate") (value "128")
L 06/15/2016 - 18:40:09: [basecommands.smx] "Console<0><Console><Console>" changed cvar (cvar "sv_maxunlag") (value "0.5")
L 06/15/2016 - 18:40:09: [basecommands.smx] "Console<0><Console><Console>" changed cvar (cvar "sv_unlag") (value "1")
L 06/15/2016 - 18:40:17: [randomcycle.smx] RandomCycle has chosen $2000$ for the nextmap.
L 06/15/2016 - 18:45:52: [mapchooser_snd.smx] Voting for next map has started.
L 06/15/2016 - 18:46:12: [mapchooser_snd.smx] Voting for next map has finished. Nextmap: ar_baggage.
L 06/15/2016 - 18:50:01: [SM] Changed map to "ar_baggage"
L 06/15/2016 - 18:50:01: -------- Mapchange to ar_baggage --------
L 06/15/2016 - 18:50:01: [basecommands.smx] "Console<0><Console><Console>" changed cvar (cvar "sv_maxrate") (value "128000")
L 06/15/2016 - 18:50:01: [basecommands.smx] "Console<0><Console><Console>" changed cvar (cvar "sv_minrate") (value "128000")
L 06/15/2016 - 18:50:01: [basecommands.smx] "Console<0><Console><Console>" changed cvar (cvar "sv_maxcmdrate") (value "128")
L 06/15/2016 - 18:50:01: [basecommands.smx] "Console<0><Console><Console>" changed cvar (cvar "sv_mincmdrate") (value "128")
L 06/15/2016 - 18:50:01: [basecommands.smx] "Console<0><Console><Console>" changed cvar (cvar "sv_minupdaterate") (value "128")
L 06/15/2016 - 18:50:01: [basecommands.smx] "Console<0><Console><Console>" changed cvar (cvar "sv_maxupdaterate") (value "128")
L 06/15/2016 - 18:50:01: [basecommands.smx] "Console<0><Console><Console>" changed cvar (cvar "sv_maxunlag") (value "0.5")
L 06/15/2016 - 18:50:01: [basecommands.smx] "Console<0><Console><Console>" changed cvar (cvar "sv_unlag") (value "1")
L 06/15/2016 - 18:50:10: [randomcycle.smx] RandomCycle has chosen gg_mini_dust_go for the nextmap.
L 06/15/2016 - 18:58:29: [mapchooser_snd.smx] Voting for next map has started.
L 06/15/2016 - 18:58:35: [mapchooser_snd.smx] Voting for next map has finished. Nextmap: gg_mini_dust_go.
L 06/15/2016 - 19:07:50: [SM] Changed map to "gg_mini_dust_go"
L 06/15/2016 - 19:07:51: -------- Mapchange to workshop/143652850/gg_mini_dust_go --------
L 06/15/2016 - 19:07:51: [basecommands.smx] "Console<0><Console><Console>" changed cvar (cvar "sv_maxrate") (value "128000")
L 06/15/2016 - 19:07:51: [basecommands.smx] "Console<0><Console><Console>" changed cvar (cvar "sv_minrate") (value "128000")
L 06/15/2016 - 19:07:51: [basecommands.smx] "Console<0><Console><Console>" changed cvar (cvar "sv_maxcmdrate") (value "128")
L 06/15/2016 - 19:07:51: [basecommands.smx] "Console<0><Console><Console>" changed cvar (cvar "sv_mincmdrate") (value "128")
L 06/15/2016 - 19:07:51: [basecommands.smx] "Console<0><Console><Console>" changed cvar (cvar "sv_minupdaterate") (value "128")
L 06/15/2016 - 19:07:51: [basecommands.smx] "Console<0><Console><Console>" changed cvar (cvar "sv_maxupdaterate") (value "128")
L 06/15/2016 - 19:07:51: [basecommands.smx] "Console<0><Console><Console>" changed cvar (cvar "sv_maxunlag") (value "0.5")
L 06/15/2016 - 19:07:51: [basecommands.smx] "Console<0><Console><Console>" changed cvar (cvar "sv_unlag") (value "1")
L 06/15/2016 - 19:07:59: [randomcycle.smx] RandomCycle has chosen fy_simpsons_32 for the nextmap.
L 06/15/2016 - 19:15:06: [mapchooser_snd.smx] Voting for next map has started.
L 06/15/2016 - 19:15:26: [mapchooser_snd.smx] Voting for next map has finished. Nextmap: aim_selfie.
L 06/15/2016 - 19:24:36: [SM] Changed map to "aim_selfie"
L 06/15/2016 - 19:24:37: -------- Mapchange to workshop/325456413/aim_selfie --------
L 06/15/2016 - 19:24:37: [basecommands.smx] "Console<0><Console><Console>" changed cvar (cvar "sv_maxrate") (value "128000")
L 06/15/2016 - 19:24:37: [basecommands.smx] "Console<0><Console><Console>" changed cvar (cvar "sv_minrate") (value "128000")
L 06/15/2016 - 19:24:37: [basecommands.smx] "Console<0><Console><Console>" changed cvar (cvar "sv_maxcmdrate") (value "128")
L 06/15/2016 - 19:24:37: [basecommands.smx] "Console<0><Console><Console>" changed cvar (cvar "sv_mincmdrate") (value "128")
L 06/15/2016 - 19:24:37: [basecommands.smx] "Console<0><Console><Console>" changed cvar (cvar "sv_minupdaterate") (value "128")
L 06/15/2016 - 19:24:37: [basecommands.smx] "Console<0><Console><Console>" changed cvar (cvar "sv_maxupdaterate") (value "128")
L 06/15/2016 - 19:24:37: [basecommands.smx] "Console<0><Console><Console>" changed cvar (cvar "sv_maxunlag") (value "0.5")
L 06/15/2016 - 19:24:37: [basecommands.smx] "Console<0><Console><Console>" changed cvar (cvar "sv_unlag") (value "1")
L 06/15/2016 - 19:24:45: [randomcycle.smx] RandomCycle has chosen aim_warmup_d for the nextmap.
L 06/15/2016 - 19:31:36: [mapchooser_snd.smx] Voting for next map has started.
L 06/15/2016 - 19:31:57: [mapchooser_snd.smx] Voting for next map has finished. Nextmap: awp_lego_2015.
L 06/15/2016 - 19:41:44: [SM] Changed map to "awp_lego_2015"
L 06/15/2016 - 19:41:46: -------- Mapchange to workshop/412137767/awp_lego_2015 --------
L 06/15/2016 - 19:41:46: [basecommands.smx] "Console<0><Console><Console>" changed cvar (cvar "sv_maxrate") (value "128000")
L 06/15/2016 - 19:41:46: [basecommands.smx] "Console<0><Console><Console>" changed cvar (cvar "sv_minrate") (value "128000")
L 06/15/2016 - 19:41:46: [basecommands.smx] "Console<0><Console><Console>" changed cvar (cvar "sv_maxcmdrate") (value "128")
L 06/15/2016 - 19:41:46: [basecommands.smx] "Console<0><Console><Console>" changed cvar (cvar "sv_mincmdrate") (value "128")
L 06/15/2016 - 19:41:46: [basecommands.smx] "Console<0><Console><Console>" changed cvar (cvar "sv_minupdaterate") (value "128")
L 06/15/2016 - 19:41:46: [basecommands.smx] "Console<0><Console><Console>" changed cvar (cvar "sv_maxupdaterate") (value "128")
L 06/15/2016 - 19:41:46: [basecommands.smx] "Console<0><Console><Console>" changed cvar (cvar "sv_maxunlag") (value "0.5")
L 06/15/2016 - 19:41:46: [basecommands.smx] "Console<0><Console><Console>" changed cvar (cvar "sv_unlag") (value "1")
L 06/15/2016 - 19:41:54: [randomcycle.smx] RandomCycle has chosen mini_dust_pro for the nextmap.
L 06/15/2016 - 19:50:01: [mapchooser_snd.smx] Voting for next map has started.
L 06/15/2016 - 19:50:22: [mapchooser_snd.smx] Voting for next map has finished. Nextmap: ar_simple_aztec.
L 06/15/2016 - 20:03:20: [SM] Changed map to "ar_simple_aztec"
L 06/15/2016 - 20:03:21: -------- Mapchange to workshop/170941799/ar_simple_aztec --------
L 06/15/2016 - 20:03:22: [basecommands.smx] "Console<0><Console><Console>" changed cvar (cvar "sv_maxrate") (value "128000")
L 06/15/2016 - 20:03:22: [basecommands.smx] "Console<0><Console><Console>" changed cvar (cvar "sv_minrate") (value "128000")
L 06/15/2016 - 20:03:22: [basecommands.smx] "Console<0><Console><Console>" changed cvar (cvar "sv_maxcmdrate") (value "128")
L 06/15/2016 - 20:03:22: [basecommands.smx] "Console<0><Console><Console>" changed cvar (cvar "sv_mincmdrate") (value "128")
L 06/15/2016 - 20:03:22: [basecommands.smx] "Console<0><Console><Console>" changed cvar (cvar "sv_minupdaterate") (value "128")
L 06/15/2016 - 20:03:22: [basecommands.smx] "Console<0><Console><Console>" changed cvar (cvar "sv_maxupdaterate") (value "128")
L 06/15/2016 - 20:03:22: [basecommands.smx] "Console<0><Console><Console>" changed cvar (cvar "sv_maxunlag") (value "0.5")
L 06/15/2016 - 20:03:22: [basecommands.smx] "Console<0><Console><Console>" changed cvar (cvar "sv_unlag") (value "1")
L 06/15/2016 - 20:03:30: [randomcycle.smx] RandomCycle has chosen fy_snow2_t0 for the nextmap.
L 06/15/2016 - 20:08:03: [mapchooser_snd.smx] Voting for next map has started.
L 06/15/2016 - 20:08:24: [mapchooser_snd.smx] Voting for next map has finished. Nextmap: fy_elevated_t0.
L 06/15/2016 - 20:18:33: [SM] Changed map to "fy_elevated_t0"
L 06/15/2016 - 20:18:33: -------- Mapchange to workshop/126829889/fy_elevated_t0 --------
L 06/15/2016 - 20:18:42: [randomcycle.smx] RandomCycle has chosen gg_sex_fixed for the nextmap.
L 06/15/2016 - 20:26:18: [mapchooser_snd.smx] Voting for next map has started.
L 06/15/2016 - 20:26:38: [mapchooser_snd.smx] Voting for next map has finished. Nextmap: awp_lego_2_shootout.
L 06/15/2016 - 20:37:13: [SM] Changed map to "awp_lego_2_shootout"
L 06/15/2016 - 20:37:14: -------- Mapchange to workshop/376879876/awp_lego_2_shootout --------
L 06/15/2016 - 20:37:14: [basecommands.smx] "Console<0><Console><Console>" changed cvar (cvar "sv_maxrate") (value "128000")
L 06/15/2016 - 20:37:14: [basecommands.smx] "Console<0><Console><Console>" changed cvar (cvar "sv_minrate") (value "128000")
L 06/15/2016 - 20:37:14: [basecommands.smx] "Console<0><Console><Console>" changed cvar (cvar "sv_maxcmdrate") (value "128")
L 06/15/2016 - 20:37:14: [basecommands.smx] "Console<0><Console><Console>" changed cvar (cvar "sv_mincmdrate") (value "128")
L 06/15/2016 - 20:37:14: [basecommands.smx] "Console<0><Console><Console>" changed cvar (cvar "sv_minupdaterate") (value "128")
L 06/15/2016 - 20:37:14: [basecommands.smx] "Console<0><Console><Console>" changed cvar (cvar "sv_maxupdaterate") (value "128")
L 06/15/2016 - 20:37:14: [basecommands.smx] "Console<0><Console><Console>" changed cvar (cvar "sv_maxunlag") (value "0.5")
L 06/15/2016 - 20:37:14: [basecommands.smx] "Console<0><Console><Console>" changed cvar (cvar "sv_unlag") (value "1")
L 06/15/2016 - 20:37:22: [randomcycle.smx] RandomCycle has chosen gg_lego_spacetower for the nextmap.
L 06/15/2016 - 20:45:12: [mapchooser_snd.smx] Voting for next map has started.
L 06/15/2016 - 20:45:33: [mapchooser_snd.smx] Voting for next map has finished. Nextmap: ar_arena.
L 06/15/2016 - 20:52:49: [SM] Changed map to "ar_arena"
L 06/15/2016 - 20:52:49: -------- Mapchange to workshop/146351995/ar_arena --------
L 06/15/2016 - 20:52:49: [basecommands.smx] "Console<0><Console><Console>" changed cvar (cvar "sv_maxrate") (value "128000")
L 06/15/2016 - 20:52:49: [basecommands.smx] "Console<0><Console><Console>" changed cvar (cvar "sv_minrate") (value "128000")
L 06/15/2016 - 20:52:49: [basecommands.smx] "Console<0><Console><Console>" changed cvar (cvar "sv_maxcmdrate") (value "128")
L 06/15/2016 - 20:52:49: [basecommands.smx] "Console<0><Console><Console>" changed cvar (cvar "sv_mincmdrate") (value "128")
L 06/15/2016 - 20:52:49: [basecommands.smx] "Console<0><Console><Console>" changed cvar (cvar "sv_minupdaterate") (value "128")
L 06/15/2016 - 20:52:49: [basecommands.smx] "Console<0><Console><Console>" changed cvar (cvar "sv_maxupdaterate") (value "128")
L 06/15/2016 - 20:52:49: [basecommands.smx] "Console<0><Console><Console>" changed cvar (cvar "sv_maxunlag") (value "0.5")
L 06/15/2016 - 20:52:49: [basecommands.smx] "Console<0><Console><Console>" changed cvar (cvar "sv_unlag") (value "1")
L 06/15/2016 - 20:52:58: [randomcycle.smx] RandomCycle has chosen fy_infinity for the nextmap.
L 06/15/2016 - 20:59:37: [mapchooser_snd.smx] Voting for next map has started.
L 06/15/2016 - 20:59:58: [mapchooser_snd.smx] Voting for next map has finished. Nextmap: 35hp_riptosarena.
L 06/15/2016 - 21:05:36: [SM] Changed map to "35hp_riptosarena"
L 06/15/2016 - 21:05:44: -------- Mapchange to workshop/433285804/35hp_riptosarena --------
L 06/15/2016 - 21:05:44: [basecommands.smx] "Console<0><Console><Console>" changed cvar (cvar "sv_maxrate") (value "128000")
L 06/15/2016 - 21:05:44: [basecommands.smx] "Console<0><Console><Console>" changed cvar (cvar "sv_minrate") (value "128000")
L 06/15/2016 - 21:05:44: [basecommands.smx] "Console<0><Console><Console>" changed cvar (cvar "sv_maxcmdrate") (value "128")
L 06/15/2016 - 21:05:44: [basecommands.smx] "Console<0><Console><Console>" changed cvar (cvar "sv_mincmdrate") (value "128")
L 06/15/2016 - 21:05:44: [basecommands.smx] "Console<0><Console><Console>" changed cvar (cvar "sv_minupdaterate") (value "128")
L 06/15/2016 - 21:05:44: [basecommands.smx] "Console<0><Console><Console>" changed cvar (cvar "sv_maxupdaterate") (value "128")
L 06/15/2016 - 21:05:44: [basecommands.smx] "Console<0><Console><Console>" changed cvar (cvar "sv_maxunlag") (value "0.5")
L 06/15/2016 - 21:05:44: [basecommands.smx] "Console<0><Console><Console>" changed cvar (cvar "sv_unlag") (value "1")
L 06/15/2016 - 21:05:52: [randomcycle.smx] RandomCycle has chosen gg_dehydrated for the nextmap.
L 06/15/2016 - 21:09:50: [mapchooser_snd.smx] Voting for next map has started.
L 06/15/2016 - 21:16:56: [SM] Changed map to "gg_fe_texture_shotz"
L 06/15/2016 - 21:16:56: -------- Mapchange to workshop/149100115/gg_FE_texture_shotz --------
L 06/15/2016 - 21:16:56: [basecommands.smx] "Console<0><Console><Console>" changed cvar (cvar "sv_maxrate") (value "128000")
L 06/15/2016 - 21:16:56: [basecommands.smx] "Console<0><Console><Console>" changed cvar (cvar "sv_minrate") (value "128000")
L 06/15/2016 - 21:16:56: [basecommands.smx] "Console<0><Console><Console>" changed cvar (cvar "sv_maxcmdrate") (value "128")
L 06/15/2016 - 21:16:56: [basecommands.smx] "Console<0><Console><Console>" changed cvar (cvar "sv_mincmdrate") (value "128")
L 06/15/2016 - 21:16:56: [basecommands.smx] "Console<0><Console><Console>" changed cvar (cvar "sv_minupdaterate") (value "128")
L 06/15/2016 - 21:16:56: [basecommands.smx] "Console<0><Console><Console>" changed cvar (cvar "sv_maxupdaterate") (value "128")
L 06/15/2016 - 21:16:56: [basecommands.smx] "Console<0><Console><Console>" changed cvar (cvar "sv_maxunlag") (value "0.5")
L 06/15/2016 - 21:16:56: [basecommands.smx] "Console<0><Console><Console>" changed cvar (cvar "sv_unlag") (value "1")
L 06/15/2016 - 21:17:04: [randomcycle.smx] RandomCycle has chosen $2000$ for the nextmap.
L 06/15/2016 - 21:20:15: [mapchooser_snd.smx] Voting for next map has started.
L 06/15/2016 - 21:24:01: [SM] Changed map to "fy_frantic"
L 06/15/2016 - 21:24:02: -------- Mapchange to workshop/491751274/fy_frantic --------
L 06/15/2016 - 21:24:02: [basecommands.smx] "Console<0><Console><Console>" changed cvar (cvar "sv_maxrate") (value "128000")
L 06/15/2016 - 21:24:02: [basecommands.smx] "Console<0><Console><Console>" changed cvar (cvar "sv_minrate") (value "128000")
L 06/15/2016 - 21:24:02: [basecommands.smx] "Console<0><Console><Console>" changed cvar (cvar "sv_maxcmdrate") (value "128")
L 06/15/2016 - 21:24:02: [basecommands.smx] "Console<0><Console><Console>" changed cvar (cvar "sv_mincmdrate") (value "128")
L 06/15/2016 - 21:24:02: [basecommands.smx] "Console<0><Console><Console>" changed cvar (cvar "sv_minupdaterate") (value "128")
L 06/15/2016 - 21:24:02: [basecommands.smx] "Console<0><Console><Console>" changed cvar (cvar "sv_maxupdaterate") (value "128")
L 06/15/2016 - 21:24:02: [basecommands.smx] "Console<0><Console><Console>" changed cvar (cvar "sv_maxunlag") (value "0.5")
L 06/15/2016 - 21:24:02: [basecommands.smx] "Console<0><Console><Console>" changed cvar (cvar "sv_unlag") (value "1")
L 06/15/2016 - 21:24:10: [randomcycle.smx] RandomCycle has chosen gg_wolfenstein_3d for the nextmap.
L 06/15/2016 - 21:35:02: -------- Mapchange to workshop/491751274/fy_frantic --------
L 06/15/2016 - 21:35:02: [basecommands.smx] "Console<0><Console><Console>" changed cvar (cvar "sv_maxrate") (value "128000")
L 06/15/2016 - 21:35:02: [basecommands.smx] "Console<0><Console><Console>" changed cvar (cvar "sv_minrate") (value "128000")
L 06/15/2016 - 21:35:02: [basecommands.smx] "Console<0><Console><Console>" changed cvar (cvar "sv_maxcmdrate") (value "128")
L 06/15/2016 - 21:35:02: [basecommands.smx] "Console<0><Console><Console>" changed cvar (cvar "sv_mincmdrate") (value "128")
L 06/15/2016 - 21:35:02: [basecommands.smx] "Console<0><Console><Console>" changed cvar (cvar "sv_minupdaterate") (value "128")
L 06/15/2016 - 21:35:02: [basecommands.smx] "Console<0><Console><Console>" changed cvar (cvar "sv_maxupdaterate") (value "128")
L 06/15/2016 - 21:35:02: [basecommands.smx] "Console<0><Console><Console>" changed cvar (cvar "sv_maxunlag") (value "0.5")
L 06/15/2016 - 21:35:02: [basecommands.smx] "Console<0><Console><Console>" changed cvar (cvar "sv_unlag") (value "1")
L 06/15/2016 - 21:35:10: [randomcycle.smx] RandomCycle has chosen fy_dinoiceworld_t0 for the nextmap.
L 06/15/2016 - 21:47:47: -------- Mapchange to workshop/491751274/fy_frantic --------
L 06/15/2016 - 21:47:47: [basecommands.smx] "Console<0><Console><Console>" changed cvar (cvar "sv_maxrate") (value "128000")
L 06/15/2016 - 21:47:47: [basecommands.smx] "Console<0><Console><Console>" changed cvar (cvar "sv_minrate") (value "128000")
L 06/15/2016 - 21:47:47: [basecommands.smx] "Console<0><Console><Console>" changed cvar (cvar "sv_maxcmdrate") (value "128")
L 06/15/2016 - 21:47:47: [basecommands.smx] "Console<0><Console><Console>" changed cvar (cvar "sv_mincmdrate") (value "128")
L 06/15/2016 - 21:47:47: [basecommands.smx] "Console<0><Console><Console>" changed cvar (cvar "sv_minupdaterate") (value "128")
L 06/15/2016 - 21:47:47: [basecommands.smx] "Console<0><Console><Console>" changed cvar (cvar "sv_maxupdaterate") (value "128")
L 06/15/2016 - 21:47:47: [basecommands.smx] "Console<0><Console><Console>" changed cvar (cvar "sv_maxunlag") (value "0.5")
L 06/15/2016 - 21:47:47: [basecommands.smx] "Console<0><Console><Console>" changed cvar (cvar "sv_unlag") (value "1")
L 06/15/2016 - 21:47:55: [randomcycle.smx] RandomCycle has chosen gg_lego_spacetower for the nextmap.
L 06/15/2016 - 21:49:50: -------- Mapchange to workshop/491751274/fy_frantic --------
L 06/15/2016 - 21:49:50: [basecommands.smx] "Console<0><Console><Console>" changed cvar (cvar "sv_maxrate") (value "128000")
L 06/15/2016 - 21:49:50: [basecommands.smx] "Console<0><Console><Console>" changed cvar (cvar "sv_minrate") (value "128000")
L 06/15/2016 - 21:49:50: [basecommands.smx] "Console<0><Console><Console>" changed cvar (cvar "sv_maxcmdrate") (value "128")
L 06/15/2016 - 21:49:50: [basecommands.smx] "Console<0><Console><Console>" changed cvar (cvar "sv_mincmdrate") (value "128")
L 06/15/2016 - 21:49:50: [basecommands.smx] "Console<0><Console><Console>" changed cvar (cvar "sv_minupdaterate") (value "128")
L 06/15/2016 - 21:49:50: [basecommands.smx] "Console<0><Console><Console>" changed cvar (cvar "sv_maxupdaterate") (value "128")
L 06/15/2016 - 21:49:50: [basecommands.smx] "Console<0><Console><Console>" changed cvar (cvar "sv_maxunlag") (value "0.5")
L 06/15/2016 - 21:49:50: [basecommands.smx] "Console<0><Console><Console>" changed cvar (cvar "sv_unlag") (value "1")
L 06/15/2016 - 21:49:58: [randomcycle.smx] RandomCycle has chosen aim_asiimov for the nextmap.
L 06/15/2016 - 21:53:25: [mapchooser_snd.smx] Voting for next map has started.
L 06/15/2016 - 21:53:32: [mapchooser_snd.smx] Voting for next map has finished. Nextmap: mini_dust_pro.
L 06/15/2016 - 21:56:50: [SM] Changed map to "mini_dust_pro"
L 06/15/2016 - 21:56:51: -------- Mapchange to workshop/314193157/mini_dust_pro --------
L 06/15/2016 - 21:56:51: [basecommands.smx] "Console<0><Console><Console>" changed cvar (cvar "sv_maxrate") (value "128000")
L 06/15/2016 - 21:56:51: [basecommands.smx] "Console<0><Console><Console>" changed cvar (cvar "sv_minrate") (value "128000")
L 06/15/2016 - 21:56:51: [basecommands.smx] "Console<0><Console><Console>" changed cvar (cvar "sv_maxcmdrate") (value "128")
L 06/15/2016 - 21:56:51: [basecommands.smx] "Console<0><Console><Console>" changed cvar (cvar "sv_mincmdrate") (value "128")
L 06/15/2016 - 21:56:51: [basecommands.smx] "Console<0><Console><Console>" changed cvar (cvar "sv_minupdaterate") (value "128")
L 06/15/2016 - 21:56:51: [basecommands.smx] "Console<0><Console><Console>" changed cvar (cvar "sv_maxupdaterate") (value "128")
L 06/15/2016 - 21:56:51: [basecommands.smx] "Console<0><Console><Console>" changed cvar (cvar "sv_maxunlag") (value "0.5")
L 06/15/2016 - 21:56:51: [basecommands.smx] "Console<0><Console><Console>" changed cvar (cvar "sv_unlag") (value "1")
L 06/15/2016 - 21:56:59: [randomcycle.smx] RandomCycle has chosen awp_lego_3 for the nextmap.
L 06/15/2016 - 22:16:52: -------- Mapchange to workshop/314193157/mini_dust_pro --------
L 06/15/2016 - 22:16:52: [basecommands.smx] "Console<0><Console><Console>" changed cvar (cvar "sv_maxrate") (value "128000")
L 06/15/2016 - 22:16:52: [basecommands.smx] "Console<0><Console><Console>" changed cvar (cvar "sv_minrate") (value "128000")
L 06/15/2016 - 22:16:52: [basecommands.smx] "Console<0><Console><Console>" changed cvar (cvar "sv_maxcmdrate") (value "128")
L 06/15/2016 - 22:16:52: [basecommands.smx] "Console<0><Console><Console>" changed cvar (cvar "sv_mincmdrate") (value "128")
L 06/15/2016 - 22:16:52: [basecommands.smx] "Console<0><Console><Console>" changed cvar (cvar "sv_minupdaterate") (value "128")
L 06/15/2016 - 22:16:52: [basecommands.smx] "Console<0><Console><Console>" changed cvar (cvar "sv_maxupdaterate") (value "128")
L 06/15/2016 - 22:16:52: [basecommands.smx] "Console<0><Console><Console>" changed cvar (cvar "sv_maxunlag") (value "0.5")
L 06/15/2016 - 22:16:52: [basecommands.smx] "Console<0><Console><Console>" changed cvar (cvar "sv_unlag") (value "1")
L 06/15/2016 - 22:16:59: [randomcycle.smx] RandomCycle has chosen aim_deagle_jakke for the nextmap.
L 06/15/2016 - 22:22:36: SourceMod log file session started (file "L20160615.log") (Version "1.7.3-dev+5286")
L 06/15/2016 - 22:22:36: -------- Mapchange to de_dust --------
L 06/15/2016 - 22:22:36: [GEOIP] GeoIP database info: GEO-106FREE 20151201 Build 1 Copyright (c) 2015 MaxMind Inc All Rights Reserved
L 06/15/2016 - 22:22:36: [basecommands.smx] "Console<0><Console><Console>" changed cvar (cvar "sv_maxrate") (value "128000")
L 06/15/2016 - 22:22:36: [basecommands.smx] "Console<0><Console><Console>" changed cvar (cvar "sv_minrate") (value "128000")
L 06/15/2016 - 22:22:36: [basecommands.smx] "Console<0><Console><Console>" changed cvar (cvar "sv_maxcmdrate") (value "128")
L 06/15/2016 - 22:22:36: [basecommands.smx] "Console<0><Console><Console>" changed cvar (cvar "sv_mincmdrate") (value "128")
L 06/15/2016 - 22:22:36: [basecommands.smx] "Console<0><Console><Console>" changed cvar (cvar "sv_minupdaterate") (value "128")
L 06/15/2016 - 22:22:36: [basecommands.smx] "Console<0><Console><Console>" changed cvar (cvar "sv_maxupdaterate") (value "128")
L 06/15/2016 - 22:22:36: [basecommands.smx] "Console<0><Console><Console>" changed cvar (cvar "sv_maxunlag") (value "0.5")
L 06/15/2016 - 22:22:36: [basecommands.smx] "Console<0><Console><Console>" changed cvar (cvar "sv_unlag") (value "1")
L 06/15/2016 - 22:22:41: -------- Mapchange to workshop/125651388/fy_snow_t0 --------
L 06/15/2016 - 22:23:36: [basecommands.smx] "Console<0><Console><Console>" changed cvar (cvar "sv_maxrate") (value "128000")
L 06/15/2016 - 22:23:36: [basecommands.smx] "Console<0><Console><Console>" changed cvar (cvar "sv_minrate") (value "128000")
L 06/15/2016 - 22:23:36: [basecommands.smx] "Console<0><Console><Console>" changed cvar (cvar "sv_maxcmdrate") (value "128")
L 06/15/2016 - 22:23:36: [basecommands.smx] "Console<0><Console><Console>" changed cvar (cvar "sv_mincmdrate") (value "128")
L 06/15/2016 - 22:23:36: [basecommands.smx] "Console<0><Console><Console>" changed cvar (cvar "sv_minupdaterate") (value "128")
L 06/15/2016 - 22:23:36: [basecommands.smx] "Console<0><Console><Console>" changed cvar (cvar "sv_maxupdaterate") (value "128")
L 06/15/2016 - 22:23:36: [basecommands.smx] "Console<0><Console><Console>" changed cvar (cvar "sv_maxunlag") (value "0.5")
L 06/15/2016 - 22:23:36: [basecommands.smx] "Console<0><Console><Console>" changed cvar (cvar "sv_unlag") (value "1")
L 06/15/2016 - 22:24:30: -------- Mapchange to workshop/125651388/fy_snow_t0 --------
L 06/15/2016 - 22:24:31: [basecommands.smx] "Console<0><Console><Console>" changed cvar (cvar "sv_maxrate") (value "128000")
L 06/15/2016 - 22:24:31: [basecommands.smx] "Console<0><Console><Console>" changed cvar (cvar "sv_minrate") (value "128000")
L 06/15/2016 - 22:24:31: [basecommands.smx] "Console<0><Console><Console>" changed cvar (cvar "sv_maxcmdrate") (value "128")
L 06/15/2016 - 22:24:31: [basecommands.smx] "Console<0><Console><Console>" changed cvar (cvar "sv_mincmdrate") (value "128")
L 06/15/2016 - 22:24:31: [basecommands.smx] "Console<0><Console><Console>" changed cvar (cvar "sv_minupdaterate") (value "128")
L 06/15/2016 - 22:24:31: [basecommands.smx] "Console<0><Console><Console>" changed cvar (cvar "sv_maxupdaterate") (value "128")
L 06/15/2016 - 22:24:31: [basecommands.smx] "Console<0><Console><Console>" changed cvar (cvar "sv_maxunlag") (value "0.5")
L 06/15/2016 - 22:24:31: [basecommands.smx] "Console<0><Console><Console>" changed cvar (cvar "sv_unlag") (value "1")
L 06/15/2016 - 22:24:38: [randomcycle.smx] RandomCycle has chosen ar_underworld for the nextmap.
L 06/15/2016 - 22:32:52: [mapchooser_snd.smx] Voting for next map has started.
L 06/15/2016 - 22:33:05: [mapchooser_snd.smx] Voting for next map has finished. Nextmap: aim_deagle_jakke.
L 06/15/2016 - 22:54:03: [SM] Changed map to "aim_deagle_jakke"
L 06/15/2016 - 22:54:04: -------- Mapchange to workshop/400539860/aim_deagle_jakke --------
L 06/15/2016 - 22:54:04: [basecommands.smx] "Console<0><Console><Console>" changed cvar (cvar "sv_maxrate") (value "128000")
L 06/15/2016 - 22:54:04: [basecommands.smx] "Console<0><Console><Console>" changed cvar (cvar "sv_minrate") (value "128000")
L 06/15/2016 - 22:54:04: [basecommands.smx] "Console<0><Console><Console>" changed cvar (cvar "sv_maxcmdrate") (value "128")
L 06/15/2016 - 22:54:04: [basecommands.smx] "Console<0><Console><Console>" changed cvar (cvar "sv_mincmdrate") (value "128")
L 06/15/2016 - 22:54:04: [basecommands.smx] "Console<0><Console><Console>" changed cvar (cvar "sv_minupdaterate") (value "128")
L 06/15/2016 - 22:54:04: [basecommands.smx] "Console<0><Console><Console>" changed cvar (cvar "sv_maxupdaterate") (value "128")
L 06/15/2016 - 22:54:04: [basecommands.smx] "Console<0><Console><Console>" changed cvar (cvar "sv_maxunlag") (value "0.5")
L 06/15/2016 - 22:54:04: [basecommands.smx] "Console<0><Console><Console>" changed cvar (cvar "sv_unlag") (value "1")
L 06/15/2016 - 22:54:13: [randomcycle.smx] RandomCycle has chosen gg_dehydrated for the nextmap.
L 06/15/2016 - 23:02:51: [mapchooser_snd.smx] Voting for next map has started.
L 06/15/2016 - 23:03:11: [mapchooser_snd.smx] Voting for next map has finished. Nextmap: fy_switch.
L 06/15/2016 - 23:16:02: [SM] Changed map to "fy_switch"
L 06/15/2016 - 23:16:03: -------- Mapchange to workshop/160591343/fy_switch --------
L 06/15/2016 - 23:16:03: [basecommands.smx] "Console<0><Console><Console>" changed cvar (cvar "sv_maxrate") (value "128000")
L 06/15/2016 - 23:16:03: [basecommands.smx] "Console<0><Console><Console>" changed cvar (cvar "sv_minrate") (value "128000")
L 06/15/2016 - 23:16:03: [basecommands.smx] "Console<0><Console><Console>" changed cvar (cvar "sv_maxcmdrate") (value "128")
L 06/15/2016 - 23:16:03: [basecommands.smx] "Console<0><Console><Console>" changed cvar (cvar "sv_mincmdrate") (value "128")
L 06/15/2016 - 23:16:03: [basecommands.smx] "Console<0><Console><Console>" changed cvar (cvar "sv_minupdaterate") (value "128")
L 06/15/2016 - 23:16:03: [basecommands.smx] "Console<0><Console><Console>" changed cvar (cvar "sv_maxupdaterate") (value "128")
L 06/15/2016 - 23:16:03: [basecommands.smx] "Console<0><Console><Console>" changed cvar (cvar "sv_maxunlag") (value "0.5")
L 06/15/2016 - 23:16:03: [basecommands.smx] "Console<0><Console><Console>" changed cvar (cvar "sv_unlag") (value "1")
L 06/15/2016 - 23:16:12: [randomcycle.smx] RandomCycle has chosen ar_combat-arena for the nextmap.
L 06/15/2016 - 23:21:41: [mapchooser_snd.smx] Voting for next map has started.
L 06/15/2016 - 23:22:02: [mapchooser_snd.smx] Voting for next map has finished. Nextmap: ar_gg_dm_fy_clusterfaak.
L 06/15/2016 - 23:30:30: [SM] Changed map to "ar_gg_dm_fy_clusterfaak"
L 06/15/2016 - 23:30:30: -------- Mapchange to workshop/239943652/ar_gg_dm_fy_clusterfaak --------
L 06/15/2016 - 23:30:30: [basecommands.smx] "Console<0><Console><Console>" changed cvar (cvar "sv_maxrate") (value "128000")
L 06/15/2016 - 23:30:30: [basecommands.smx] "Console<0><Console><Console>" changed cvar (cvar "sv_minrate") (value "128000")
L 06/15/2016 - 23:30:30: [basecommands.smx] "Console<0><Console><Console>" changed cvar (cvar "sv_maxcmdrate") (value "128")
L 06/15/2016 - 23:30:30: [basecommands.smx] "Console<0><Console><Console>" changed cvar (cvar "sv_mincmdrate") (value "128")
L 06/15/2016 - 23:30:30: [basecommands.smx] "Console<0><Console><Console>" changed cvar (cvar "sv_minupdaterate") (value "128")
L 06/15/2016 - 23:30:30: [basecommands.smx] "Console<0><Console><Console>" changed cvar (cvar "sv_maxupdaterate") (value "128")
L 06/15/2016 - 23:30:30: [basecommands.smx] "Console<0><Console><Console>" changed cvar (cvar "sv_maxunlag") (value "0.5")
L 06/15/2016 - 23:30:30: [basecommands.smx] "Console<0><Console><Console>" changed cvar (cvar "sv_unlag") (value "1")
L 06/15/2016 - 23:30:39: [randomcycle.smx] RandomCycle has chosen aim_dust_2015 for the nextmap.
L 06/15/2016 - 23:34:33: [mapchooser_snd.smx] Voting for next map has started.
L 06/15/2016 - 23:34:54: [mapchooser_snd.smx] Voting for next map has finished. Nextmap: ar_poolstay.
L 06/15/2016 - 23:35:58: SourceMod log file session started (file "L20160615.log") (Version "1.7.3-dev+5286")
L 06/15/2016 - 23:35:58: -------- Mapchange to de_dust --------
L 06/15/2016 - 23:35:58: [GEOIP] GeoIP database info: GEO-106FREE 20151201 Build 1 Copyright (c) 2015 MaxMind Inc All Rights Reserved
L 06/15/2016 - 23:35:58: [basecommands.smx] "Console<0><Console><Console>" changed cvar (cvar "sv_maxrate") (value "128000")
L 06/15/2016 - 23:35:58: [basecommands.smx] "Console<0><Console><Console>" changed cvar (cvar "sv_minrate") (value "128000")
L 06/15/2016 - 23:35:58: [basecommands.smx] "Console<0><Console><Console>" changed cvar (cvar "sv_maxcmdrate") (value "128")
L 06/15/2016 - 23:35:58: [basecommands.smx] "Console<0><Console><Console>" changed cvar (cvar "sv_mincmdrate") (value "128")
L 06/15/2016 - 23:35:58: [basecommands.smx] "Console<0><Console><Console>" changed cvar (cvar "sv_minupdaterate") (value "128")
L 06/15/2016 - 23:35:58: [basecommands.smx] "Console<0><Console><Console>" changed cvar (cvar "sv_maxupdaterate") (value "128")
L 06/15/2016 - 23:35:58: [basecommands.smx] "Console<0><Console><Console>" changed cvar (cvar "sv_maxunlag") (value "0.5")
L 06/15/2016 - 23:35:58: [basecommands.smx] "Console<0><Console><Console>" changed cvar (cvar "sv_unlag") (value "1")
