L 06/16/2016 - 00:16:22: SourceMod log file session started (file "L20160616.log") (Version "1.7.3-dev+5286")
L 06/16/2016 - 00:16:22: -------- Mapchange to de_dust --------
L 06/16/2016 - 00:16:22: [GEOIP] GeoIP database info: GEO-106FREE 20151201 Build 1 Copyright (c) 2015 MaxMind Inc All Rights Reserved
L 06/16/2016 - 00:16:22: [basecommands.smx] "Console<0><Console><Console>" changed cvar (cvar "sv_maxrate") (value "128000")
L 06/16/2016 - 00:16:22: [basecommands.smx] "Console<0><Console><Console>" changed cvar (cvar "sv_minrate") (value "128000")
L 06/16/2016 - 00:16:22: [basecommands.smx] "Console<0><Console><Console>" changed cvar (cvar "sv_maxcmdrate") (value "128")
L 06/16/2016 - 00:16:22: [basecommands.smx] "Console<0><Console><Console>" changed cvar (cvar "sv_mincmdrate") (value "128")
L 06/16/2016 - 00:16:22: [basecommands.smx] "Console<0><Console><Console>" changed cvar (cvar "sv_minupdaterate") (value "128")
L 06/16/2016 - 00:16:22: [basecommands.smx] "Console<0><Console><Console>" changed cvar (cvar "sv_maxupdaterate") (value "128")
L 06/16/2016 - 00:16:22: [basecommands.smx] "Console<0><Console><Console>" changed cvar (cvar "sv_maxunlag") (value "0.5")
L 06/16/2016 - 00:16:22: [basecommands.smx] "Console<0><Console><Console>" changed cvar (cvar "sv_unlag") (value "1")
L 06/16/2016 - 00:16:36: -------- Mapchange to workshop/125651388/fy_snow_t0 --------
L 06/16/2016 - 00:17:22: [basecommands.smx] "Console<0><Console><Console>" changed cvar (cvar "sv_maxrate") (value "128000")
L 06/16/2016 - 00:17:22: [basecommands.smx] "Console<0><Console><Console>" changed cvar (cvar "sv_minrate") (value "128000")
L 06/16/2016 - 00:17:22: [basecommands.smx] "Console<0><Console><Console>" changed cvar (cvar "sv_maxcmdrate") (value "128")
L 06/16/2016 - 00:17:22: [basecommands.smx] "Console<0><Console><Console>" changed cvar (cvar "sv_mincmdrate") (value "128")
L 06/16/2016 - 00:17:22: [basecommands.smx] "Console<0><Console><Console>" changed cvar (cvar "sv_minupdaterate") (value "128")
L 06/16/2016 - 00:17:22: [basecommands.smx] "Console<0><Console><Console>" changed cvar (cvar "sv_maxupdaterate") (value "128")
L 06/16/2016 - 00:17:22: [basecommands.smx] "Console<0><Console><Console>" changed cvar (cvar "sv_maxunlag") (value "0.5")
L 06/16/2016 - 00:17:22: [basecommands.smx] "Console<0><Console><Console>" changed cvar (cvar "sv_unlag") (value "1")
L 06/16/2016 - 00:17:59: SourceMod log file session started (file "L20160616.log") (Version "1.7.3-dev+5286")
L 06/16/2016 - 00:17:59: -------- Mapchange to de_dust --------
L 06/16/2016 - 00:17:59: [GEOIP] GeoIP database info: GEO-106FREE 20151201 Build 1 Copyright (c) 2015 MaxMind Inc All Rights Reserved
L 06/16/2016 - 00:17:59: [basecommands.smx] "Console<0><Console><Console>" changed cvar (cvar "sv_maxrate") (value "128000")
L 06/16/2016 - 00:17:59: [basecommands.smx] "Console<0><Console><Console>" changed cvar (cvar "sv_minrate") (value "128000")
L 06/16/2016 - 00:17:59: [basecommands.smx] "Console<0><Console><Console>" changed cvar (cvar "sv_maxcmdrate") (value "128")
L 06/16/2016 - 00:17:59: [basecommands.smx] "Console<0><Console><Console>" changed cvar (cvar "sv_mincmdrate") (value "128")
L 06/16/2016 - 00:17:59: [basecommands.smx] "Console<0><Console><Console>" changed cvar (cvar "sv_minupdaterate") (value "128")
L 06/16/2016 - 00:17:59: [basecommands.smx] "Console<0><Console><Console>" changed cvar (cvar "sv_maxupdaterate") (value "128")
L 06/16/2016 - 00:17:59: [basecommands.smx] "Console<0><Console><Console>" changed cvar (cvar "sv_maxunlag") (value "0.5")
L 06/16/2016 - 00:17:59: [basecommands.smx] "Console<0><Console><Console>" changed cvar (cvar "sv_unlag") (value "1")
L 06/16/2016 - 00:18:10: -------- Mapchange to workshop/125651388/fy_snow_t0 --------
L 06/16/2016 - 00:18:59: [basecommands.smx] "Console<0><Console><Console>" changed cvar (cvar "sv_maxrate") (value "128000")
L 06/16/2016 - 00:18:59: [basecommands.smx] "Console<0><Console><Console>" changed cvar (cvar "sv_minrate") (value "128000")
L 06/16/2016 - 00:18:59: [basecommands.smx] "Console<0><Console><Console>" changed cvar (cvar "sv_maxcmdrate") (value "128")
L 06/16/2016 - 00:18:59: [basecommands.smx] "Console<0><Console><Console>" changed cvar (cvar "sv_mincmdrate") (value "128")
L 06/16/2016 - 00:18:59: [basecommands.smx] "Console<0><Console><Console>" changed cvar (cvar "sv_minupdaterate") (value "128")
L 06/16/2016 - 00:18:59: [basecommands.smx] "Console<0><Console><Console>" changed cvar (cvar "sv_maxupdaterate") (value "128")
L 06/16/2016 - 00:18:59: [basecommands.smx] "Console<0><Console><Console>" changed cvar (cvar "sv_maxunlag") (value "0.5")
L 06/16/2016 - 00:18:59: [basecommands.smx] "Console<0><Console><Console>" changed cvar (cvar "sv_unlag") (value "1")
L 06/16/2016 - 00:20:36: SourceMod log file session started (file "L20160616.log") (Version "1.7.3-dev+5286")
L 06/16/2016 - 00:20:36: -------- Mapchange to de_dust --------
L 06/16/2016 - 00:20:36: [GEOIP] GeoIP database info: GEO-106FREE 20151201 Build 1 Copyright (c) 2015 MaxMind Inc All Rights Reserved
L 06/16/2016 - 00:20:36: [basecommands.smx] "Console<0><Console><Console>" changed cvar (cvar "sv_maxrate") (value "128000")
L 06/16/2016 - 00:20:36: [basecommands.smx] "Console<0><Console><Console>" changed cvar (cvar "sv_minrate") (value "128000")
L 06/16/2016 - 00:20:36: [basecommands.smx] "Console<0><Console><Console>" changed cvar (cvar "sv_maxcmdrate") (value "128")
L 06/16/2016 - 00:20:36: [basecommands.smx] "Console<0><Console><Console>" changed cvar (cvar "sv_mincmdrate") (value "128")
L 06/16/2016 - 00:20:36: [basecommands.smx] "Console<0><Console><Console>" changed cvar (cvar "sv_minupdaterate") (value "128")
L 06/16/2016 - 00:20:36: [basecommands.smx] "Console<0><Console><Console>" changed cvar (cvar "sv_maxupdaterate") (value "128")
L 06/16/2016 - 00:20:36: [basecommands.smx] "Console<0><Console><Console>" changed cvar (cvar "sv_maxunlag") (value "0.5")
L 06/16/2016 - 00:20:36: [basecommands.smx] "Console<0><Console><Console>" changed cvar (cvar "sv_unlag") (value "1")
L 06/16/2016 - 00:20:50: -------- Mapchange to workshop/125651388/fy_snow_t0 --------
L 06/16/2016 - 00:21:36: [basecommands.smx] "Console<0><Console><Console>" changed cvar (cvar "sv_maxrate") (value "128000")
L 06/16/2016 - 00:21:36: [basecommands.smx] "Console<0><Console><Console>" changed cvar (cvar "sv_minrate") (value "128000")
L 06/16/2016 - 00:21:36: [basecommands.smx] "Console<0><Console><Console>" changed cvar (cvar "sv_maxcmdrate") (value "128")
L 06/16/2016 - 00:21:36: [basecommands.smx] "Console<0><Console><Console>" changed cvar (cvar "sv_mincmdrate") (value "128")
L 06/16/2016 - 00:21:36: [basecommands.smx] "Console<0><Console><Console>" changed cvar (cvar "sv_minupdaterate") (value "128")
L 06/16/2016 - 00:21:36: [basecommands.smx] "Console<0><Console><Console>" changed cvar (cvar "sv_maxupdaterate") (value "128")
L 06/16/2016 - 00:21:36: [basecommands.smx] "Console<0><Console><Console>" changed cvar (cvar "sv_maxunlag") (value "0.5")
L 06/16/2016 - 00:21:36: [basecommands.smx] "Console<0><Console><Console>" changed cvar (cvar "sv_unlag") (value "1")
L 06/16/2016 - 00:22:00: -------- Mapchange to workshop/125651388/fy_snow_t0 --------
L 06/16/2016 - 00:22:00: [basecommands.smx] "Console<0><Console><Console>" changed cvar (cvar "sv_maxrate") (value "128000")
L 06/16/2016 - 00:22:00: [basecommands.smx] "Console<0><Console><Console>" changed cvar (cvar "sv_minrate") (value "128000")
L 06/16/2016 - 00:22:00: [basecommands.smx] "Console<0><Console><Console>" changed cvar (cvar "sv_maxcmdrate") (value "128")
L 06/16/2016 - 00:22:00: [basecommands.smx] "Console<0><Console><Console>" changed cvar (cvar "sv_mincmdrate") (value "128")
L 06/16/2016 - 00:22:00: [basecommands.smx] "Console<0><Console><Console>" changed cvar (cvar "sv_minupdaterate") (value "128")
L 06/16/2016 - 00:22:00: [basecommands.smx] "Console<0><Console><Console>" changed cvar (cvar "sv_maxupdaterate") (value "128")
L 06/16/2016 - 00:22:00: [basecommands.smx] "Console<0><Console><Console>" changed cvar (cvar "sv_maxunlag") (value "0.5")
L 06/16/2016 - 00:22:00: [basecommands.smx] "Console<0><Console><Console>" changed cvar (cvar "sv_unlag") (value "1")
L 06/16/2016 - 00:22:07: [randomcycle.smx] RandomCycle has chosen de_train for the nextmap.
L 06/16/2016 - 00:25:53: [mapchooser_snd.smx] Voting for next map has started.
L 06/16/2016 - 00:26:13: [mapchooser_snd.smx] Voting for next map has finished. Nextmap: de_aztec.
L 06/16/2016 - 00:35:54: [basecommands.smx] "ajoFF' -zG-<23><STEAM_1:0:26361891><>" changed map to "2_room"
L 06/16/2016 - 00:35:57: [SM] Changed map to "2_room"
L 06/16/2016 - 00:35:58: -------- Mapchange to workshop/449416365/2_rooms_w --------
L 06/16/2016 - 00:35:58: [basecommands.smx] "Console<0><Console><Console>" changed cvar (cvar "sv_maxrate") (value "128000")
L 06/16/2016 - 00:35:58: [basecommands.smx] "Console<0><Console><Console>" changed cvar (cvar "sv_minrate") (value "128000")
L 06/16/2016 - 00:35:58: [basecommands.smx] "Console<0><Console><Console>" changed cvar (cvar "sv_maxcmdrate") (value "128")
L 06/16/2016 - 00:35:58: [basecommands.smx] "Console<0><Console><Console>" changed cvar (cvar "sv_mincmdrate") (value "128")
L 06/16/2016 - 00:35:58: [basecommands.smx] "Console<0><Console><Console>" changed cvar (cvar "sv_minupdaterate") (value "128")
L 06/16/2016 - 00:35:58: [basecommands.smx] "Console<0><Console><Console>" changed cvar (cvar "sv_maxupdaterate") (value "128")
L 06/16/2016 - 00:35:58: [basecommands.smx] "Console<0><Console><Console>" changed cvar (cvar "sv_maxunlag") (value "0.5")
L 06/16/2016 - 00:35:58: [basecommands.smx] "Console<0><Console><Console>" changed cvar (cvar "sv_unlag") (value "1")
L 06/16/2016 - 00:36:05: [randomcycle.smx] RandomCycle has chosen de_inferno for the nextmap.
L 06/16/2016 - 00:39:23: [mapchooser_snd.smx] Voting for next map has started.
L 06/16/2016 - 00:39:44: [mapchooser_snd.smx] Voting for next map has finished. Nextmap: de_inferno.
L 06/16/2016 - 00:43:08: [basecommands.smx] "ajoFF' -zG-<41><STEAM_1:0:26361891><>" changed map to "mini_dust_pro"
L 06/16/2016 - 00:43:11: [SM] Changed map to "mini_dust_pro"
L 06/16/2016 - 00:43:14: [SM] Changed map to "de_inferno"
L 06/16/2016 - 00:43:24: -------- Mapchange to workshop/314193157/mini_dust_pro --------
L 06/16/2016 - 00:43:31: [randomcycle.smx] RandomCycle has chosen de_aztec for the nextmap.
L 06/16/2016 - 00:48:00: [mapchooser_snd.smx] Voting for next map has started.
L 06/16/2016 - 00:48:09: [mapchooser_snd.smx] Voting for next map has finished. Nextmap: de_train.
L 06/16/2016 - 00:52:37: [SM] Changed map to "de_train"
L 06/16/2016 - 00:52:38: -------- Mapchange to de_train --------
L 06/16/2016 - 00:52:38: [basecommands.smx] "Console<0><Console><Console>" changed cvar (cvar "sv_maxrate") (value "128000")
L 06/16/2016 - 00:52:38: [basecommands.smx] "Console<0><Console><Console>" changed cvar (cvar "sv_minrate") (value "128000")
L 06/16/2016 - 00:52:38: [basecommands.smx] "Console<0><Console><Console>" changed cvar (cvar "sv_maxcmdrate") (value "128")
L 06/16/2016 - 00:52:38: [basecommands.smx] "Console<0><Console><Console>" changed cvar (cvar "sv_mincmdrate") (value "128")
L 06/16/2016 - 00:52:38: [basecommands.smx] "Console<0><Console><Console>" changed cvar (cvar "sv_minupdaterate") (value "128")
L 06/16/2016 - 00:52:38: [basecommands.smx] "Console<0><Console><Console>" changed cvar (cvar "sv_maxupdaterate") (value "128")
L 06/16/2016 - 00:52:38: [basecommands.smx] "Console<0><Console><Console>" changed cvar (cvar "sv_maxunlag") (value "0.5")
L 06/16/2016 - 00:52:38: [basecommands.smx] "Console<0><Console><Console>" changed cvar (cvar "sv_unlag") (value "1")
L 06/16/2016 - 00:52:46: [randomcycle.smx] RandomCycle has chosen cs_italy for the nextmap.
L 06/16/2016 - 00:54:14: [basecommands.smx] "ajoFF' -zG-<41><STEAM_1:0:26361891><>" changed map to "fy_snow"
L 06/16/2016 - 00:54:16: [SM] Changed map to "fy_snow"
L 06/16/2016 - 00:54:17: -------- Mapchange to workshop/147320044/fy_snow_x_t0 --------
L 06/16/2016 - 00:54:17: [basecommands.smx] "Console<0><Console><Console>" changed cvar (cvar "sv_maxrate") (value "128000")
L 06/16/2016 - 00:54:17: [basecommands.smx] "Console<0><Console><Console>" changed cvar (cvar "sv_minrate") (value "128000")
L 06/16/2016 - 00:54:17: [basecommands.smx] "Console<0><Console><Console>" changed cvar (cvar "sv_maxcmdrate") (value "128")
L 06/16/2016 - 00:54:17: [basecommands.smx] "Console<0><Console><Console>" changed cvar (cvar "sv_mincmdrate") (value "128")
L 06/16/2016 - 00:54:17: [basecommands.smx] "Console<0><Console><Console>" changed cvar (cvar "sv_minupdaterate") (value "128")
L 06/16/2016 - 00:54:17: [basecommands.smx] "Console<0><Console><Console>" changed cvar (cvar "sv_maxupdaterate") (value "128")
L 06/16/2016 - 00:54:17: [basecommands.smx] "Console<0><Console><Console>" changed cvar (cvar "sv_maxunlag") (value "0.5")
L 06/16/2016 - 00:54:17: [basecommands.smx] "Console<0><Console><Console>" changed cvar (cvar "sv_unlag") (value "1")
L 06/16/2016 - 00:54:24: [randomcycle.smx] RandomCycle has chosen cs_office for the nextmap.
L 06/16/2016 - 00:54:40: [basecommands.smx] "ajoFF' -zG-<41><STEAM_1:0:26361891><>" changed map to "3rooms"
L 06/16/2016 - 00:54:43: [SM] Changed map to "3rooms"
L 06/16/2016 - 00:54:44: -------- Mapchange to workshop/175314656/ar_3rooms --------
L 06/16/2016 - 00:55:17: [basecommands.smx] "Console<0><Console><Console>" changed cvar (cvar "sv_maxrate") (value "128000")
L 06/16/2016 - 00:55:17: [basecommands.smx] "Console<0><Console><Console>" changed cvar (cvar "sv_minrate") (value "128000")
L 06/16/2016 - 00:55:17: [basecommands.smx] "Console<0><Console><Console>" changed cvar (cvar "sv_maxcmdrate") (value "128")
L 06/16/2016 - 00:55:17: [basecommands.smx] "Console<0><Console><Console>" changed cvar (cvar "sv_mincmdrate") (value "128")
L 06/16/2016 - 00:55:17: [basecommands.smx] "Console<0><Console><Console>" changed cvar (cvar "sv_minupdaterate") (value "128")
L 06/16/2016 - 00:55:17: [basecommands.smx] "Console<0><Console><Console>" changed cvar (cvar "sv_maxupdaterate") (value "128")
L 06/16/2016 - 00:55:17: [basecommands.smx] "Console<0><Console><Console>" changed cvar (cvar "sv_maxunlag") (value "0.5")
L 06/16/2016 - 00:55:17: [basecommands.smx] "Console<0><Console><Console>" changed cvar (cvar "sv_unlag") (value "1")
L 06/16/2016 - 00:55:24: [randomcycle.smx] RandomCycle has chosen de_nuke for the nextmap.
L 06/16/2016 - 00:58:40: [mapchooser_snd.smx] Voting for next map has started.
L 06/16/2016 - 00:59:00: [mapchooser_snd.smx] Voting for next map has finished. Nextmap: de_inferno.
L 06/16/2016 - 01:03:05: [rockthevote.smx] RTV changing map manually
L 06/16/2016 - 01:03:05: [SM] Changed map to "de_inferno"
L 06/16/2016 - 01:03:06: -------- Mapchange to de_inferno --------
L 06/16/2016 - 01:03:06: [basecommands.smx] "Console<0><Console><Console>" changed cvar (cvar "sv_maxrate") (value "128000")
L 06/16/2016 - 01:03:06: [basecommands.smx] "Console<0><Console><Console>" changed cvar (cvar "sv_minrate") (value "128000")
L 06/16/2016 - 01:03:06: [basecommands.smx] "Console<0><Console><Console>" changed cvar (cvar "sv_maxcmdrate") (value "128")
L 06/16/2016 - 01:03:06: [basecommands.smx] "Console<0><Console><Console>" changed cvar (cvar "sv_mincmdrate") (value "128")
L 06/16/2016 - 01:03:06: [basecommands.smx] "Console<0><Console><Console>" changed cvar (cvar "sv_minupdaterate") (value "128")
L 06/16/2016 - 01:03:06: [basecommands.smx] "Console<0><Console><Console>" changed cvar (cvar "sv_maxupdaterate") (value "128")
L 06/16/2016 - 01:03:06: [basecommands.smx] "Console<0><Console><Console>" changed cvar (cvar "sv_maxunlag") (value "0.5")
L 06/16/2016 - 01:03:06: [basecommands.smx] "Console<0><Console><Console>" changed cvar (cvar "sv_unlag") (value "1")
L 06/16/2016 - 01:03:13: [randomcycle.smx] RandomCycle has chosen de_dust2 for the nextmap.
L 06/16/2016 - 01:19:55: [mapchooser_snd.smx] Voting for next map has started.
L 06/16/2016 - 01:20:08: [mapchooser_snd.smx] Voting for next map has finished. Nextmap: de_aztec.
L 06/16/2016 - 01:24:10: [SM] Changed map to "de_aztec"
L 06/16/2016 - 01:24:10: -------- Mapchange to de_aztec --------
L 06/16/2016 - 01:24:10: [basecommands.smx] "Console<0><Console><Console>" changed cvar (cvar "sv_maxrate") (value "128000")
L 06/16/2016 - 01:24:10: [basecommands.smx] "Console<0><Console><Console>" changed cvar (cvar "sv_minrate") (value "128000")
L 06/16/2016 - 01:24:10: [basecommands.smx] "Console<0><Console><Console>" changed cvar (cvar "sv_maxcmdrate") (value "128")
L 06/16/2016 - 01:24:10: [basecommands.smx] "Console<0><Console><Console>" changed cvar (cvar "sv_mincmdrate") (value "128")
L 06/16/2016 - 01:24:10: [basecommands.smx] "Console<0><Console><Console>" changed cvar (cvar "sv_minupdaterate") (value "128")
L 06/16/2016 - 01:24:10: [basecommands.smx] "Console<0><Console><Console>" changed cvar (cvar "sv_maxupdaterate") (value "128")
L 06/16/2016 - 01:24:10: [basecommands.smx] "Console<0><Console><Console>" changed cvar (cvar "sv_maxunlag") (value "0.5")
L 06/16/2016 - 01:24:10: [basecommands.smx] "Console<0><Console><Console>" changed cvar (cvar "sv_unlag") (value "1")
L 06/16/2016 - 01:24:17: [randomcycle.smx] RandomCycle has chosen de_dust for the nextmap.
L 06/16/2016 - 01:47:32: -------- Mapchange to workshop/449416365/2_rooms_w --------
L 06/16/2016 - 01:47:32: [basecommands.smx] "Console<0><Console><Console>" changed cvar (cvar "sv_maxrate") (value "128000")
L 06/16/2016 - 01:47:32: [basecommands.smx] "Console<0><Console><Console>" changed cvar (cvar "sv_minrate") (value "128000")
L 06/16/2016 - 01:47:32: [basecommands.smx] "Console<0><Console><Console>" changed cvar (cvar "sv_maxcmdrate") (value "128")
L 06/16/2016 - 01:47:32: [basecommands.smx] "Console<0><Console><Console>" changed cvar (cvar "sv_mincmdrate") (value "128")
L 06/16/2016 - 01:47:32: [basecommands.smx] "Console<0><Console><Console>" changed cvar (cvar "sv_minupdaterate") (value "128")
L 06/16/2016 - 01:47:32: [basecommands.smx] "Console<0><Console><Console>" changed cvar (cvar "sv_maxupdaterate") (value "128")
L 06/16/2016 - 01:47:32: [basecommands.smx] "Console<0><Console><Console>" changed cvar (cvar "sv_maxunlag") (value "0.5")
L 06/16/2016 - 01:47:32: [basecommands.smx] "Console<0><Console><Console>" changed cvar (cvar "sv_unlag") (value "1")
L 06/16/2016 - 01:49:14: -------- Mapchange to workshop/449416365/2_rooms_w --------
L 06/16/2016 - 01:49:14: [basecommands.smx] "Console<0><Console><Console>" changed cvar (cvar "sv_maxrate") (value "128000")
L 06/16/2016 - 01:49:14: [basecommands.smx] "Console<0><Console><Console>" changed cvar (cvar "sv_minrate") (value "128000")
L 06/16/2016 - 01:49:14: [basecommands.smx] "Console<0><Console><Console>" changed cvar (cvar "sv_maxcmdrate") (value "128")
L 06/16/2016 - 01:49:14: [basecommands.smx] "Console<0><Console><Console>" changed cvar (cvar "sv_mincmdrate") (value "128")
L 06/16/2016 - 01:49:14: [basecommands.smx] "Console<0><Console><Console>" changed cvar (cvar "sv_minupdaterate") (value "128")
L 06/16/2016 - 01:49:14: [basecommands.smx] "Console<0><Console><Console>" changed cvar (cvar "sv_maxupdaterate") (value "128")
L 06/16/2016 - 01:49:14: [basecommands.smx] "Console<0><Console><Console>" changed cvar (cvar "sv_maxunlag") (value "0.5")
L 06/16/2016 - 01:49:14: [basecommands.smx] "Console<0><Console><Console>" changed cvar (cvar "sv_unlag") (value "1")
L 06/16/2016 - 01:49:21: [randomcycle.smx] RandomCycle has chosen aim_proper for the nextmap.
L 06/16/2016 - 01:52:40: [mapchooser_snd.smx] Voting for next map has started.
L 06/16/2016 - 01:52:45: [mapchooser_snd.smx] Voting for next map has finished. Nextmap: 3rooms.
L 06/16/2016 - 02:04:56: [SM] Changed map to "3rooms"
L 06/16/2016 - 02:05:16: -------- Mapchange to workshop/175314656/ar_3rooms --------
L 06/16/2016 - 02:05:16: [basecommands.smx] "Console<0><Console><Console>" changed cvar (cvar "sv_maxrate") (value "128000")
L 06/16/2016 - 02:05:16: [basecommands.smx] "Console<0><Console><Console>" changed cvar (cvar "sv_minrate") (value "128000")
L 06/16/2016 - 02:05:16: [basecommands.smx] "Console<0><Console><Console>" changed cvar (cvar "sv_maxcmdrate") (value "128")
L 06/16/2016 - 02:05:16: [basecommands.smx] "Console<0><Console><Console>" changed cvar (cvar "sv_mincmdrate") (value "128")
L 06/16/2016 - 02:05:16: [basecommands.smx] "Console<0><Console><Console>" changed cvar (cvar "sv_minupdaterate") (value "128")
L 06/16/2016 - 02:05:16: [basecommands.smx] "Console<0><Console><Console>" changed cvar (cvar "sv_maxupdaterate") (value "128")
L 06/16/2016 - 02:05:16: [basecommands.smx] "Console<0><Console><Console>" changed cvar (cvar "sv_maxunlag") (value "0.5")
L 06/16/2016 - 02:05:16: [basecommands.smx] "Console<0><Console><Console>" changed cvar (cvar "sv_unlag") (value "1")
L 06/16/2016 - 02:07:51: -------- Mapchange to workshop/175314656/ar_3rooms --------
L 06/16/2016 - 02:07:51: [basecommands.smx] "Console<0><Console><Console>" changed cvar (cvar "sv_maxrate") (value "128000")
L 06/16/2016 - 02:07:51: [basecommands.smx] "Console<0><Console><Console>" changed cvar (cvar "sv_minrate") (value "128000")
L 06/16/2016 - 02:07:51: [basecommands.smx] "Console<0><Console><Console>" changed cvar (cvar "sv_maxcmdrate") (value "128")
L 06/16/2016 - 02:07:51: [basecommands.smx] "Console<0><Console><Console>" changed cvar (cvar "sv_mincmdrate") (value "128")
L 06/16/2016 - 02:07:51: [basecommands.smx] "Console<0><Console><Console>" changed cvar (cvar "sv_minupdaterate") (value "128")
L 06/16/2016 - 02:07:51: [basecommands.smx] "Console<0><Console><Console>" changed cvar (cvar "sv_maxupdaterate") (value "128")
L 06/16/2016 - 02:07:51: [basecommands.smx] "Console<0><Console><Console>" changed cvar (cvar "sv_maxunlag") (value "0.5")
L 06/16/2016 - 02:07:51: [basecommands.smx] "Console<0><Console><Console>" changed cvar (cvar "sv_unlag") (value "1")
L 06/16/2016 - 02:07:58: [randomcycle.smx] RandomCycle has chosen 3rooms for the nextmap.
L 06/16/2016 - 02:15:36: -------- Mapchange to workshop/449416365/2_rooms_w --------
L 06/16/2016 - 02:15:36: [basecommands.smx] "Console<0><Console><Console>" changed cvar (cvar "sv_maxrate") (value "128000")
L 06/16/2016 - 02:15:36: [basecommands.smx] "Console<0><Console><Console>" changed cvar (cvar "sv_minrate") (value "128000")
L 06/16/2016 - 02:15:36: [basecommands.smx] "Console<0><Console><Console>" changed cvar (cvar "sv_maxcmdrate") (value "128")
L 06/16/2016 - 02:15:36: [basecommands.smx] "Console<0><Console><Console>" changed cvar (cvar "sv_mincmdrate") (value "128")
L 06/16/2016 - 02:15:36: [basecommands.smx] "Console<0><Console><Console>" changed cvar (cvar "sv_minupdaterate") (value "128")
L 06/16/2016 - 02:15:36: [basecommands.smx] "Console<0><Console><Console>" changed cvar (cvar "sv_maxupdaterate") (value "128")
L 06/16/2016 - 02:15:36: [basecommands.smx] "Console<0><Console><Console>" changed cvar (cvar "sv_maxunlag") (value "0.5")
L 06/16/2016 - 02:15:36: [basecommands.smx] "Console<0><Console><Console>" changed cvar (cvar "sv_unlag") (value "1")
L 06/16/2016 - 03:58:17: -------- Mapchange to workshop/449416365/2_rooms_w --------
L 06/16/2016 - 03:58:17: [basecommands.smx] "Console<0><Console><Console>" changed cvar (cvar "sv_maxrate") (value "128000")
L 06/16/2016 - 03:58:17: [basecommands.smx] "Console<0><Console><Console>" changed cvar (cvar "sv_minrate") (value "128000")
L 06/16/2016 - 03:58:17: [basecommands.smx] "Console<0><Console><Console>" changed cvar (cvar "sv_maxcmdrate") (value "128")
L 06/16/2016 - 03:58:17: [basecommands.smx] "Console<0><Console><Console>" changed cvar (cvar "sv_mincmdrate") (value "128")
L 06/16/2016 - 03:58:17: [basecommands.smx] "Console<0><Console><Console>" changed cvar (cvar "sv_minupdaterate") (value "128")
L 06/16/2016 - 03:58:17: [basecommands.smx] "Console<0><Console><Console>" changed cvar (cvar "sv_maxupdaterate") (value "128")
L 06/16/2016 - 03:58:17: [basecommands.smx] "Console<0><Console><Console>" changed cvar (cvar "sv_maxunlag") (value "0.5")
L 06/16/2016 - 03:58:17: [basecommands.smx] "Console<0><Console><Console>" changed cvar (cvar "sv_unlag") (value "1")
L 06/16/2016 - 03:58:23: [randomcycle.smx] RandomCycle has chosen 2_rooms_w for the nextmap.
L 06/16/2016 - 03:58:24: [randomcycle.smx] RandomCycle has chosen gg_bloodstroke_dtk for the nextmap.
L 06/16/2016 - 04:22:17: -------- Mapchange to workshop/449416365/2_rooms_w --------
L 06/16/2016 - 04:22:17: [basecommands.smx] "Console<0><Console><Console>" changed cvar (cvar "sv_maxrate") (value "128000")
L 06/16/2016 - 04:22:17: [basecommands.smx] "Console<0><Console><Console>" changed cvar (cvar "sv_minrate") (value "128000")
L 06/16/2016 - 04:22:17: [basecommands.smx] "Console<0><Console><Console>" changed cvar (cvar "sv_maxcmdrate") (value "128")
L 06/16/2016 - 04:22:17: [basecommands.smx] "Console<0><Console><Console>" changed cvar (cvar "sv_mincmdrate") (value "128")
L 06/16/2016 - 04:22:17: [basecommands.smx] "Console<0><Console><Console>" changed cvar (cvar "sv_minupdaterate") (value "128")
L 06/16/2016 - 04:22:17: [basecommands.smx] "Console<0><Console><Console>" changed cvar (cvar "sv_maxupdaterate") (value "128")
L 06/16/2016 - 04:22:17: [basecommands.smx] "Console<0><Console><Console>" changed cvar (cvar "sv_maxunlag") (value "0.5")
L 06/16/2016 - 04:22:17: [basecommands.smx] "Console<0><Console><Console>" changed cvar (cvar "sv_unlag") (value "1")
L 06/16/2016 - 04:22:24: [randomcycle.smx] RandomCycle has chosen gg_lego_spacetower for the nextmap.
L 06/16/2016 - 04:29:08: [mapchooser_snd.smx] Voting for next map has started.
L 06/16/2016 - 04:35:42: [SM] Changed map to "ar_shotty"
L 06/16/2016 - 04:35:42: -------- Mapchange to workshop/177636963/ar_shotty --------
L 06/16/2016 - 04:35:42: [basecommands.smx] "Console<0><Console><Console>" changed cvar (cvar "sv_maxrate") (value "128000")
L 06/16/2016 - 04:35:42: [basecommands.smx] "Console<0><Console><Console>" changed cvar (cvar "sv_minrate") (value "128000")
L 06/16/2016 - 04:35:42: [basecommands.smx] "Console<0><Console><Console>" changed cvar (cvar "sv_maxcmdrate") (value "128")
L 06/16/2016 - 04:35:42: [basecommands.smx] "Console<0><Console><Console>" changed cvar (cvar "sv_mincmdrate") (value "128")
L 06/16/2016 - 04:35:42: [basecommands.smx] "Console<0><Console><Console>" changed cvar (cvar "sv_minupdaterate") (value "128")
L 06/16/2016 - 04:35:42: [basecommands.smx] "Console<0><Console><Console>" changed cvar (cvar "sv_maxupdaterate") (value "128")
L 06/16/2016 - 04:35:42: [basecommands.smx] "Console<0><Console><Console>" changed cvar (cvar "sv_maxunlag") (value "0.5")
L 06/16/2016 - 04:35:42: [basecommands.smx] "Console<0><Console><Console>" changed cvar (cvar "sv_unlag") (value "1")
L 06/16/2016 - 04:35:49: [randomcycle.smx] RandomCycle has chosen mini_dust_pro for the nextmap.
L 06/16/2016 - 05:24:13: -------- Mapchange to workshop/177636963/ar_shotty --------
L 06/16/2016 - 05:24:13: [basecommands.smx] "Console<0><Console><Console>" changed cvar (cvar "sv_maxrate") (value "128000")
L 06/16/2016 - 05:24:13: [basecommands.smx] "Console<0><Console><Console>" changed cvar (cvar "sv_minrate") (value "128000")
L 06/16/2016 - 05:24:13: [basecommands.smx] "Console<0><Console><Console>" changed cvar (cvar "sv_maxcmdrate") (value "128")
L 06/16/2016 - 05:24:13: [basecommands.smx] "Console<0><Console><Console>" changed cvar (cvar "sv_mincmdrate") (value "128")
L 06/16/2016 - 05:24:13: [basecommands.smx] "Console<0><Console><Console>" changed cvar (cvar "sv_minupdaterate") (value "128")
L 06/16/2016 - 05:24:13: [basecommands.smx] "Console<0><Console><Console>" changed cvar (cvar "sv_maxupdaterate") (value "128")
L 06/16/2016 - 05:24:13: [basecommands.smx] "Console<0><Console><Console>" changed cvar (cvar "sv_maxunlag") (value "0.5")
L 06/16/2016 - 05:24:13: [basecommands.smx] "Console<0><Console><Console>" changed cvar (cvar "sv_unlag") (value "1")
L 06/16/2016 - 05:24:20: [randomcycle.smx] RandomCycle has chosen ar_storage for the nextmap.
L 06/16/2016 - 10:27:30: -------- Mapchange to workshop/177636963/ar_shotty --------
L 06/16/2016 - 10:27:30: [basecommands.smx] "Console<0><Console><Console>" changed cvar (cvar "sv_maxrate") (value "128000")
L 06/16/2016 - 10:27:30: [basecommands.smx] "Console<0><Console><Console>" changed cvar (cvar "sv_minrate") (value "128000")
L 06/16/2016 - 10:27:30: [basecommands.smx] "Console<0><Console><Console>" changed cvar (cvar "sv_maxcmdrate") (value "128")
L 06/16/2016 - 10:27:30: [basecommands.smx] "Console<0><Console><Console>" changed cvar (cvar "sv_mincmdrate") (value "128")
L 06/16/2016 - 10:27:30: [basecommands.smx] "Console<0><Console><Console>" changed cvar (cvar "sv_minupdaterate") (value "128")
L 06/16/2016 - 10:27:30: [basecommands.smx] "Console<0><Console><Console>" changed cvar (cvar "sv_maxupdaterate") (value "128")
L 06/16/2016 - 10:27:30: [basecommands.smx] "Console<0><Console><Console>" changed cvar (cvar "sv_maxunlag") (value "0.5")
L 06/16/2016 - 10:27:30: [basecommands.smx] "Console<0><Console><Console>" changed cvar (cvar "sv_unlag") (value "1")
L 06/16/2016 - 10:27:38: [randomcycle.smx] RandomCycle has chosen aim_deagle7k for the nextmap.
L 06/16/2016 - 10:34:29: [mapchooser_snd.smx] Voting for next map has started.
L 06/16/2016 - 10:50:40: [SM] Changed map to "ar_met_avengers"
L 06/16/2016 - 10:50:42: -------- Mapchange to workshop/259232628/ar_met_avengers --------
L 06/16/2016 - 10:50:42: [basecommands.smx] "Console<0><Console><Console>" changed cvar (cvar "sv_maxrate") (value "128000")
L 06/16/2016 - 10:50:42: [basecommands.smx] "Console<0><Console><Console>" changed cvar (cvar "sv_minrate") (value "128000")
L 06/16/2016 - 10:50:42: [basecommands.smx] "Console<0><Console><Console>" changed cvar (cvar "sv_maxcmdrate") (value "128")
L 06/16/2016 - 10:50:42: [basecommands.smx] "Console<0><Console><Console>" changed cvar (cvar "sv_mincmdrate") (value "128")
L 06/16/2016 - 10:50:42: [basecommands.smx] "Console<0><Console><Console>" changed cvar (cvar "sv_minupdaterate") (value "128")
L 06/16/2016 - 10:50:42: [basecommands.smx] "Console<0><Console><Console>" changed cvar (cvar "sv_maxupdaterate") (value "128")
L 06/16/2016 - 10:50:42: [basecommands.smx] "Console<0><Console><Console>" changed cvar (cvar "sv_maxunlag") (value "0.5")
L 06/16/2016 - 10:50:42: [basecommands.smx] "Console<0><Console><Console>" changed cvar (cvar "sv_unlag") (value "1")
L 06/16/2016 - 11:05:21: -------- Mapchange to workshop/259232628/ar_met_avengers --------
L 06/16/2016 - 11:05:21: [basecommands.smx] "Console<0><Console><Console>" changed cvar (cvar "sv_maxrate") (value "128000")
L 06/16/2016 - 11:05:21: [basecommands.smx] "Console<0><Console><Console>" changed cvar (cvar "sv_minrate") (value "128000")
L 06/16/2016 - 11:05:21: [basecommands.smx] "Console<0><Console><Console>" changed cvar (cvar "sv_maxcmdrate") (value "128")
L 06/16/2016 - 11:05:21: [basecommands.smx] "Console<0><Console><Console>" changed cvar (cvar "sv_mincmdrate") (value "128")
L 06/16/2016 - 11:05:21: [basecommands.smx] "Console<0><Console><Console>" changed cvar (cvar "sv_minupdaterate") (value "128")
L 06/16/2016 - 11:05:21: [basecommands.smx] "Console<0><Console><Console>" changed cvar (cvar "sv_maxupdaterate") (value "128")
L 06/16/2016 - 11:05:21: [basecommands.smx] "Console<0><Console><Console>" changed cvar (cvar "sv_maxunlag") (value "0.5")
L 06/16/2016 - 11:05:21: [basecommands.smx] "Console<0><Console><Console>" changed cvar (cvar "sv_unlag") (value "1")
L 06/16/2016 - 11:05:28: [randomcycle.smx] RandomCycle has chosen ar_arena for the nextmap.
L 06/16/2016 - 11:15:09: -------- Mapchange to workshop/259232628/ar_met_avengers --------
L 06/16/2016 - 11:15:09: [basecommands.smx] "Console<0><Console><Console>" changed cvar (cvar "sv_maxrate") (value "128000")
L 06/16/2016 - 11:15:09: [basecommands.smx] "Console<0><Console><Console>" changed cvar (cvar "sv_minrate") (value "128000")
L 06/16/2016 - 11:15:09: [basecommands.smx] "Console<0><Console><Console>" changed cvar (cvar "sv_maxcmdrate") (value "128")
L 06/16/2016 - 11:15:09: [basecommands.smx] "Console<0><Console><Console>" changed cvar (cvar "sv_mincmdrate") (value "128")
L 06/16/2016 - 11:15:09: [basecommands.smx] "Console<0><Console><Console>" changed cvar (cvar "sv_minupdaterate") (value "128")
L 06/16/2016 - 11:15:09: [basecommands.smx] "Console<0><Console><Console>" changed cvar (cvar "sv_maxupdaterate") (value "128")
L 06/16/2016 - 11:15:09: [basecommands.smx] "Console<0><Console><Console>" changed cvar (cvar "sv_maxunlag") (value "0.5")
L 06/16/2016 - 11:15:09: [basecommands.smx] "Console<0><Console><Console>" changed cvar (cvar "sv_unlag") (value "1")
L 06/16/2016 - 11:15:17: [randomcycle.smx] RandomCycle has chosen ar_warehouse for the nextmap.
L 06/16/2016 - 11:46:48: -------- Mapchange to workshop/259232628/ar_met_avengers --------
L 06/16/2016 - 11:46:49: [basecommands.smx] "Console<0><Console><Console>" changed cvar (cvar "sv_maxrate") (value "128000")
L 06/16/2016 - 11:46:49: [basecommands.smx] "Console<0><Console><Console>" changed cvar (cvar "sv_minrate") (value "128000")
L 06/16/2016 - 11:46:49: [basecommands.smx] "Console<0><Console><Console>" changed cvar (cvar "sv_maxcmdrate") (value "128")
L 06/16/2016 - 11:46:49: [basecommands.smx] "Console<0><Console><Console>" changed cvar (cvar "sv_mincmdrate") (value "128")
L 06/16/2016 - 11:46:49: [basecommands.smx] "Console<0><Console><Console>" changed cvar (cvar "sv_minupdaterate") (value "128")
L 06/16/2016 - 11:46:49: [basecommands.smx] "Console<0><Console><Console>" changed cvar (cvar "sv_maxupdaterate") (value "128")
L 06/16/2016 - 11:46:49: [basecommands.smx] "Console<0><Console><Console>" changed cvar (cvar "sv_maxunlag") (value "0.5")
L 06/16/2016 - 11:46:49: [basecommands.smx] "Console<0><Console><Console>" changed cvar (cvar "sv_unlag") (value "1")
L 06/16/2016 - 11:46:56: [randomcycle.smx] RandomCycle has chosen ar_dusty_shelter for the nextmap.
L 06/16/2016 - 11:57:37: [mapchooser_snd.smx] Voting for next map has started.
L 06/16/2016 - 11:57:42: [mapchooser_snd.smx] Voting for next map has finished. Nextmap: gg_bloodstroke_dtk.
L 06/16/2016 - 12:50:52: [SM] Changed map to "gg_bloodstroke_dtk"
L 06/16/2016 - 12:50:53: -------- Mapchange to workshop/338637068/gg_bloodstroke_dtk --------
L 06/16/2016 - 12:50:53: [basecommands.smx] "Console<0><Console><Console>" changed cvar (cvar "sv_maxrate") (value "128000")
L 06/16/2016 - 12:50:53: [basecommands.smx] "Console<0><Console><Console>" changed cvar (cvar "sv_minrate") (value "128000")
L 06/16/2016 - 12:50:53: [basecommands.smx] "Console<0><Console><Console>" changed cvar (cvar "sv_maxcmdrate") (value "128")
L 06/16/2016 - 12:50:53: [basecommands.smx] "Console<0><Console><Console>" changed cvar (cvar "sv_mincmdrate") (value "128")
L 06/16/2016 - 12:50:53: [basecommands.smx] "Console<0><Console><Console>" changed cvar (cvar "sv_minupdaterate") (value "128")
L 06/16/2016 - 12:50:53: [basecommands.smx] "Console<0><Console><Console>" changed cvar (cvar "sv_maxupdaterate") (value "128")
L 06/16/2016 - 12:50:53: [basecommands.smx] "Console<0><Console><Console>" changed cvar (cvar "sv_maxunlag") (value "0.5")
L 06/16/2016 - 12:50:53: [basecommands.smx] "Console<0><Console><Console>" changed cvar (cvar "sv_unlag") (value "1")
L 06/16/2016 - 12:51:00: [randomcycle.smx] RandomCycle has chosen $2000$ for the nextmap.
L 06/16/2016 - 12:57:01: [mapchooser_snd.smx] Voting for next map has started.
L 06/16/2016 - 13:45:49: -------- Mapchange to workshop/338637068/gg_bloodstroke_dtk --------
L 06/16/2016 - 13:45:49: [basecommands.smx] "Console<0><Console><Console>" changed cvar (cvar "sv_maxrate") (value "128000")
L 06/16/2016 - 13:45:49: [basecommands.smx] "Console<0><Console><Console>" changed cvar (cvar "sv_minrate") (value "128000")
L 06/16/2016 - 13:45:49: [basecommands.smx] "Console<0><Console><Console>" changed cvar (cvar "sv_maxcmdrate") (value "128")
L 06/16/2016 - 13:45:49: [basecommands.smx] "Console<0><Console><Console>" changed cvar (cvar "sv_mincmdrate") (value "128")
L 06/16/2016 - 13:45:49: [basecommands.smx] "Console<0><Console><Console>" changed cvar (cvar "sv_minupdaterate") (value "128")
L 06/16/2016 - 13:45:49: [basecommands.smx] "Console<0><Console><Console>" changed cvar (cvar "sv_maxupdaterate") (value "128")
L 06/16/2016 - 13:45:49: [basecommands.smx] "Console<0><Console><Console>" changed cvar (cvar "sv_maxunlag") (value "0.5")
L 06/16/2016 - 13:45:49: [basecommands.smx] "Console<0><Console><Console>" changed cvar (cvar "sv_unlag") (value "1")
L 06/16/2016 - 13:45:57: [randomcycle.smx] RandomCycle has chosen 3rooms for the nextmap.
L 06/16/2016 - 13:52:09: [mapchooser_snd.smx] Voting for next map has started.
L 06/16/2016 - 13:52:14: [mapchooser_snd.smx] Voting for next map has finished. Nextmap: gg_sex_fixed.
L 06/16/2016 - 13:57:22: [SM] Changed map to "gg_sex_fixed"
L 06/16/2016 - 13:57:23: -------- Mapchange to workshop/206792994/gg_sex_fixed --------
L 06/16/2016 - 13:57:23: [basecommands.smx] "Console<0><Console><Console>" changed cvar (cvar "sv_maxrate") (value "128000")
L 06/16/2016 - 13:57:23: [basecommands.smx] "Console<0><Console><Console>" changed cvar (cvar "sv_minrate") (value "128000")
L 06/16/2016 - 13:57:23: [basecommands.smx] "Console<0><Console><Console>" changed cvar (cvar "sv_maxcmdrate") (value "128")
L 06/16/2016 - 13:57:23: [basecommands.smx] "Console<0><Console><Console>" changed cvar (cvar "sv_mincmdrate") (value "128")
L 06/16/2016 - 13:57:23: [basecommands.smx] "Console<0><Console><Console>" changed cvar (cvar "sv_minupdaterate") (value "128")
L 06/16/2016 - 13:57:23: [basecommands.smx] "Console<0><Console><Console>" changed cvar (cvar "sv_maxupdaterate") (value "128")
L 06/16/2016 - 13:57:23: [basecommands.smx] "Console<0><Console><Console>" changed cvar (cvar "sv_maxunlag") (value "0.5")
L 06/16/2016 - 13:57:23: [basecommands.smx] "Console<0><Console><Console>" changed cvar (cvar "sv_unlag") (value "1")
L 06/16/2016 - 13:57:30: [randomcycle.smx] RandomCycle has chosen ar_met_avengers for the nextmap.
L 06/16/2016 - 14:02:47: [mapchooser_snd.smx] Voting for next map has started.
L 06/16/2016 - 14:02:58: [mapchooser_snd.smx] Voting for next map has finished. Nextmap: fy_snow_t0.
L 06/16/2016 - 14:15:07: [SM] Changed map to "fy_snow_t0"
L 06/16/2016 - 14:15:08: -------- Mapchange to workshop/125651388/fy_snow_t0 --------
L 06/16/2016 - 14:15:08: [basecommands.smx] "Console<0><Console><Console>" changed cvar (cvar "sv_maxrate") (value "128000")
L 06/16/2016 - 14:15:08: [basecommands.smx] "Console<0><Console><Console>" changed cvar (cvar "sv_minrate") (value "128000")
L 06/16/2016 - 14:15:08: [basecommands.smx] "Console<0><Console><Console>" changed cvar (cvar "sv_maxcmdrate") (value "128")
L 06/16/2016 - 14:15:08: [basecommands.smx] "Console<0><Console><Console>" changed cvar (cvar "sv_mincmdrate") (value "128")
L 06/16/2016 - 14:15:08: [basecommands.smx] "Console<0><Console><Console>" changed cvar (cvar "sv_minupdaterate") (value "128")
L 06/16/2016 - 14:15:08: [basecommands.smx] "Console<0><Console><Console>" changed cvar (cvar "sv_maxupdaterate") (value "128")
L 06/16/2016 - 14:15:08: [basecommands.smx] "Console<0><Console><Console>" changed cvar (cvar "sv_maxunlag") (value "0.5")
L 06/16/2016 - 14:15:08: [basecommands.smx] "Console<0><Console><Console>" changed cvar (cvar "sv_unlag") (value "1")
L 06/16/2016 - 14:15:14: [randomcycle.smx] RandomCycle has chosen ar_storage for the nextmap.
L 06/16/2016 - 14:21:05: [mapchooser_snd.smx] Voting for next map has started.
L 06/16/2016 - 14:21:07: [mapchooser_snd.smx] Voting for next map has finished. Nextmap: gg_mini_dust_go.
L 06/16/2016 - 14:28:09: [SM] Changed map to "gg_mini_dust_go"
L 06/16/2016 - 14:28:09: -------- Mapchange to workshop/143652850/gg_mini_dust_go --------
L 06/16/2016 - 14:28:09: [basecommands.smx] "Console<0><Console><Console>" changed cvar (cvar "sv_maxrate") (value "128000")
L 06/16/2016 - 14:28:09: [basecommands.smx] "Console<0><Console><Console>" changed cvar (cvar "sv_minrate") (value "128000")
L 06/16/2016 - 14:28:09: [basecommands.smx] "Console<0><Console><Console>" changed cvar (cvar "sv_maxcmdrate") (value "128")
L 06/16/2016 - 14:28:09: [basecommands.smx] "Console<0><Console><Console>" changed cvar (cvar "sv_mincmdrate") (value "128")
L 06/16/2016 - 14:28:09: [basecommands.smx] "Console<0><Console><Console>" changed cvar (cvar "sv_minupdaterate") (value "128")
L 06/16/2016 - 14:28:09: [basecommands.smx] "Console<0><Console><Console>" changed cvar (cvar "sv_maxupdaterate") (value "128")
L 06/16/2016 - 14:28:09: [basecommands.smx] "Console<0><Console><Console>" changed cvar (cvar "sv_maxunlag") (value "0.5")
L 06/16/2016 - 14:28:09: [basecommands.smx] "Console<0><Console><Console>" changed cvar (cvar "sv_unlag") (value "1")
L 06/16/2016 - 14:28:16: [randomcycle.smx] RandomCycle has chosen gg_sex_fixed for the nextmap.
L 06/16/2016 - 14:40:23: [mapchooser_snd.smx] Voting for next map has started.
L 06/16/2016 - 14:40:39: [mapchooser_snd.smx] Voting for next map has finished. Nextmap: ar_shotty.
