02.09.2012 15:09:43,80 
SourcePawn Compiler 1.5.0-dev
Copyright (c) 1997-2006, ITB CompuPhase, (C)2004-2008 AlliedModders, LLC

Header size:           2968 bytes
Code size:             3460 bytes
Data size:             1568 bytes
Stack/heap size:      16384 bytes; Total requirements:   24380 bytes
SourcePawn Compiler 1.5.0-dev
Copyright (c) 1997-2006, ITB CompuPhase, (C)2004-2008 AlliedModders, LLC

Header size:           2600 bytes
Code size:             3144 bytes
Data size:             1208 bytes
Stack/heap size:      16384 bytes; Total requirements:   23336 bytes
SourcePawn Compiler 1.5.0-dev
Copyright (c) 1997-2006, ITB CompuPhase, (C)2004-2008 AlliedModders, LLC

Header size:           3096 bytes
Code size:             9884 bytes
Data size:            10412 bytes
Stack/heap size:      16384 bytes; Total requirements:   39776 bytes
SourcePawn Compiler 1.5.0-dev
Copyright (c) 1997-2006, ITB CompuPhase, (C)2004-2008 AlliedModders, LLC

Header size:           2992 bytes
Code size:             3752 bytes
Data size:             1796 bytes
Stack/heap size:      16384 bytes; Total requirements:   24924 bytes
SourcePawn Compiler 1.5.0-dev
Copyright (c) 1997-2006, ITB CompuPhase, (C)2004-2008 AlliedModders, LLC

Header size:           2548 bytes
Code size:             1220 bytes
Data size:              640 bytes
Stack/heap size:      16384 bytes; Total requirements:   20792 bytes
SourcePawn Compiler 1.5.0-dev
Copyright (c) 1997-2006, ITB CompuPhase, (C)2004-2008 AlliedModders, LLC

Header size:           2556 bytes
Code size:             1932 bytes
Data size:              784 bytes
Stack/heap size:      16384 bytes; Total requirements:   21656 bytes
SourcePawn Compiler 1.5.0-dev
Copyright (c) 1997-2006, ITB CompuPhase, (C)2004-2008 AlliedModders, LLC

Header size:           3180 bytes
Code size:             5552 bytes
Data size:             1712 bytes
Stack/heap size:      16384 bytes; Total requirements:   26828 bytes
