01.12.2013 19:24:49,15 
SourcePawn Compiler 1.5.0-dev+3890
Copyright (c) 1997-2006, ITB CompuPhase, (C)2004-2008 AlliedModders, LLC

Header size:           9416 bytes
Code size:           115344 bytes
Data size:            30352 bytes
Stack/heap size:      16384 bytes; Total requirements:  171496 bytes
SourcePawn Compiler 1.5.0-dev+3890
Copyright (c) 1997-2006, ITB CompuPhase, (C)2004-2008 AlliedModders, LLC

Header size:           9252 bytes
Code size:           115200 bytes
Data size:            30284 bytes
Stack/heap size:      16384 bytes; Total requirements:  171120 bytes
SourcePawn Compiler 1.5.0-dev+3890
Copyright (c) 1997-2006, ITB CompuPhase, (C)2004-2008 AlliedModders, LLC

Header size:           3368 bytes
Code size:             9372 bytes
Data size:             3976 bytes
Stack/heap size:      16384 bytes; Total requirements:   33100 bytes
SourcePawn Compiler 1.5.0-dev+3890
Copyright (c) 1997-2006, ITB CompuPhase, (C)2004-2008 AlliedModders, LLC

Header size:           2712 bytes
Code size:             5640 bytes
Data size:             2548 bytes
Stack/heap size:      16384 bytes; Total requirements:   27284 bytes
SourcePawn Compiler 1.5.0-dev+3890
Copyright (c) 1997-2006, ITB CompuPhase, (C)2004-2008 AlliedModders, LLC

Header size:           2656 bytes
Code size:             5036 bytes
Data size:             6708 bytes
Stack/heap size:      16384 bytes; Total requirements:   30784 bytes
SourcePawn Compiler 1.5.0-dev+3890
Copyright (c) 1997-2006, ITB CompuPhase, (C)2004-2008 AlliedModders, LLC

Header size:           2128 bytes
Code size:             3108 bytes
Data size:             1624 bytes
Stack/heap size:      16384 bytes; Total requirements:   23244 bytes
SourcePawn Compiler 1.5.0-dev+3890
Copyright (c) 1997-2006, ITB CompuPhase, (C)2004-2008 AlliedModders, LLC

Header size:           2020 bytes
Code size:             1896 bytes
Data size:             1508 bytes
Stack/heap size:      16384 bytes; Total requirements:   21808 bytes
SourcePawn Compiler 1.5.0-dev+3890
Copyright (c) 1997-2006, ITB CompuPhase, (C)2004-2008 AlliedModders, LLC

Header size:           4952 bytes
Code size:            28780 bytes
Data size:             8964 bytes
Stack/heap size:      16384 bytes; Total requirements:   59080 bytes
SourcePawn Compiler 1.5.0-dev+3890
Copyright (c) 1997-2006, ITB CompuPhase, (C)2004-2008 AlliedModders, LLC

Header size:           2736 bytes
Code size:             9104 bytes
Data size:             2540 bytes
Stack/heap size:      16384 bytes; Total requirements:   30764 bytes
SourcePawn Compiler 1.5.0-dev+3890
Copyright (c) 1997-2006, ITB CompuPhase, (C)2004-2008 AlliedModders, LLC

Header size:           2744 bytes
Code size:             8380 bytes
Data size:             2688 bytes
Stack/heap size:      16384 bytes; Total requirements:   30196 bytes
SourcePawn Compiler 1.5.0-dev+3890
Copyright (c) 1997-2006, ITB CompuPhase, (C)2004-2008 AlliedModders, LLC

Header size:           2020 bytes
Code size:             1896 bytes
Data size:             1528 bytes
Stack/heap size:      16384 bytes; Total requirements:   21828 bytes
SourcePawn Compiler 1.5.0-dev+3890
Copyright (c) 1997-2006, ITB CompuPhase, (C)2004-2008 AlliedModders, LLC

Header size:           3060 bytes
Code size:             5064 bytes
Data size:             1852 bytes
Stack/heap size:      16384 bytes; Total requirements:   26360 bytes
